<?xml version="1.0" encoding="UTF-8"?>
<robot generator="Robot 7.4 (Python 3.12.12 on linux)" generated="2025-12-17T19:35:45.690002" rpa="false" schemaversion="5">
<suite id="s1" name="AppiumRobot" source="/home/runner/work/AppiumRobot/AppiumRobot">
<suite id="s1-s1" name="Tests" source="/home/runner/work/AppiumRobot/AppiumRobot/tests">
<kw name="Send App To Browserstack" owner="customKeywords" type="SETUP">
<if>
<branch type="IF" condition="'${EMULATOR}' == 'browserstack'">
<kw name="Upload Application to Browserstack" owner="BrowserstackLibrary">
<arg>app_name=ted.apk</arg>
<arg>app_path=/home/runner/work/AppiumRobot/AppiumRobot/resources/utils${/}..${/}app${/}app.apk</arg>
<arg>custom_id=TED_OUVINTE_123</arg>
<doc>Uploads an app to Browserstack, either through the PATH or app URL.</doc>
<status status="PASS" start="2025-12-17T19:35:45.974548" elapsed="1.143207"/>
</kw>
<status status="PASS" start="2025-12-17T19:35:45.973968" elapsed="1.143922"/>
</branch>
<status status="PASS" start="2025-12-17T19:35:45.973938" elapsed="1.144009"/>
</if>
<status status="PASS" start="2025-12-17T19:35:45.973730" elapsed="1.144304"/>
</kw>
<suite id="s1-s1-s1" name="Acessar-App" source="/home/runner/work/AppiumRobot/AppiumRobot/tests/Acessar-App.robot">
<test id="s1-s1-s1-t1" name="Cenário: Acessar TED sem Login" line="5">
<kw name="Open TED App" owner="openApp" type="SETUP">
<if>
<branch type="IF" condition="'${EMULATOR}' == 'local'">
<kw name="Open Application" owner="AppiumLibrary">
<arg>remote_url=http://localhost:4723</arg>
<arg>automationName=UIAutomator2</arg>
<arg>platformName=${PLATFORM_NAME}</arg>
<arg>deviceName=Google Pixel 7 Pro</arg>
<arg>app=/home/runner/work/AppiumRobot/AppiumRobot/resources/utils${/}..${/}app${/}app.apk</arg>
<arg>disableIdLocatorAutocompletion=${True}</arg>
<doc>Opens a new application to the given Appium server.
Capabilities of appium server, Android and iOS,
Please check https://appium.io/docs/en/2.19/guides/caps/
| *Option*            | *Man.* | *Description*     |
| remote_url          | Yes    | Appium server url |
| alias               | No     | alias             |</doc>
<status status="NOT RUN" start="2025-12-17T19:35:47.145880" elapsed="0.000025"/>
</kw>
<status status="NOT RUN" start="2025-12-17T19:35:47.145643" elapsed="0.000319"/>
</branch>
<branch type="ELSE IF" condition="'${EMULATOR}' == 'browserstack'">
<kw name="Open Application In Browserstack" owner="BrowserstackLibrary">
<msg time="2025-12-17T19:36:37.325148" level="INFO">/opt/hostedtoolcache/Python/3.12.12/x64/lib/python3.12/site-packages/appium/webdriver/appium_connection.py:65: UserWarning: Embedding username and password in URL could be insecure, use ClientConfig instead
  return {**super().get_remote_connection_headers(parsed_url, keep_alive=keep_alive), **cls.extra_headers}</msg>
<arg>automationName=UIAutomator2</arg>
<arg>platformName=${PLATFORM_NAME}</arg>
<arg>deviceName=Google Pixel 7 Pro</arg>
<arg>project=TED_ROBOTCOURSES</arg>
<arg>build=TED_%{GH_ACTIONS_RUNNER=LOCAL}</arg>
<arg>name=${TEST_NAME}</arg>
<arg>bstack:options=${BROWSERSTACK_OPTIONS}</arg>
<arg>disableIdLocatorAutocompletion=${True}</arg>
<arg>browserstack.idleTimeout=60</arg>
<arg>interactiveDebugging=${True}</arg>
<doc>This keyword will open the application in Browserstack, sending the desired 
capabilities that have been configured.</doc>
<status status="PASS" start="2025-12-17T19:35:47.146148" elapsed="50.179103"/>
</kw>
<status status="PASS" start="2025-12-17T19:35:47.145987" elapsed="50.179351"/>
</branch>
<status status="PASS" start="2025-12-17T19:35:47.145617" elapsed="50.179766"/>
</if>
<status status="PASS" start="2025-12-17T19:35:47.145374" elapsed="50.180096"/>
</kw>
<kw name="Click in Lets Go" owner="welcomePage">
<kw name="Wait Visible And Click Element" owner="customKeywords">
<kw name="Wait Until Element Is Visible" owner="AppiumLibrary">
<msg time="2025-12-17T19:36:39.781153" level="INFO">criteria is Next
criteria is Next</msg>
<msg time="2025-12-17T19:36:39.781240" level="INFO">/opt/hostedtoolcache/Python/3.12.12/x64/lib/python3.12/site-packages/appium/webdriver/appium_connection.py:65: UserWarning: Embedding username and password in URL could be insecure, use ClientConfig instead
  return {**super().get_remote_connection_headers(parsed_url, keep_alive=keep_alive), **cls.extra_headers}
/opt/hostedtoolcache/Python/3.12.12/x64/lib/python3.12/site-packages/appium/webdriver/appium_connection.py:65: UserWarning: Embedding username and password in URL could be insecure, use ClientConfig instead
  return {**super().get_remote_connection_headers(parsed_url, keep_alive=keep_alive), **cls.extra_headers}
/opt/hostedtoolcache/Python/3.12.12/x64/lib/python3.12/site-packages/appium/webdriver/appium_connection.py:65: UserWarning: Embedding username and password in URL could be insecure, use ClientConfig instead
  return {**super().get_remote_connection_headers(parsed_url, keep_alive=keep_alive), **cls.extra_headers}</msg>
<arg>${locator}</arg>
<doc>Waits until the element specified by the ``locator`` is visible.</doc>
<status status="PASS" start="2025-12-17T19:36:37.326627" elapsed="2.454707"/>
</kw>
<kw name="Click Element" owner="AppiumLibrary">
<msg time="2025-12-17T19:36:39.783057" level="INFO">Clicking element 'Next'.</msg>
<msg time="2025-12-17T19:36:40.673944" level="INFO">criteria is Next</msg>
<msg time="2025-12-17T19:36:40.674014" level="INFO">/opt/hostedtoolcache/Python/3.12.12/x64/lib/python3.12/site-packages/appium/webdriver/appium_connection.py:65: UserWarning: Embedding username and password in URL could be insecure, use ClientConfig instead
  return {**super().get_remote_connection_headers(parsed_url, keep_alive=keep_alive), **cls.extra_headers}
/opt/hostedtoolcache/Python/3.12.12/x64/lib/python3.12/site-packages/appium/webdriver/appium_connection.py:65: UserWarning: Embedding username and password in URL could be insecure, use ClientConfig instead
  return {**super().get_remote_connection_headers(parsed_url, keep_alive=keep_alive), **cls.extra_headers}</msg>
<arg>${locator}</arg>
<doc>Clicks the element identified by ``locator``.</doc>
<status status="PASS" start="2025-12-17T19:36:39.781589" elapsed="0.892497"/>
</kw>
<arg>${welcome.nextButton}</arg>
<status status="PASS" start="2025-12-17T19:36:37.326087" elapsed="3.348102"/>
</kw>
<kw name="Wait Visible And Click Element" owner="customKeywords">
<kw name="Wait Until Element Is Visible" owner="AppiumLibrary">
<msg time="2025-12-17T19:36:42.000364" level="INFO">criteria is Next</msg>
<msg time="2025-12-17T19:36:42.000449" level="INFO">/opt/hostedtoolcache/Python/3.12.12/x64/lib/python3.12/site-packages/appium/webdriver/appium_connection.py:65: UserWarning: Embedding username and password in URL could be insecure, use ClientConfig instead
  return {**super().get_remote_connection_headers(parsed_url, keep_alive=keep_alive), **cls.extra_headers}
/opt/hostedtoolcache/Python/3.12.12/x64/lib/python3.12/site-packages/appium/webdriver/appium_connection.py:65: UserWarning: Embedding username and password in URL could be insecure, use ClientConfig instead
  return {**super().get_remote_connection_headers(parsed_url, keep_alive=keep_alive), **cls.extra_headers}</msg>
<arg>${locator}</arg>
<doc>Waits until the element specified by the ``locator`` is visible.</doc>
<status status="PASS" start="2025-12-17T19:36:40.675286" elapsed="1.325241"/>
</kw>
<kw name="Click Element" owner="AppiumLibrary">
<msg time="2025-12-17T19:36:42.001833" level="INFO">Clicking element 'Next'.</msg>
<msg time="2025-12-17T19:36:42.317282" level="INFO">criteria is Next</msg>
<msg time="2025-12-17T19:36:42.317364" level="INFO">/opt/hostedtoolcache/Python/3.12.12/x64/lib/python3.12/site-packages/appium/webdriver/appium_connection.py:65: UserWarning: Embedding username and password in URL could be insecure, use ClientConfig instead
  return {**super().get_remote_connection_headers(parsed_url, keep_alive=keep_alive), **cls.extra_headers}
/opt/hostedtoolcache/Python/3.12.12/x64/lib/python3.12/site-packages/appium/webdriver/appium_connection.py:65: UserWarning: Embedding username and password in URL could be insecure, use ClientConfig instead
  return {**super().get_remote_connection_headers(parsed_url, keep_alive=keep_alive), **cls.extra_headers}</msg>
<arg>${locator}</arg>
<doc>Clicks the element identified by ``locator``.</doc>
<status status="PASS" start="2025-12-17T19:36:42.000758" elapsed="0.316751"/>
</kw>
<arg>${welcome.nextButton}</arg>
<status status="PASS" start="2025-12-17T19:36:40.674463" elapsed="1.643196"/>
</kw>
<status status="PASS" start="2025-12-17T19:36:37.325779" elapsed="4.991962"/>
</kw>
<kw name="Select Interests" owner="interestPage">
<kw name="Wait Visible And Click Element" owner="customKeywords">
<kw name="Wait Until Element Is Visible" owner="AppiumLibrary">
<msg time="2025-12-17T19:36:42.762363" level="INFO">xpath criteria: //android.widget.TextView[@resource-id="Typography" and @text="Technology"]</msg>
<msg time="2025-12-17T19:36:42.762444" level="INFO">/opt/hostedtoolcache/Python/3.12.12/x64/lib/python3.12/site-packages/appium/webdriver/appium_connection.py:65: UserWarning: Embedding username and password in URL could be insecure, use ClientConfig instead
  return {**super().get_remote_connection_headers(parsed_url, keep_alive=keep_alive), **cls.extra_headers}
/opt/hostedtoolcache/Python/3.12.12/x64/lib/python3.12/site-packages/appium/webdriver/appium_connection.py:65: UserWarning: Embedding username and password in URL could be insecure, use ClientConfig instead
  return {**super().get_remote_connection_headers(parsed_url, keep_alive=keep_alive), **cls.extra_headers}</msg>
<arg>${locator}</arg>
<doc>Waits until the element specified by the ``locator`` is visible.</doc>
<status status="PASS" start="2025-12-17T19:36:42.318956" elapsed="0.443577"/>
</kw>
<kw name="Click Element" owner="AppiumLibrary">
<msg time="2025-12-17T19:36:42.764228" level="INFO">Clicking element '//android.widget.TextView[@resource-id="Typography" and @text="Technology"]'.</msg>
<msg time="2025-12-17T19:36:43.137936" level="INFO">xpath criteria: //android.widget.TextView[@resource-id="Typography" and @text="Technology"]</msg>
<msg time="2025-12-17T19:36:43.138014" level="INFO">/opt/hostedtoolcache/Python/3.12.12/x64/lib/python3.12/site-packages/appium/webdriver/appium_connection.py:65: UserWarning: Embedding username and password in URL could be insecure, use ClientConfig instead
  return {**super().get_remote_connection_headers(parsed_url, keep_alive=keep_alive), **cls.extra_headers}
/opt/hostedtoolcache/Python/3.12.12/x64/lib/python3.12/site-packages/appium/webdriver/appium_connection.py:65: UserWarning: Embedding username and password in URL could be insecure, use ClientConfig instead
  return {**super().get_remote_connection_headers(parsed_url, keep_alive=keep_alive), **cls.extra_headers}</msg>
<arg>${locator}</arg>
<doc>Clicks the element identified by ``locator``.</doc>
<status status="PASS" start="2025-12-17T19:36:42.762831" elapsed="0.375252"/>
</kw>
<arg>${interest.${PLATFORM_NAME}.interestList.format(text='${interestName}')}</arg>
<status status="PASS" start="2025-12-17T19:36:42.318309" elapsed="0.819872"/>
</kw>
<kw name="Wait Enabled And Click Element" owner="customKeywords">
<kw name="Wait Until Element Is Enabled" owner="customKeywords">
<while condition="${True}">
<iter>
<kw name="Run Keyword And Return Status" owner="BuiltIn">
<kw name="Element Should Be Enabled" owner="AppiumLibrary">
<msg time="2025-12-17T19:36:43.140322" level="WARN">Keyword 'AppiumLibrary.Element Should Be Enabled' is deprecated. Use `Expect Element` instead
Verifies that the element identified by ``locator`` is enabled.</msg>
<msg time="2025-12-17T19:36:44.039811" level="INFO">Element 'Next' is enabled .</msg>
<msg time="2025-12-17T19:36:44.039921" level="INFO">criteria is Next</msg>
<msg time="2025-12-17T19:36:44.039954" level="INFO">/opt/hostedtoolcache/Python/3.12.12/x64/lib/python3.12/site-packages/appium/webdriver/appium_connection.py:65: UserWarning: Embedding username and password in URL could be insecure, use ClientConfig instead
  return {**super().get_remote_connection_headers(parsed_url, keep_alive=keep_alive), **cls.extra_headers}
/opt/hostedtoolcache/Python/3.12.12/x64/lib/python3.12/site-packages/appium/webdriver/appium_connection.py:65: UserWarning: Embedding username and password in URL could be insecure, use ClientConfig instead
  return {**super().get_remote_connection_headers(parsed_url, keep_alive=keep_alive), **cls.extra_headers}</msg>
<arg>${locator}</arg>
<doc>*DEPRECATED!!* Use `Expect Element` instead
Verifies that the element identified by ``locator`` is enabled.</doc>
<status status="PASS" start="2025-12-17T19:36:43.140297" elapsed="0.899724"/>
</kw>
<msg time="2025-12-17T19:36:44.040164" level="INFO">${status} = True</msg>
<var>${status}</var>
<arg>Element Should Be Enabled</arg>
<arg>${locator}</arg>
<doc>Runs the specified keyword and returns the status as a Boolean value.</doc>
<status status="PASS" start="2025-12-17T19:36:43.139901" elapsed="0.900294"/>
</kw>
<kw name="Exit For Loop If" owner="BuiltIn">
<msg time="2025-12-17T19:36:44.040913" level="INFO">Exiting for loop altogether.</msg>
<arg>${status}</arg>
<doc>Stops executing the enclosing FOR loop if the ``condition`` is true.</doc>
<status status="PASS" start="2025-12-17T19:36:44.040411" elapsed="0.000619"/>
</kw>
<status status="PASS" start="2025-12-17T19:36:43.139664" elapsed="0.901404"/>
</iter>
<status status="PASS" start="2025-12-17T19:36:43.139661" elapsed="0.901438"/>
</while>
<arg>${locator}</arg>
<timeout value="10 seconds"/>
<status status="PASS" start="2025-12-17T19:36:43.139380" elapsed="0.901777"/>
</kw>
<kw name="Click Element" owner="AppiumLibrary">
<msg time="2025-12-17T19:36:44.042256" level="INFO">Clicking element 'Next'.</msg>
<msg time="2025-12-17T19:36:44.428010" level="INFO">criteria is Next</msg>
<msg time="2025-12-17T19:36:44.428084" level="INFO">/opt/hostedtoolcache/Python/3.12.12/x64/lib/python3.12/site-packages/appium/webdriver/appium_connection.py:65: UserWarning: Embedding username and password in URL could be insecure, use ClientConfig instead
  return {**super().get_remote_connection_headers(parsed_url, keep_alive=keep_alive), **cls.extra_headers}
/opt/hostedtoolcache/Python/3.12.12/x64/lib/python3.12/site-packages/appium/webdriver/appium_connection.py:65: UserWarning: Embedding username and password in URL could be insecure, use ClientConfig instead
  return {**super().get_remote_connection_headers(parsed_url, keep_alive=keep_alive), **cls.extra_headers}</msg>
<arg>${locator}</arg>
<doc>Clicks the element identified by ``locator``.</doc>
<status status="PASS" start="2025-12-17T19:36:44.041262" elapsed="0.386899"/>
</kw>
<arg>${interest.nextButton}</arg>
<status status="PASS" start="2025-12-17T19:36:43.138456" elapsed="1.289810"/>
</kw>
<arg>Technology</arg>
<status status="PASS" start="2025-12-17T19:36:42.317986" elapsed="2.110347"/>
</kw>
<kw name="Select Looking For" owner="lookingForPage">
<kw name="Wait Visible And Click Element" owner="customKeywords">
<kw name="Wait Until Element Is Visible" owner="AppiumLibrary">
<msg time="2025-12-17T19:36:45.817702" level="INFO">xpath criteria: //android.widget.TextView[@resource-id="Typography" and @text="Professional growth"]</msg>
<msg time="2025-12-17T19:36:45.817774" level="INFO">/opt/hostedtoolcache/Python/3.12.12/x64/lib/python3.12/site-packages/appium/webdriver/appium_connection.py:65: UserWarning: Embedding username and password in URL could be insecure, use ClientConfig instead
  return {**super().get_remote_connection_headers(parsed_url, keep_alive=keep_alive), **cls.extra_headers}
/opt/hostedtoolcache/Python/3.12.12/x64/lib/python3.12/site-packages/appium/webdriver/appium_connection.py:65: UserWarning: Embedding username and password in URL could be insecure, use ClientConfig instead
  return {**super().get_remote_connection_headers(parsed_url, keep_alive=keep_alive), **cls.extra_headers}</msg>
<arg>${locator}</arg>
<doc>Waits until the element specified by the ``locator`` is visible.</doc>
<status status="PASS" start="2025-12-17T19:36:44.429787" elapsed="1.388057"/>
</kw>
<kw name="Click Element" owner="AppiumLibrary">
<msg time="2025-12-17T19:36:45.819367" level="INFO">Clicking element '//android.widget.TextView[@resource-id="Typography" and @text="Professional growth"]'.</msg>
<msg time="2025-12-17T19:36:46.141765" level="INFO">xpath criteria: //android.widget.TextView[@resource-id="Typography" and @text="Professional growth"]</msg>
<msg time="2025-12-17T19:36:46.141904" level="INFO">/opt/hostedtoolcache/Python/3.12.12/x64/lib/python3.12/site-packages/appium/webdriver/appium_connection.py:65: UserWarning: Embedding username and password in URL could be insecure, use ClientConfig instead
  return {**super().get_remote_connection_headers(parsed_url, keep_alive=keep_alive), **cls.extra_headers}
/opt/hostedtoolcache/Python/3.12.12/x64/lib/python3.12/site-packages/appium/webdriver/appium_connection.py:65: UserWarning: Embedding username and password in URL could be insecure, use ClientConfig instead
  return {**super().get_remote_connection_headers(parsed_url, keep_alive=keep_alive), **cls.extra_headers}</msg>
<arg>${locator}</arg>
<doc>Clicks the element identified by ``locator``.</doc>
<status status="PASS" start="2025-12-17T19:36:45.818058" elapsed="0.323927"/>
</kw>
<arg>${lookingFor.${PLATFORM_NAME}.lookingForList.format(text='${lookingForName}')}</arg>
<status status="PASS" start="2025-12-17T19:36:44.429080" elapsed="1.713024"/>
</kw>
<kw name="Wait Enabled And Click Element" owner="customKeywords">
<kw name="Wait Until Element Is Enabled" owner="customKeywords">
<while condition="${True}">
<iter>
<kw name="Run Keyword And Return Status" owner="BuiltIn">
<kw name="Element Should Be Enabled" owner="AppiumLibrary">
<msg time="2025-12-17T19:36:46.144120" level="WARN">Keyword 'AppiumLibrary.Element Should Be Enabled' is deprecated. Use `Expect Element` instead
Verifies that the element identified by ``locator`` is enabled.</msg>
<msg time="2025-12-17T19:36:46.876245" level="INFO">Element 'Next' is enabled .</msg>
<msg time="2025-12-17T19:36:46.876340" level="INFO">criteria is Next</msg>
<msg time="2025-12-17T19:36:46.876371" level="INFO">/opt/hostedtoolcache/Python/3.12.12/x64/lib/python3.12/site-packages/appium/webdriver/appium_connection.py:65: UserWarning: Embedding username and password in URL could be insecure, use ClientConfig instead
  return {**super().get_remote_connection_headers(parsed_url, keep_alive=keep_alive), **cls.extra_headers}
/opt/hostedtoolcache/Python/3.12.12/x64/lib/python3.12/site-packages/appium/webdriver/appium_connection.py:65: UserWarning: Embedding username and password in URL could be insecure, use ClientConfig instead
  return {**super().get_remote_connection_headers(parsed_url, keep_alive=keep_alive), **cls.extra_headers}</msg>
<arg>${locator}</arg>
<doc>*DEPRECATED!!* Use `Expect Element` instead
Verifies that the element identified by ``locator`` is enabled.</doc>
<status status="PASS" start="2025-12-17T19:36:46.144095" elapsed="0.732339"/>
</kw>
<msg time="2025-12-17T19:36:46.876592" level="INFO">${status} = True</msg>
<var>${status}</var>
<arg>Element Should Be Enabled</arg>
<arg>${locator}</arg>
<doc>Runs the specified keyword and returns the status as a Boolean value.</doc>
<status status="PASS" start="2025-12-17T19:36:46.143775" elapsed="0.732849"/>
</kw>
<kw name="Exit For Loop If" owner="BuiltIn">
<msg time="2025-12-17T19:36:46.877288" level="INFO">Exiting for loop altogether.</msg>
<arg>${status}</arg>
<doc>Stops executing the enclosing FOR loop if the ``condition`` is true.</doc>
<status status="PASS" start="2025-12-17T19:36:46.876832" elapsed="0.000554"/>
</kw>
<status status="PASS" start="2025-12-17T19:36:46.143521" elapsed="0.733901"/>
</iter>
<status status="PASS" start="2025-12-17T19:36:46.143519" elapsed="0.733933"/>
</while>
<arg>${locator}</arg>
<timeout value="10 seconds"/>
<status status="PASS" start="2025-12-17T19:36:46.143282" elapsed="0.734225"/>
</kw>
<kw name="Click Element" owner="AppiumLibrary">
<msg time="2025-12-17T19:36:46.878606" level="INFO">Clicking element 'Next'.</msg>
<msg time="2025-12-17T19:36:47.167202" level="INFO">criteria is Next</msg>
<msg time="2025-12-17T19:36:47.167269" level="INFO">/opt/hostedtoolcache/Python/3.12.12/x64/lib/python3.12/site-packages/appium/webdriver/appium_connection.py:65: UserWarning: Embedding username and password in URL could be insecure, use ClientConfig instead
  return {**super().get_remote_connection_headers(parsed_url, keep_alive=keep_alive), **cls.extra_headers}
/opt/hostedtoolcache/Python/3.12.12/x64/lib/python3.12/site-packages/appium/webdriver/appium_connection.py:65: UserWarning: Embedding username and password in URL could be insecure, use ClientConfig instead
  return {**super().get_remote_connection_headers(parsed_url, keep_alive=keep_alive), **cls.extra_headers}</msg>
<arg>${locator}</arg>
<doc>Clicks the element identified by ``locator``.</doc>
<status status="PASS" start="2025-12-17T19:36:46.877632" elapsed="0.289713"/>
</kw>
<arg>${lookingFor.nextButton}</arg>
<status status="PASS" start="2025-12-17T19:36:46.142409" elapsed="1.025041"/>
</kw>
<arg>Professional growth</arg>
<status status="PASS" start="2025-12-17T19:36:44.428641" elapsed="2.738874"/>
</kw>
<kw name="Skip Sing In" owner="signInPage">
<kw name="Wait Visible And Click Element" owner="customKeywords">
<kw name="Wait Until Element Is Visible" owner="AppiumLibrary">
<msg time="2025-12-17T19:36:48.609028" level="INFO">criteria is SkipSignInLink</msg>
<msg time="2025-12-17T19:36:48.609101" level="INFO">/opt/hostedtoolcache/Python/3.12.12/x64/lib/python3.12/site-packages/appium/webdriver/appium_connection.py:65: UserWarning: Embedding username and password in URL could be insecure, use ClientConfig instead
  return {**super().get_remote_connection_headers(parsed_url, keep_alive=keep_alive), **cls.extra_headers}
/opt/hostedtoolcache/Python/3.12.12/x64/lib/python3.12/site-packages/appium/webdriver/appium_connection.py:65: UserWarning: Embedding username and password in URL could be insecure, use ClientConfig instead
  return {**super().get_remote_connection_headers(parsed_url, keep_alive=keep_alive), **cls.extra_headers}</msg>
<arg>${locator}</arg>
<doc>Waits until the element specified by the ``locator`` is visible.</doc>
<status status="PASS" start="2025-12-17T19:36:47.168800" elapsed="1.440370"/>
</kw>
<kw name="Click Element" owner="AppiumLibrary">
<msg time="2025-12-17T19:36:48.610450" level="INFO">Clicking element 'SkipSignInLink'.</msg>
<msg time="2025-12-17T19:36:48.878250" level="INFO">criteria is SkipSignInLink</msg>
<msg time="2025-12-17T19:36:48.878326" level="INFO">/opt/hostedtoolcache/Python/3.12.12/x64/lib/python3.12/site-packages/appium/webdriver/appium_connection.py:65: UserWarning: Embedding username and password in URL could be insecure, use ClientConfig instead
  return {**super().get_remote_connection_headers(parsed_url, keep_alive=keep_alive), **cls.extra_headers}
/opt/hostedtoolcache/Python/3.12.12/x64/lib/python3.12/site-packages/appium/webdriver/appium_connection.py:65: UserWarning: Embedding username and password in URL could be insecure, use ClientConfig instead
  return {**super().get_remote_connection_headers(parsed_url, keep_alive=keep_alive), **cls.extra_headers}</msg>
<arg>${locator}</arg>
<doc>Clicks the element identified by ``locator``.</doc>
<status status="PASS" start="2025-12-17T19:36:48.609377" elapsed="0.269034"/>
</kw>
<arg>${signIn.skipButton}</arg>
<status status="PASS" start="2025-12-17T19:36:47.168179" elapsed="1.710339"/>
</kw>
<status status="PASS" start="2025-12-17T19:36:47.167797" elapsed="1.710823"/>
</kw>
<kw name="View Home" owner="homePage">
<kw name="Wait Until Element Is Visible" owner="AppiumLibrary">
<msg time="2025-12-17T19:36:51.158641" level="INFO">criteria is HomeScreen
criteria is HomeScreen
criteria is HomeScreen</msg>
<msg time="2025-12-17T19:36:51.158716" level="INFO">/opt/hostedtoolcache/Python/3.12.12/x64/lib/python3.12/site-packages/appium/webdriver/appium_connection.py:65: UserWarning: Embedding username and password in URL could be insecure, use ClientConfig instead
  return {**super().get_remote_connection_headers(parsed_url, keep_alive=keep_alive), **cls.extra_headers}
/opt/hostedtoolcache/Python/3.12.12/x64/lib/python3.12/site-packages/appium/webdriver/appium_connection.py:65: UserWarning: Embedding username and password in URL could be insecure, use ClientConfig instead
  return {**super().get_remote_connection_headers(parsed_url, keep_alive=keep_alive), **cls.extra_headers}
/opt/hostedtoolcache/Python/3.12.12/x64/lib/python3.12/site-packages/appium/webdriver/appium_connection.py:65: UserWarning: Embedding username and password in URL could be insecure, use ClientConfig instead
  return {**super().get_remote_connection_headers(parsed_url, keep_alive=keep_alive), **cls.extra_headers}
/opt/hostedtoolcache/Python/3.12.12/x64/lib/python3.12/site-packages/appium/webdriver/appium_connection.py:65: UserWarning: Embedding username and password in URL could be insecure, use ClientConfig instead
  return {**super().get_remote_connection_headers(parsed_url, keep_alive=keep_alive), **cls.extra_headers}</msg>
<arg>${home.${PLATFORM_NAME}.homeScreen}</arg>
<doc>Waits until the element specified by the ``locator`` is visible.</doc>
<status status="PASS" start="2025-12-17T19:36:48.879128" elapsed="2.279719"/>
</kw>
<status status="PASS" start="2025-12-17T19:36:48.878862" elapsed="2.280103"/>
</kw>
<kw name="Run Keywords" owner="BuiltIn" type="TEARDOWN">
<kw name="Update Test Case Status in BrowserStack" owner="BrowserstackLibrary">
<msg time="2025-12-17T19:36:51.160702" level="INFO">Appium Session ID: 1219475fca5511dd921874f083c956f7496abaca</msg>
<msg time="2025-12-17T19:36:52.024905" level="INFO">PASS
{"status": "passed", "reason": "Test Passed"}</msg>
<doc>This keyword must be used as 'TEARDOWN TEST'. </doc>
<status status="PASS" start="2025-12-17T19:36:51.159663" elapsed="0.865326"/>
</kw>
<kw name="Close Application" owner="AppiumLibrary">
<msg time="2025-12-17T19:36:52.821855" level="INFO">/opt/hostedtoolcache/Python/3.12.12/x64/lib/python3.12/site-packages/appium/webdriver/appium_connection.py:65: UserWarning: Embedding username and password in URL could be insecure, use ClientConfig instead
  return {**super().get_remote_connection_headers(parsed_url, keep_alive=keep_alive), **cls.extra_headers}</msg>
<doc>Closes the current application and the webdriver session.</doc>
<status status="PASS" start="2025-12-17T19:36:52.025178" elapsed="0.796802"/>
</kw>
<arg>Update Test Case Status in BrowserStack</arg>
<arg>Close Application</arg>
<doc>Executes all the given keywords in a sequence.</doc>
<status status="PASS" start="2025-12-17T19:36:51.159242" elapsed="1.662832"/>
</kw>
<tag>regressivo</tag>
<status status="PASS" start="2025-12-17T19:35:47.144593" elapsed="65.677550"/>
</test>
<status status="PASS" start="2025-12-17T19:35:47.118102" elapsed="65.704561"/>
</suite>
<suite id="s1-s1-s2" name="Pesquisar-Video" source="/home/runner/work/AppiumRobot/AppiumRobot/tests/Pesquisar-Video.robot">
<test id="s1-s1-s2-t1" name="Cenário: Realizar Pesquisa Por um Video" line="6">
<kw name="Open TED App" owner="openApp" type="SETUP">
<if>
<branch type="IF" condition="'${EMULATOR}' == 'local'">
<kw name="Open Application" owner="AppiumLibrary">
<arg>remote_url=http://localhost:4723</arg>
<arg>automationName=UIAutomator2</arg>
<arg>platformName=${PLATFORM_NAME}</arg>
<arg>deviceName=Google Pixel 7 Pro</arg>
<arg>app=/home/runner/work/AppiumRobot/AppiumRobot/resources/utils${/}..${/}app${/}app.apk</arg>
<arg>disableIdLocatorAutocompletion=${True}</arg>
<doc>Opens a new application to the given Appium server.
Capabilities of appium server, Android and iOS,
Please check https://appium.io/docs/en/2.19/guides/caps/
| *Option*            | *Man.* | *Description*     |
| remote_url          | Yes    | Appium server url |
| alias               | No     | alias             |</doc>
<status status="NOT RUN" start="2025-12-17T19:36:52.843501" elapsed="0.000020"/>
</kw>
<status status="NOT RUN" start="2025-12-17T19:36:52.843316" elapsed="0.000270"/>
</branch>
<branch type="ELSE IF" condition="'${EMULATOR}' == 'browserstack'">
<kw name="Open Application In Browserstack" owner="BrowserstackLibrary">
<msg time="2025-12-17T19:37:14.561070" level="INFO">/opt/hostedtoolcache/Python/3.12.12/x64/lib/python3.12/site-packages/appium/webdriver/appium_connection.py:65: UserWarning: Embedding username and password in URL could be insecure, use ClientConfig instead
  return {**super().get_remote_connection_headers(parsed_url, keep_alive=keep_alive), **cls.extra_headers}</msg>
<arg>automationName=UIAutomator2</arg>
<arg>platformName=${PLATFORM_NAME}</arg>
<arg>deviceName=Google Pixel 7 Pro</arg>
<arg>project=TED_ROBOTCOURSES</arg>
<arg>build=TED_%{GH_ACTIONS_RUNNER=LOCAL}</arg>
<arg>name=${TEST_NAME}</arg>
<arg>bstack:options=${BROWSERSTACK_OPTIONS}</arg>
<arg>disableIdLocatorAutocompletion=${True}</arg>
<arg>browserstack.idleTimeout=60</arg>
<arg>interactiveDebugging=${True}</arg>
<doc>This keyword will open the application in Browserstack, sending the desired 
capabilities that have been configured.</doc>
<status status="PASS" start="2025-12-17T19:36:52.843770" elapsed="21.717393"/>
</kw>
<status status="PASS" start="2025-12-17T19:36:52.843610" elapsed="21.717645"/>
</branch>
<status status="PASS" start="2025-12-17T19:36:52.843296" elapsed="21.718009"/>
</if>
<status status="PASS" start="2025-12-17T19:36:52.843138" elapsed="21.718247"/>
</kw>
<kw name="Access TED APP Without Login" owner="customKeywords">
<kw name="Click in Lets Go" owner="welcomePage">
<kw name="Wait Visible And Click Element" owner="customKeywords">
<kw name="Wait Until Element Is Visible" owner="AppiumLibrary">
<msg time="2025-12-17T19:37:17.136398" level="INFO">criteria is Next
criteria is Next</msg>
<msg time="2025-12-17T19:37:17.136474" level="INFO">/opt/hostedtoolcache/Python/3.12.12/x64/lib/python3.12/site-packages/appium/webdriver/appium_connection.py:65: UserWarning: Embedding username and password in URL could be insecure, use ClientConfig instead
  return {**super().get_remote_connection_headers(parsed_url, keep_alive=keep_alive), **cls.extra_headers}
/opt/hostedtoolcache/Python/3.12.12/x64/lib/python3.12/site-packages/appium/webdriver/appium_connection.py:65: UserWarning: Embedding username and password in URL could be insecure, use ClientConfig instead
  return {**super().get_remote_connection_headers(parsed_url, keep_alive=keep_alive), **cls.extra_headers}
/opt/hostedtoolcache/Python/3.12.12/x64/lib/python3.12/site-packages/appium/webdriver/appium_connection.py:65: UserWarning: Embedding username and password in URL could be insecure, use ClientConfig instead
  return {**super().get_remote_connection_headers(parsed_url, keep_alive=keep_alive), **cls.extra_headers}</msg>
<arg>${locator}</arg>
<doc>Waits until the element specified by the ``locator`` is visible.</doc>
<status status="PASS" start="2025-12-17T19:37:14.562901" elapsed="2.573691"/>
</kw>
<kw name="Click Element" owner="AppiumLibrary">
<msg time="2025-12-17T19:37:17.138369" level="INFO">Clicking element 'Next'.</msg>
<msg time="2025-12-17T19:37:18.083748" level="INFO">criteria is Next</msg>
<msg time="2025-12-17T19:37:18.083824" level="INFO">/opt/hostedtoolcache/Python/3.12.12/x64/lib/python3.12/site-packages/appium/webdriver/appium_connection.py:65: UserWarning: Embedding username and password in URL could be insecure, use ClientConfig instead
  return {**super().get_remote_connection_headers(parsed_url, keep_alive=keep_alive), **cls.extra_headers}
/opt/hostedtoolcache/Python/3.12.12/x64/lib/python3.12/site-packages/appium/webdriver/appium_connection.py:65: UserWarning: Embedding username and password in URL could be insecure, use ClientConfig instead
  return {**super().get_remote_connection_headers(parsed_url, keep_alive=keep_alive), **cls.extra_headers}</msg>
<arg>${locator}</arg>
<doc>Clicks the element identified by ``locator``.</doc>
<status status="PASS" start="2025-12-17T19:37:17.136853" elapsed="0.947049"/>
</kw>
<arg>${welcome.nextButton}</arg>
<status status="PASS" start="2025-12-17T19:37:14.562223" elapsed="3.521804"/>
</kw>
<kw name="Wait Visible And Click Element" owner="customKeywords">
<kw name="Wait Until Element Is Visible" owner="AppiumLibrary">
<msg time="2025-12-17T19:37:19.622956" level="INFO">criteria is Next</msg>
<msg time="2025-12-17T19:37:19.623026" level="INFO">/opt/hostedtoolcache/Python/3.12.12/x64/lib/python3.12/site-packages/appium/webdriver/appium_connection.py:65: UserWarning: Embedding username and password in URL could be insecure, use ClientConfig instead
  return {**super().get_remote_connection_headers(parsed_url, keep_alive=keep_alive), **cls.extra_headers}
/opt/hostedtoolcache/Python/3.12.12/x64/lib/python3.12/site-packages/appium/webdriver/appium_connection.py:65: UserWarning: Embedding username and password in URL could be insecure, use ClientConfig instead
  return {**super().get_remote_connection_headers(parsed_url, keep_alive=keep_alive), **cls.extra_headers}</msg>
<arg>${locator}</arg>
<doc>Waits until the element specified by the ``locator`` is visible.</doc>
<status status="PASS" start="2025-12-17T19:37:18.085144" elapsed="1.537950"/>
</kw>
<kw name="Click Element" owner="AppiumLibrary">
<msg time="2025-12-17T19:37:19.624693" level="INFO">Clicking element 'Next'.</msg>
<msg time="2025-12-17T19:37:20.190075" level="INFO">criteria is Next</msg>
<msg time="2025-12-17T19:37:20.190144" level="INFO">/opt/hostedtoolcache/Python/3.12.12/x64/lib/python3.12/site-packages/appium/webdriver/appium_connection.py:65: UserWarning: Embedding username and password in URL could be insecure, use ClientConfig instead
  return {**super().get_remote_connection_headers(parsed_url, keep_alive=keep_alive), **cls.extra_headers}
/opt/hostedtoolcache/Python/3.12.12/x64/lib/python3.12/site-packages/appium/webdriver/appium_connection.py:65: UserWarning: Embedding username and password in URL could be insecure, use ClientConfig instead
  return {**super().get_remote_connection_headers(parsed_url, keep_alive=keep_alive), **cls.extra_headers}</msg>
<arg>${locator}</arg>
<doc>Clicks the element identified by ``locator``.</doc>
<status status="PASS" start="2025-12-17T19:37:19.623306" elapsed="0.566908"/>
</kw>
<arg>${welcome.nextButton}</arg>
<status status="PASS" start="2025-12-17T19:37:18.084306" elapsed="2.106003"/>
</kw>
<status status="PASS" start="2025-12-17T19:37:14.562015" elapsed="5.628361"/>
</kw>
<kw name="Select Interests" owner="interestPage">
<kw name="Wait Visible And Click Element" owner="customKeywords">
<kw name="Wait Until Element Is Visible" owner="AppiumLibrary">
<msg time="2025-12-17T19:37:20.911830" level="INFO">xpath criteria: //android.widget.TextView[@resource-id="Typography" and @text="Technology"]</msg>
<msg time="2025-12-17T19:37:20.911914" level="INFO">/opt/hostedtoolcache/Python/3.12.12/x64/lib/python3.12/site-packages/appium/webdriver/appium_connection.py:65: UserWarning: Embedding username and password in URL could be insecure, use ClientConfig instead
  return {**super().get_remote_connection_headers(parsed_url, keep_alive=keep_alive), **cls.extra_headers}
/opt/hostedtoolcache/Python/3.12.12/x64/lib/python3.12/site-packages/appium/webdriver/appium_connection.py:65: UserWarning: Embedding username and password in URL could be insecure, use ClientConfig instead
  return {**super().get_remote_connection_headers(parsed_url, keep_alive=keep_alive), **cls.extra_headers}</msg>
<arg>${locator}</arg>
<doc>Waits until the element specified by the ``locator`` is visible.</doc>
<status status="PASS" start="2025-12-17T19:37:20.191614" elapsed="0.720381"/>
</kw>
<kw name="Click Element" owner="AppiumLibrary">
<msg time="2025-12-17T19:37:20.913420" level="INFO">Clicking element '//android.widget.TextView[@resource-id="Typography" and @text="Technology"]'.</msg>
<msg time="2025-12-17T19:37:21.477303" level="INFO">xpath criteria: //android.widget.TextView[@resource-id="Typography" and @text="Technology"]</msg>
<msg time="2025-12-17T19:37:21.477371" level="INFO">/opt/hostedtoolcache/Python/3.12.12/x64/lib/python3.12/site-packages/appium/webdriver/appium_connection.py:65: UserWarning: Embedding username and password in URL could be insecure, use ClientConfig instead
  return {**super().get_remote_connection_headers(parsed_url, keep_alive=keep_alive), **cls.extra_headers}
/opt/hostedtoolcache/Python/3.12.12/x64/lib/python3.12/site-packages/appium/webdriver/appium_connection.py:65: UserWarning: Embedding username and password in URL could be insecure, use ClientConfig instead
  return {**super().get_remote_connection_headers(parsed_url, keep_alive=keep_alive), **cls.extra_headers}</msg>
<arg>${locator}</arg>
<doc>Clicks the element identified by ``locator``.</doc>
<status status="PASS" start="2025-12-17T19:37:20.912234" elapsed="0.565207"/>
</kw>
<arg>${interest.${PLATFORM_NAME}.interestList.format(text='${interestName}')}</arg>
<status status="PASS" start="2025-12-17T19:37:20.190954" elapsed="1.286579"/>
</kw>
<kw name="Wait Enabled And Click Element" owner="customKeywords">
<kw name="Wait Until Element Is Enabled" owner="customKeywords">
<while condition="${True}">
<iter>
<kw name="Run Keyword And Return Status" owner="BuiltIn">
<kw name="Element Should Be Enabled" owner="AppiumLibrary">
<msg time="2025-12-17T19:37:21.479257" level="WARN">Keyword 'AppiumLibrary.Element Should Be Enabled' is deprecated. Use `Expect Element` instead
Verifies that the element identified by ``locator`` is enabled.</msg>
<msg time="2025-12-17T19:37:22.424311" level="INFO">Element 'Next' is enabled .</msg>
<msg time="2025-12-17T19:37:22.424409" level="INFO">criteria is Next</msg>
<msg time="2025-12-17T19:37:22.424439" level="INFO">/opt/hostedtoolcache/Python/3.12.12/x64/lib/python3.12/site-packages/appium/webdriver/appium_connection.py:65: UserWarning: Embedding username and password in URL could be insecure, use ClientConfig instead
  return {**super().get_remote_connection_headers(parsed_url, keep_alive=keep_alive), **cls.extra_headers}
/opt/hostedtoolcache/Python/3.12.12/x64/lib/python3.12/site-packages/appium/webdriver/appium_connection.py:65: UserWarning: Embedding username and password in URL could be insecure, use ClientConfig instead
  return {**super().get_remote_connection_headers(parsed_url, keep_alive=keep_alive), **cls.extra_headers}</msg>
<arg>${locator}</arg>
<doc>*DEPRECATED!!* Use `Expect Element` instead
Verifies that the element identified by ``locator`` is enabled.</doc>
<status status="PASS" start="2025-12-17T19:37:21.479234" elapsed="0.945267"/>
</kw>
<msg time="2025-12-17T19:37:22.424650" level="INFO">${status} = True</msg>
<var>${status}</var>
<arg>Element Should Be Enabled</arg>
<arg>${locator}</arg>
<doc>Runs the specified keyword and returns the status as a Boolean value.</doc>
<status status="PASS" start="2025-12-17T19:37:21.478921" elapsed="0.945758"/>
</kw>
<kw name="Exit For Loop If" owner="BuiltIn">
<msg time="2025-12-17T19:37:22.425341" level="INFO">Exiting for loop altogether.</msg>
<arg>${status}</arg>
<doc>Stops executing the enclosing FOR loop if the ``condition`` is true.</doc>
<status status="PASS" start="2025-12-17T19:37:22.424892" elapsed="0.000543"/>
</kw>
<status status="PASS" start="2025-12-17T19:37:21.478716" elapsed="0.946764"/>
</iter>
<status status="PASS" start="2025-12-17T19:37:21.478714" elapsed="0.946811"/>
</while>
<arg>${locator}</arg>
<timeout value="10 seconds"/>
<status status="PASS" start="2025-12-17T19:37:21.478454" elapsed="0.947155"/>
</kw>
<kw name="Click Element" owner="AppiumLibrary">
<msg time="2025-12-17T19:37:22.426712" level="INFO">Clicking element 'Next'.</msg>
<msg time="2025-12-17T19:37:22.992736" level="INFO">criteria is Next</msg>
<msg time="2025-12-17T19:37:22.992815" level="INFO">/opt/hostedtoolcache/Python/3.12.12/x64/lib/python3.12/site-packages/appium/webdriver/appium_connection.py:65: UserWarning: Embedding username and password in URL could be insecure, use ClientConfig instead
  return {**super().get_remote_connection_headers(parsed_url, keep_alive=keep_alive), **cls.extra_headers}
/opt/hostedtoolcache/Python/3.12.12/x64/lib/python3.12/site-packages/appium/webdriver/appium_connection.py:65: UserWarning: Embedding username and password in URL could be insecure, use ClientConfig instead
  return {**super().get_remote_connection_headers(parsed_url, keep_alive=keep_alive), **cls.extra_headers}</msg>
<arg>${locator}</arg>
<doc>Clicks the element identified by ``locator``.</doc>
<status status="PASS" start="2025-12-17T19:37:22.425710" elapsed="0.567183"/>
</kw>
<arg>${interest.nextButton}</arg>
<status status="PASS" start="2025-12-17T19:37:21.477799" elapsed="1.515218"/>
</kw>
<arg>${interest}</arg>
<status status="PASS" start="2025-12-17T19:37:20.190621" elapsed="2.802473"/>
</kw>
<kw name="Select Looking For" owner="lookingForPage">
<kw name="Wait Visible And Click Element" owner="customKeywords">
<kw name="Wait Until Element Is Visible" owner="AppiumLibrary">
<msg time="2025-12-17T19:37:25.132637" level="INFO">xpath criteria: //android.widget.TextView[@resource-id="Typography" and @text="Professional growth"]</msg>
<msg time="2025-12-17T19:37:25.132721" level="INFO">/opt/hostedtoolcache/Python/3.12.12/x64/lib/python3.12/site-packages/appium/webdriver/appium_connection.py:65: UserWarning: Embedding username and password in URL could be insecure, use ClientConfig instead
  return {**super().get_remote_connection_headers(parsed_url, keep_alive=keep_alive), **cls.extra_headers}
/opt/hostedtoolcache/Python/3.12.12/x64/lib/python3.12/site-packages/appium/webdriver/appium_connection.py:65: UserWarning: Embedding username and password in URL could be insecure, use ClientConfig instead
  return {**super().get_remote_connection_headers(parsed_url, keep_alive=keep_alive), **cls.extra_headers}</msg>
<arg>${locator}</arg>
<doc>Waits until the element specified by the ``locator`` is visible.</doc>
<status status="PASS" start="2025-12-17T19:37:22.994491" elapsed="2.138362"/>
</kw>
<kw name="Click Element" owner="AppiumLibrary">
<msg time="2025-12-17T19:37:25.134418" level="INFO">Clicking element '//android.widget.TextView[@resource-id="Typography" and @text="Professional growth"]'.</msg>
<msg time="2025-12-17T19:37:25.665262" level="INFO">xpath criteria: //android.widget.TextView[@resource-id="Typography" and @text="Professional growth"]</msg>
<msg time="2025-12-17T19:37:25.665334" level="INFO">/opt/hostedtoolcache/Python/3.12.12/x64/lib/python3.12/site-packages/appium/webdriver/appium_connection.py:65: UserWarning: Embedding username and password in URL could be insecure, use ClientConfig instead
  return {**super().get_remote_connection_headers(parsed_url, keep_alive=keep_alive), **cls.extra_headers}
/opt/hostedtoolcache/Python/3.12.12/x64/lib/python3.12/site-packages/appium/webdriver/appium_connection.py:65: UserWarning: Embedding username and password in URL could be insecure, use ClientConfig instead
  return {**super().get_remote_connection_headers(parsed_url, keep_alive=keep_alive), **cls.extra_headers}</msg>
<arg>${locator}</arg>
<doc>Clicks the element identified by ``locator``.</doc>
<status status="PASS" start="2025-12-17T19:37:25.133103" elapsed="0.532303"/>
</kw>
<arg>${lookingFor.${PLATFORM_NAME}.lookingForList.format(text='${lookingForName}')}</arg>
<status status="PASS" start="2025-12-17T19:37:22.993829" elapsed="2.671673"/>
</kw>
<kw name="Wait Enabled And Click Element" owner="customKeywords">
<kw name="Wait Until Element Is Enabled" owner="customKeywords">
<while condition="${True}">
<iter>
<kw name="Run Keyword And Return Status" owner="BuiltIn">
<kw name="Element Should Be Enabled" owner="AppiumLibrary">
<msg time="2025-12-17T19:37:25.667374" level="WARN">Keyword 'AppiumLibrary.Element Should Be Enabled' is deprecated. Use `Expect Element` instead
Verifies that the element identified by ``locator`` is enabled.</msg>
<msg time="2025-12-17T19:37:26.503445" level="INFO">Element 'Next' is enabled .</msg>
<msg time="2025-12-17T19:37:26.503545" level="INFO">criteria is Next</msg>
<msg time="2025-12-17T19:37:26.503593" level="INFO">/opt/hostedtoolcache/Python/3.12.12/x64/lib/python3.12/site-packages/appium/webdriver/appium_connection.py:65: UserWarning: Embedding username and password in URL could be insecure, use ClientConfig instead
  return {**super().get_remote_connection_headers(parsed_url, keep_alive=keep_alive), **cls.extra_headers}
/opt/hostedtoolcache/Python/3.12.12/x64/lib/python3.12/site-packages/appium/webdriver/appium_connection.py:65: UserWarning: Embedding username and password in URL could be insecure, use ClientConfig instead
  return {**super().get_remote_connection_headers(parsed_url, keep_alive=keep_alive), **cls.extra_headers}</msg>
<arg>${locator}</arg>
<doc>*DEPRECATED!!* Use `Expect Element` instead
Verifies that the element identified by ``locator`` is enabled.</doc>
<status status="PASS" start="2025-12-17T19:37:25.667352" elapsed="0.836315"/>
</kw>
<msg time="2025-12-17T19:37:26.503810" level="INFO">${status} = True</msg>
<var>${status}</var>
<arg>Element Should Be Enabled</arg>
<arg>${locator}</arg>
<doc>Runs the specified keyword and returns the status as a Boolean value.</doc>
<status status="PASS" start="2025-12-17T19:37:25.667048" elapsed="0.836785"/>
</kw>
<kw name="Exit For Loop If" owner="BuiltIn">
<msg time="2025-12-17T19:37:26.504342" level="INFO">Exiting for loop altogether.</msg>
<arg>${status}</arg>
<doc>Stops executing the enclosing FOR loop if the ``condition`` is true.</doc>
<status status="PASS" start="2025-12-17T19:37:26.503999" elapsed="0.000416"/>
</kw>
<status status="PASS" start="2025-12-17T19:37:25.666855" elapsed="0.837593"/>
</iter>
<status status="PASS" start="2025-12-17T19:37:25.666853" elapsed="0.837622"/>
</while>
<arg>${locator}</arg>
<timeout value="10 seconds"/>
<status status="PASS" start="2025-12-17T19:37:25.666630" elapsed="0.837901"/>
</kw>
<kw name="Click Element" owner="AppiumLibrary">
<msg time="2025-12-17T19:37:26.505637" level="INFO">Clicking element 'Next'.</msg>
<msg time="2025-12-17T19:37:26.932880" level="INFO">criteria is Next</msg>
<msg time="2025-12-17T19:37:26.932965" level="INFO">/opt/hostedtoolcache/Python/3.12.12/x64/lib/python3.12/site-packages/appium/webdriver/appium_connection.py:65: UserWarning: Embedding username and password in URL could be insecure, use ClientConfig instead
  return {**super().get_remote_connection_headers(parsed_url, keep_alive=keep_alive), **cls.extra_headers}
/opt/hostedtoolcache/Python/3.12.12/x64/lib/python3.12/site-packages/appium/webdriver/appium_connection.py:65: UserWarning: Embedding username and password in URL could be insecure, use ClientConfig instead
  return {**super().get_remote_connection_headers(parsed_url, keep_alive=keep_alive), **cls.extra_headers}</msg>
<arg>${locator}</arg>
<doc>Clicks the element identified by ``locator``.</doc>
<status status="PASS" start="2025-12-17T19:37:26.504658" elapsed="0.428397"/>
</kw>
<arg>${lookingFor.nextButton}</arg>
<status status="PASS" start="2025-12-17T19:37:25.665788" elapsed="1.267394"/>
</kw>
<arg>${lookingFor}</arg>
<status status="PASS" start="2025-12-17T19:37:22.993353" elapsed="3.939898"/>
</kw>
<kw name="Skip Sing In" owner="signInPage">
<kw name="Wait Visible And Click Element" owner="customKeywords">
<kw name="Wait Until Element Is Visible" owner="AppiumLibrary">
<msg time="2025-12-17T19:37:28.366909" level="INFO">criteria is SkipSignInLink</msg>
<msg time="2025-12-17T19:37:28.366986" level="INFO">/opt/hostedtoolcache/Python/3.12.12/x64/lib/python3.12/site-packages/appium/webdriver/appium_connection.py:65: UserWarning: Embedding username and password in URL could be insecure, use ClientConfig instead
  return {**super().get_remote_connection_headers(parsed_url, keep_alive=keep_alive), **cls.extra_headers}
/opt/hostedtoolcache/Python/3.12.12/x64/lib/python3.12/site-packages/appium/webdriver/appium_connection.py:65: UserWarning: Embedding username and password in URL could be insecure, use ClientConfig instead
  return {**super().get_remote_connection_headers(parsed_url, keep_alive=keep_alive), **cls.extra_headers}</msg>
<arg>${locator}</arg>
<doc>Waits until the element specified by the ``locator`` is visible.</doc>
<status status="PASS" start="2025-12-17T19:37:26.934326" elapsed="1.432751"/>
</kw>
<kw name="Click Element" owner="AppiumLibrary">
<msg time="2025-12-17T19:37:28.368386" level="INFO">Clicking element 'SkipSignInLink'.</msg>
<msg time="2025-12-17T19:37:29.055127" level="INFO">criteria is SkipSignInLink</msg>
<msg time="2025-12-17T19:37:29.055193" level="INFO">/opt/hostedtoolcache/Python/3.12.12/x64/lib/python3.12/site-packages/appium/webdriver/appium_connection.py:65: UserWarning: Embedding username and password in URL could be insecure, use ClientConfig instead
  return {**super().get_remote_connection_headers(parsed_url, keep_alive=keep_alive), **cls.extra_headers}
/opt/hostedtoolcache/Python/3.12.12/x64/lib/python3.12/site-packages/appium/webdriver/appium_connection.py:65: UserWarning: Embedding username and password in URL could be insecure, use ClientConfig instead
  return {**super().get_remote_connection_headers(parsed_url, keep_alive=keep_alive), **cls.extra_headers}</msg>
<arg>${locator}</arg>
<doc>Clicks the element identified by ``locator``.</doc>
<status status="PASS" start="2025-12-17T19:37:28.367282" elapsed="0.687998"/>
</kw>
<arg>${signIn.skipButton}</arg>
<status status="PASS" start="2025-12-17T19:37:26.933777" elapsed="2.121622"/>
</kw>
<status status="PASS" start="2025-12-17T19:37:26.933455" elapsed="2.122004"/>
</kw>
<kw name="View Home" owner="homePage">
<kw name="Wait Until Element Is Visible" owner="AppiumLibrary">
<msg time="2025-12-17T19:37:31.316286" level="INFO">criteria is HomeScreen
criteria is HomeScreen
criteria is HomeScreen</msg>
<msg time="2025-12-17T19:37:31.316369" level="INFO">/opt/hostedtoolcache/Python/3.12.12/x64/lib/python3.12/site-packages/appium/webdriver/appium_connection.py:65: UserWarning: Embedding username and password in URL could be insecure, use ClientConfig instead
  return {**super().get_remote_connection_headers(parsed_url, keep_alive=keep_alive), **cls.extra_headers}
/opt/hostedtoolcache/Python/3.12.12/x64/lib/python3.12/site-packages/appium/webdriver/appium_connection.py:65: UserWarning: Embedding username and password in URL could be insecure, use ClientConfig instead
  return {**super().get_remote_connection_headers(parsed_url, keep_alive=keep_alive), **cls.extra_headers}
/opt/hostedtoolcache/Python/3.12.12/x64/lib/python3.12/site-packages/appium/webdriver/appium_connection.py:65: UserWarning: Embedding username and password in URL could be insecure, use ClientConfig instead
  return {**super().get_remote_connection_headers(parsed_url, keep_alive=keep_alive), **cls.extra_headers}
/opt/hostedtoolcache/Python/3.12.12/x64/lib/python3.12/site-packages/appium/webdriver/appium_connection.py:65: UserWarning: Embedding username and password in URL could be insecure, use ClientConfig instead
  return {**super().get_remote_connection_headers(parsed_url, keep_alive=keep_alive), **cls.extra_headers}</msg>
<arg>${home.${PLATFORM_NAME}.homeScreen}</arg>
<doc>Waits until the element specified by the ``locator`` is visible.</doc>
<status status="PASS" start="2025-12-17T19:37:29.055922" elapsed="2.260599"/>
</kw>
<status status="PASS" start="2025-12-17T19:37:29.055665" elapsed="2.261017"/>
</kw>
<arg>interest=Technology</arg>
<arg>lookingFor=Professional growth</arg>
<status status="PASS" start="2025-12-17T19:37:14.561695" elapsed="16.755040"/>
</kw>
<kw name="Click In Browse Tab Icon" owner="homePage">
<kw name="Wait Visible And Click Element" owner="customKeywords">
<kw name="Wait Until Element Is Visible" owner="AppiumLibrary">
<msg time="2025-12-17T19:37:31.775046" level="INFO">criteria is BottomTab_Discover</msg>
<msg time="2025-12-17T19:37:31.775119" level="INFO">/opt/hostedtoolcache/Python/3.12.12/x64/lib/python3.12/site-packages/appium/webdriver/appium_connection.py:65: UserWarning: Embedding username and password in URL could be insecure, use ClientConfig instead
  return {**super().get_remote_connection_headers(parsed_url, keep_alive=keep_alive), **cls.extra_headers}
/opt/hostedtoolcache/Python/3.12.12/x64/lib/python3.12/site-packages/appium/webdriver/appium_connection.py:65: UserWarning: Embedding username and password in URL could be insecure, use ClientConfig instead
  return {**super().get_remote_connection_headers(parsed_url, keep_alive=keep_alive), **cls.extra_headers}</msg>
<arg>${locator}</arg>
<doc>Waits until the element specified by the ``locator`` is visible.</doc>
<status status="PASS" start="2025-12-17T19:37:31.317781" elapsed="0.457427"/>
</kw>
<kw name="Click Element" owner="AppiumLibrary">
<msg time="2025-12-17T19:37:31.776617" level="INFO">Clicking element 'BottomTab_Discover'.</msg>
<msg time="2025-12-17T19:37:32.744135" level="INFO">criteria is BottomTab_Discover</msg>
<msg time="2025-12-17T19:37:32.744212" level="INFO">/opt/hostedtoolcache/Python/3.12.12/x64/lib/python3.12/site-packages/appium/webdriver/appium_connection.py:65: UserWarning: Embedding username and password in URL could be insecure, use ClientConfig instead
  return {**super().get_remote_connection_headers(parsed_url, keep_alive=keep_alive), **cls.extra_headers}
/opt/hostedtoolcache/Python/3.12.12/x64/lib/python3.12/site-packages/appium/webdriver/appium_connection.py:65: UserWarning: Embedding username and password in URL could be insecure, use ClientConfig instead
  return {**super().get_remote_connection_headers(parsed_url, keep_alive=keep_alive), **cls.extra_headers}</msg>
<arg>${locator}</arg>
<doc>Clicks the element identified by ``locator``.</doc>
<status status="PASS" start="2025-12-17T19:37:31.775438" elapsed="0.968865"/>
</kw>
<arg>${home.${PLATFORM_NAME}.discoverButton}</arg>
<status status="PASS" start="2025-12-17T19:37:31.317204" elapsed="1.427229"/>
</kw>
<status status="PASS" start="2025-12-17T19:37:31.316925" elapsed="1.427572"/>
</kw>
<kw name="Search Video" owner="searchPage">
<kw name="Wait Visible And Input Text" owner="customKeywords">
<kw name="Wait Until Element Is Visible" owner="AppiumLibrary">
<msg time="2025-12-17T19:37:34.623005" level="INFO">xpath criteria: //android.widget.EditText[@text="Search"]</msg>
<msg time="2025-12-17T19:37:34.623077" level="INFO">/opt/hostedtoolcache/Python/3.12.12/x64/lib/python3.12/site-packages/appium/webdriver/appium_connection.py:65: UserWarning: Embedding username and password in URL could be insecure, use ClientConfig instead
  return {**super().get_remote_connection_headers(parsed_url, keep_alive=keep_alive), **cls.extra_headers}
/opt/hostedtoolcache/Python/3.12.12/x64/lib/python3.12/site-packages/appium/webdriver/appium_connection.py:65: UserWarning: Embedding username and password in URL could be insecure, use ClientConfig instead
  return {**super().get_remote_connection_headers(parsed_url, keep_alive=keep_alive), **cls.extra_headers}</msg>
<arg>${locator}</arg>
<doc>Waits until the element specified by the ``locator`` is visible.</doc>
<status status="PASS" start="2025-12-17T19:37:32.745664" elapsed="1.877493"/>
</kw>
<kw name="Click Element" owner="AppiumLibrary">
<msg time="2025-12-17T19:37:34.624459" level="INFO">Clicking element '//android.widget.EditText[@text="Search"]'.</msg>
<msg time="2025-12-17T19:37:36.308513" level="INFO">xpath criteria: //android.widget.EditText[@text="Search"]</msg>
<msg time="2025-12-17T19:37:36.308638" level="INFO">/opt/hostedtoolcache/Python/3.12.12/x64/lib/python3.12/site-packages/appium/webdriver/appium_connection.py:65: UserWarning: Embedding username and password in URL could be insecure, use ClientConfig instead
  return {**super().get_remote_connection_headers(parsed_url, keep_alive=keep_alive), **cls.extra_headers}
/opt/hostedtoolcache/Python/3.12.12/x64/lib/python3.12/site-packages/appium/webdriver/appium_connection.py:65: UserWarning: Embedding username and password in URL could be insecure, use ClientConfig instead
  return {**super().get_remote_connection_headers(parsed_url, keep_alive=keep_alive), **cls.extra_headers}</msg>
<arg>${locator}</arg>
<doc>Clicks the element identified by ``locator``.</doc>
<status status="PASS" start="2025-12-17T19:37:34.623372" elapsed="1.685357"/>
</kw>
<kw name="Is Keyboard Shown" owner="AppiumLibrary">
<msg time="2025-12-17T19:37:36.707616" level="INFO">/opt/hostedtoolcache/Python/3.12.12/x64/lib/python3.12/site-packages/appium/webdriver/appium_connection.py:65: UserWarning: Embedding username and password in URL could be insecure, use ClientConfig instead
  return {**super().get_remote_connection_headers(parsed_url, keep_alive=keep_alive), **cls.extra_headers}</msg>
<doc>Returns true or false if the device keyboard is displayed.</doc>
<status status="PASS" start="2025-12-17T19:37:36.308945" elapsed="0.398804"/>
</kw>
<kw name="Input Text" owner="AppiumLibrary">
<msg time="2025-12-17T19:37:36.709054" level="INFO">Typing text 'Technology' into text field '//android.widget.EditText[@text="Search"]'</msg>
<msg time="2025-12-17T19:37:37.282772" level="INFO">xpath criteria: //android.widget.EditText[@text="Search"]</msg>
<msg time="2025-12-17T19:37:37.282846" level="INFO">/opt/hostedtoolcache/Python/3.12.12/x64/lib/python3.12/site-packages/appium/webdriver/appium_connection.py:65: UserWarning: Embedding username and password in URL could be insecure, use ClientConfig instead
  return {**super().get_remote_connection_headers(parsed_url, keep_alive=keep_alive), **cls.extra_headers}
/opt/hostedtoolcache/Python/3.12.12/x64/lib/python3.12/site-packages/appium/webdriver/appium_connection.py:65: UserWarning: Embedding username and password in URL could be insecure, use ClientConfig instead
  return {**super().get_remote_connection_headers(parsed_url, keep_alive=keep_alive), **cls.extra_headers}</msg>
<arg>${locator}</arg>
<arg>${text}</arg>
<doc>Types the given ``text`` into the text field identified by ``locator``.</doc>
<status status="PASS" start="2025-12-17T19:37:36.707946" elapsed="0.574987"/>
</kw>
<arg>${search.${PLATFORM_NAME}.searchInput}</arg>
<arg>${searchText}</arg>
<status status="PASS" start="2025-12-17T19:37:32.745044" elapsed="4.538001"/>
</kw>
<arg>Technology</arg>
<status status="PASS" start="2025-12-17T19:37:32.744737" elapsed="4.538377"/>
</kw>
<kw name="Select Search Video" owner="searchPage">
<kw name="Wait Until Element Is Visible" owner="AppiumLibrary">
<msg time="2025-12-17T19:37:40.997230" level="INFO">xpath criteria: (//android.widget.Button[@resource-id="Touchable"])[3]//android.widget.TextView[@resource-id="Typography"]
xpath criteria: (//android.widget.Button[@resource-id="Touchable"])[3]//android.widget.TextView[@resource-id="Typography"]
xpath criteria: (//android.widget.Button[@resource-id="Touchable"])[3]//android.widget.TextView[@resource-id="Typography"]
xpath criteria: (//android.widget.Button[@resource-id="Touchable"])[3]//android.widget.TextView[@resource-id="Typography"]
xpath criteria: (//android.widget.Button[@resource-id="Touchable"])[3]//android.widget.TextView[@resource-id="Typography"]</msg>
<msg time="2025-12-17T19:37:40.997325" level="INFO">/opt/hostedtoolcache/Python/3.12.12/x64/lib/python3.12/site-packages/appium/webdriver/appium_connection.py:65: UserWarning: Embedding username and password in URL could be insecure, use ClientConfig instead
  return {**super().get_remote_connection_headers(parsed_url, keep_alive=keep_alive), **cls.extra_headers}
/opt/hostedtoolcache/Python/3.12.12/x64/lib/python3.12/site-packages/appium/webdriver/appium_connection.py:65: UserWarning: Embedding username and password in URL could be insecure, use ClientConfig instead
  return {**super().get_remote_connection_headers(parsed_url, keep_alive=keep_alive), **cls.extra_headers}
/opt/hostedtoolcache/Python/3.12.12/x64/lib/python3.12/site-packages/appium/webdriver/appium_connection.py:65: UserWarning: Embedding username and password in URL could be insecure, use ClientConfig instead
  return {**super().get_remote_connection_headers(parsed_url, keep_alive=keep_alive), **cls.extra_headers}
/opt/hostedtoolcache/Python/3.12.12/x64/lib/python3.12/site-packages/appium/webdriver/appium_connection.py:65: UserWarning: Embedding username and password in URL could be insecure, use ClientConfig instead
  return {**super().get_remote_connection_headers(parsed_url, keep_alive=keep_alive), **cls.extra_headers}
/opt/hostedtoolcache/Python/3.12.12/x64/lib/python3.12/site-packages/appium/webdriver/appium_connection.py:65: UserWarning: Embedding username and password in URL could be insecure, use ClientConfig instead
  return {**super().get_remote_connection_headers(parsed_url, keep_alive=keep_alive), **cls.extra_headers}
/opt/hostedtoolcache/Python/3.12.12/x64/lib/python3.12/site-packages/appium/webdriver/appium_connection.py:65: UserWarning: Embedding username and password in URL could be insecure, use ClientConfig instead
  return {**super().get_remote_connection_headers(parsed_url, keep_alive=keep_alive), **cls.extra_headers}</msg>
<arg>${search.${PLATFORM_NAME}.resultList}</arg>
<doc>Waits until the element specified by the ``locator`` is visible.</doc>
<status status="PASS" start="2025-12-17T19:37:37.283663" elapsed="3.713817"/>
</kw>
<kw name="Get Text" owner="AppiumLibrary">
<msg time="2025-12-17T19:37:41.433581" level="INFO">Element 'xpath=(//android.widget.Button[@resource-id="Touchable"])[3]//android.widget.TextView[@resource-id="Typography"]' text is 'Kevin Kelly: How technology evolves' </msg>
<msg time="2025-12-17T19:37:41.433667" level="INFO">xpath criteria: (//android.widget.Button[@resource-id="Touchable"])[3]//android.widget.TextView[@resource-id="Typography"]</msg>
<msg time="2025-12-17T19:37:41.433696" level="INFO">/opt/hostedtoolcache/Python/3.12.12/x64/lib/python3.12/site-packages/appium/webdriver/appium_connection.py:65: UserWarning: Embedding username and password in URL could be insecure, use ClientConfig instead
  return {**super().get_remote_connection_headers(parsed_url, keep_alive=keep_alive), **cls.extra_headers}
/opt/hostedtoolcache/Python/3.12.12/x64/lib/python3.12/site-packages/appium/webdriver/appium_connection.py:65: UserWarning: Embedding username and password in URL could be insecure, use ClientConfig instead
  return {**super().get_remote_connection_headers(parsed_url, keep_alive=keep_alive), **cls.extra_headers}</msg>
<msg time="2025-12-17T19:37:41.433818" level="INFO">${result} = Kevin Kelly: How technology evolves</msg>
<var>${result}</var>
<arg>${search.${PLATFORM_NAME}.resultList}</arg>
<doc>Returns the text of the element with the ``locator``.</doc>
<status status="PASS" start="2025-12-17T19:37:40.997750" elapsed="0.436105"/>
</kw>
<kw name="Split String" owner="String">
<msg time="2025-12-17T19:37:41.434337" level="INFO">${speaker} = Kevin Kelly</msg>
<msg time="2025-12-17T19:37:41.434374" level="INFO">${title} = How technology evolves</msg>
<var>${speaker}</var>
<var>${title}</var>
<arg>${result}</arg>
<arg>separator=:${SPACE}</arg>
<doc>Splits the ``string`` using ``separator`` as a delimiter string.</doc>
<status status="PASS" start="2025-12-17T19:37:41.434038" elapsed="0.000354"/>
</kw>
<kw name="Set Test Variable" owner="BuiltIn">
<msg time="2025-12-17T19:37:41.434828" level="INFO">${speaker} = Kevin Kelly</msg>
<arg>${speaker}</arg>
<doc>Makes a variable available everywhere within the scope of the current test.</doc>
<status status="PASS" start="2025-12-17T19:37:41.434504" elapsed="0.000358"/>
</kw>
<kw name="Set Test Variable" owner="BuiltIn">
<msg time="2025-12-17T19:37:41.435188" level="INFO">${title} = How technology evolves</msg>
<arg>${title}</arg>
<doc>Makes a variable available everywhere within the scope of the current test.</doc>
<status status="PASS" start="2025-12-17T19:37:41.434962" elapsed="0.000258"/>
</kw>
<kw name="Click Element" owner="AppiumLibrary">
<msg time="2025-12-17T19:37:41.436582" level="INFO">Clicking element 'xpath=(//android.widget.Button[@resource-id="Touchable"])[3]//android.widget.TextView[@resource-id="Typography"]'.</msg>
<msg time="2025-12-17T19:37:41.961931" level="INFO">xpath criteria: (//android.widget.Button[@resource-id="Touchable"])[3]//android.widget.TextView[@resource-id="Typography"]</msg>
<msg time="2025-12-17T19:37:41.962007" level="INFO">/opt/hostedtoolcache/Python/3.12.12/x64/lib/python3.12/site-packages/appium/webdriver/appium_connection.py:65: UserWarning: Embedding username and password in URL could be insecure, use ClientConfig instead
  return {**super().get_remote_connection_headers(parsed_url, keep_alive=keep_alive), **cls.extra_headers}
/opt/hostedtoolcache/Python/3.12.12/x64/lib/python3.12/site-packages/appium/webdriver/appium_connection.py:65: UserWarning: Embedding username and password in URL could be insecure, use ClientConfig instead
  return {**super().get_remote_connection_headers(parsed_url, keep_alive=keep_alive), **cls.extra_headers}</msg>
<arg>${search.${PLATFORM_NAME}.resultList}</arg>
<doc>Clicks the element identified by ``locator``.</doc>
<status status="PASS" start="2025-12-17T19:37:41.435310" elapsed="0.526787"/>
</kw>
<kw name="Click Element" owner="AppiumLibrary">
<msg time="2025-12-17T19:37:41.963839" level="INFO">Clicking element 'xpath=(//android.widget.Button[@resource-id="Touchable"])[3]//android.widget.TextView[@resource-id="Typography"]'.</msg>
<msg time="2025-12-17T19:37:42.996460" level="INFO">xpath criteria: (//android.widget.Button[@resource-id="Touchable"])[3]//android.widget.TextView[@resource-id="Typography"]</msg>
<msg time="2025-12-17T19:37:42.996540" level="INFO">/opt/hostedtoolcache/Python/3.12.12/x64/lib/python3.12/site-packages/appium/webdriver/appium_connection.py:65: UserWarning: Embedding username and password in URL could be insecure, use ClientConfig instead
  return {**super().get_remote_connection_headers(parsed_url, keep_alive=keep_alive), **cls.extra_headers}
/opt/hostedtoolcache/Python/3.12.12/x64/lib/python3.12/site-packages/appium/webdriver/appium_connection.py:65: UserWarning: Embedding username and password in URL could be insecure, use ClientConfig instead
  return {**super().get_remote_connection_headers(parsed_url, keep_alive=keep_alive), **cls.extra_headers}</msg>
<arg>${search.${PLATFORM_NAME}.resultList}</arg>
<doc>Clicks the element identified by ``locator``.</doc>
<status status="PASS" start="2025-12-17T19:37:41.962340" elapsed="1.034337"/>
</kw>
<status status="PASS" start="2025-12-17T19:37:37.283363" elapsed="5.713419"/>
</kw>
<kw name="View Result Search" owner="resultSearchPage">
<kw name="Wait Until Element Is Visible" owner="AppiumLibrary">
<msg time="2025-12-17T19:37:44.893819" level="INFO">xpath criteria: (//android.widget.ImageView[@resource-id="CacheableImage"])[1]</msg>
<msg time="2025-12-17T19:37:44.893900" level="INFO">/opt/hostedtoolcache/Python/3.12.12/x64/lib/python3.12/site-packages/appium/webdriver/appium_connection.py:65: UserWarning: Embedding username and password in URL could be insecure, use ClientConfig instead
  return {**super().get_remote_connection_headers(parsed_url, keep_alive=keep_alive), **cls.extra_headers}
/opt/hostedtoolcache/Python/3.12.12/x64/lib/python3.12/site-packages/appium/webdriver/appium_connection.py:65: UserWarning: Embedding username and password in URL could be insecure, use ClientConfig instead
  return {**super().get_remote_connection_headers(parsed_url, keep_alive=keep_alive), **cls.extra_headers}</msg>
<arg>${resultSearch.${PLATFORM_NAME}.cacheableImage}</arg>
<doc>Waits until the element specified by the ``locator`` is visible.</doc>
<status status="PASS" start="2025-12-17T19:37:42.997293" elapsed="1.896698"/>
</kw>
<kw name="Element Should Contain Text" owner="AppiumLibrary">
<msg time="2025-12-17T19:37:44.895758" level="INFO">Verifying element '//android.widget.TextView[@resource-id="VideoTitle"]' contains text 'How technology evolves'.</msg>
<msg time="2025-12-17T19:37:45.404833" level="INFO">xpath criteria: //android.widget.TextView[@resource-id="VideoTitle"]</msg>
<msg time="2025-12-17T19:37:45.404912" level="INFO">/opt/hostedtoolcache/Python/3.12.12/x64/lib/python3.12/site-packages/appium/webdriver/appium_connection.py:65: UserWarning: Embedding username and password in URL could be insecure, use ClientConfig instead
  return {**super().get_remote_connection_headers(parsed_url, keep_alive=keep_alive), **cls.extra_headers}
/opt/hostedtoolcache/Python/3.12.12/x64/lib/python3.12/site-packages/appium/webdriver/appium_connection.py:65: UserWarning: Embedding username and password in URL could be insecure, use ClientConfig instead
  return {**super().get_remote_connection_headers(parsed_url, keep_alive=keep_alive), **cls.extra_headers}</msg>
<arg>${resultSearch.${PLATFORM_NAME}.videoTitle}</arg>
<arg>${title}</arg>
<doc>Verifies the element identified by ``locator`` contains the text ``expected``.</doc>
<status status="PASS" start="2025-12-17T19:37:44.894248" elapsed="0.510758"/>
</kw>
<kw name="Element Should Contain Text" owner="AppiumLibrary">
<msg time="2025-12-17T19:37:45.406696" level="INFO">Verifying element '//android.widget.TextView[@resource-id="VideoSpeakers"]' contains text 'Kevin Kelly'.</msg>
<msg time="2025-12-17T19:37:45.870679" level="INFO">xpath criteria: //android.widget.TextView[@resource-id="VideoSpeakers"]</msg>
<msg time="2025-12-17T19:37:45.870822" level="INFO">/opt/hostedtoolcache/Python/3.12.12/x64/lib/python3.12/site-packages/appium/webdriver/appium_connection.py:65: UserWarning: Embedding username and password in URL could be insecure, use ClientConfig instead
  return {**super().get_remote_connection_headers(parsed_url, keep_alive=keep_alive), **cls.extra_headers}
/opt/hostedtoolcache/Python/3.12.12/x64/lib/python3.12/site-packages/appium/webdriver/appium_connection.py:65: UserWarning: Embedding username and password in URL could be insecure, use ClientConfig instead
  return {**super().get_remote_connection_headers(parsed_url, keep_alive=keep_alive), **cls.extra_headers}</msg>
<arg>${resultSearch.${PLATFORM_NAME}.videoSpeaker}</arg>
<arg>${speaker}</arg>
<doc>Verifies the element identified by ``locator`` contains the text ``expected``.</doc>
<status status="PASS" start="2025-12-17T19:37:45.405235" elapsed="0.465678"/>
</kw>
<status status="PASS" start="2025-12-17T19:37:42.997010" elapsed="2.874024"/>
</kw>
<kw name="Run Keywords" owner="BuiltIn" type="TEARDOWN">
<kw name="Update Test Case Status in BrowserStack" owner="BrowserstackLibrary">
<msg time="2025-12-17T19:37:45.872774" level="INFO">Appium Session ID: 3222f7c32c9e504fe7aeda15c4ac43ccec524ee9</msg>
<msg time="2025-12-17T19:37:46.114138" level="INFO">PASS
{"status": "passed", "reason": "Test Passed"}</msg>
<doc>This keyword must be used as 'TEARDOWN TEST'. </doc>
<status status="PASS" start="2025-12-17T19:37:45.871713" elapsed="0.242506"/>
</kw>
<kw name="Close Application" owner="AppiumLibrary">
<msg time="2025-12-17T19:37:46.841397" level="INFO">/opt/hostedtoolcache/Python/3.12.12/x64/lib/python3.12/site-packages/appium/webdriver/appium_connection.py:65: UserWarning: Embedding username and password in URL could be insecure, use ClientConfig instead
  return {**super().get_remote_connection_headers(parsed_url, keep_alive=keep_alive), **cls.extra_headers}</msg>
<doc>Closes the current application and the webdriver session.</doc>
<status status="PASS" start="2025-12-17T19:37:46.114398" elapsed="0.727135"/>
</kw>
<arg>Update Test Case Status in BrowserStack</arg>
<arg>Close Application</arg>
<doc>Executes all the given keywords in a sequence.</doc>
<status status="PASS" start="2025-12-17T19:37:45.871304" elapsed="0.970370"/>
</kw>
<tag>regressivo</tag>
<status status="PASS" start="2025-12-17T19:36:52.842650" elapsed="53.999086"/>
</test>
<status status="PASS" start="2025-12-17T19:36:52.823122" elapsed="54.018970"/>
</suite>
<suite id="s1-s1-s3" name="Surpreenda-me" source="/home/runner/work/AppiumRobot/AppiumRobot/tests/Surpreenda-me.robot">
<test id="s1-s1-s3-t1" name="Cenário: Acessar Surpreenda-me" line="6">
<kw name="Open TED App" owner="openApp" type="SETUP">
<if>
<branch type="IF" condition="'${EMULATOR}' == 'local'">
<kw name="Open Application" owner="AppiumLibrary">
<arg>remote_url=http://localhost:4723</arg>
<arg>automationName=UIAutomator2</arg>
<arg>platformName=${PLATFORM_NAME}</arg>
<arg>deviceName=Google Pixel 7 Pro</arg>
<arg>app=/home/runner/work/AppiumRobot/AppiumRobot/resources/utils${/}..${/}app${/}app.apk</arg>
<arg>disableIdLocatorAutocompletion=${True}</arg>
<doc>Opens a new application to the given Appium server.
Capabilities of appium server, Android and iOS,
Please check https://appium.io/docs/en/2.19/guides/caps/
| *Option*            | *Man.* | *Description*     |
| remote_url          | Yes    | Appium server url |
| alias               | No     | alias             |</doc>
<status status="NOT RUN" start="2025-12-17T19:37:46.850364" elapsed="0.000019"/>
</kw>
<status status="NOT RUN" start="2025-12-17T19:37:46.850168" elapsed="0.000257"/>
</branch>
<branch type="ELSE IF" condition="'${EMULATOR}' == 'browserstack'">
<kw name="Open Application In Browserstack" owner="BrowserstackLibrary">
<msg time="2025-12-17T19:38:05.731166" level="INFO">/opt/hostedtoolcache/Python/3.12.12/x64/lib/python3.12/site-packages/appium/webdriver/appium_connection.py:65: UserWarning: Embedding username and password in URL could be insecure, use ClientConfig instead
  return {**super().get_remote_connection_headers(parsed_url, keep_alive=keep_alive), **cls.extra_headers}</msg>
<arg>automationName=UIAutomator2</arg>
<arg>platformName=${PLATFORM_NAME}</arg>
<arg>deviceName=Google Pixel 7 Pro</arg>
<arg>project=TED_ROBOTCOURSES</arg>
<arg>build=TED_%{GH_ACTIONS_RUNNER=LOCAL}</arg>
<arg>name=${TEST_NAME}</arg>
<arg>bstack:options=${BROWSERSTACK_OPTIONS}</arg>
<arg>disableIdLocatorAutocompletion=${True}</arg>
<arg>browserstack.idleTimeout=60</arg>
<arg>interactiveDebugging=${True}</arg>
<doc>This keyword will open the application in Browserstack, sending the desired 
capabilities that have been configured.</doc>
<status status="PASS" start="2025-12-17T19:37:46.850637" elapsed="18.880627"/>
</kw>
<status status="PASS" start="2025-12-17T19:37:46.850450" elapsed="18.880911"/>
</branch>
<status status="PASS" start="2025-12-17T19:37:46.850145" elapsed="18.881260"/>
</if>
<status status="PASS" start="2025-12-17T19:37:46.849979" elapsed="18.881484"/>
</kw>
<kw name="Access TED APP Without Login" owner="customKeywords">
<kw name="Click in Lets Go" owner="welcomePage">
<kw name="Wait Visible And Click Element" owner="customKeywords">
<kw name="Wait Until Element Is Visible" owner="AppiumLibrary">
<msg time="2025-12-17T19:38:08.244327" level="INFO">criteria is Next
criteria is Next</msg>
<msg time="2025-12-17T19:38:08.244411" level="INFO">/opt/hostedtoolcache/Python/3.12.12/x64/lib/python3.12/site-packages/appium/webdriver/appium_connection.py:65: UserWarning: Embedding username and password in URL could be insecure, use ClientConfig instead
  return {**super().get_remote_connection_headers(parsed_url, keep_alive=keep_alive), **cls.extra_headers}
/opt/hostedtoolcache/Python/3.12.12/x64/lib/python3.12/site-packages/appium/webdriver/appium_connection.py:65: UserWarning: Embedding username and password in URL could be insecure, use ClientConfig instead
  return {**super().get_remote_connection_headers(parsed_url, keep_alive=keep_alive), **cls.extra_headers}
/opt/hostedtoolcache/Python/3.12.12/x64/lib/python3.12/site-packages/appium/webdriver/appium_connection.py:65: UserWarning: Embedding username and password in URL could be insecure, use ClientConfig instead
  return {**super().get_remote_connection_headers(parsed_url, keep_alive=keep_alive), **cls.extra_headers}</msg>
<arg>${locator}</arg>
<doc>Waits until the element specified by the ``locator`` is visible.</doc>
<status status="PASS" start="2025-12-17T19:38:05.732800" elapsed="2.511709"/>
</kw>
<kw name="Click Element" owner="AppiumLibrary">
<msg time="2025-12-17T19:38:08.245837" level="INFO">Clicking element 'Next'.</msg>
<msg time="2025-12-17T19:38:09.216388" level="INFO">criteria is Next</msg>
<msg time="2025-12-17T19:38:09.216469" level="INFO">/opt/hostedtoolcache/Python/3.12.12/x64/lib/python3.12/site-packages/appium/webdriver/appium_connection.py:65: UserWarning: Embedding username and password in URL could be insecure, use ClientConfig instead
  return {**super().get_remote_connection_headers(parsed_url, keep_alive=keep_alive), **cls.extra_headers}
/opt/hostedtoolcache/Python/3.12.12/x64/lib/python3.12/site-packages/appium/webdriver/appium_connection.py:65: UserWarning: Embedding username and password in URL could be insecure, use ClientConfig instead
  return {**super().get_remote_connection_headers(parsed_url, keep_alive=keep_alive), **cls.extra_headers}</msg>
<arg>${locator}</arg>
<doc>Clicks the element identified by ``locator``.</doc>
<status status="PASS" start="2025-12-17T19:38:08.244766" elapsed="0.971856"/>
</kw>
<arg>${welcome.nextButton}</arg>
<status status="PASS" start="2025-12-17T19:38:05.732247" elapsed="3.484489"/>
</kw>
<kw name="Wait Visible And Click Element" owner="customKeywords">
<kw name="Wait Until Element Is Visible" owner="AppiumLibrary">
<msg time="2025-12-17T19:38:10.563313" level="INFO">criteria is Next</msg>
<msg time="2025-12-17T19:38:10.563375" level="INFO">/opt/hostedtoolcache/Python/3.12.12/x64/lib/python3.12/site-packages/appium/webdriver/appium_connection.py:65: UserWarning: Embedding username and password in URL could be insecure, use ClientConfig instead
  return {**super().get_remote_connection_headers(parsed_url, keep_alive=keep_alive), **cls.extra_headers}
/opt/hostedtoolcache/Python/3.12.12/x64/lib/python3.12/site-packages/appium/webdriver/appium_connection.py:65: UserWarning: Embedding username and password in URL could be insecure, use ClientConfig instead
  return {**super().get_remote_connection_headers(parsed_url, keep_alive=keep_alive), **cls.extra_headers}</msg>
<arg>${locator}</arg>
<doc>Waits until the element specified by the ``locator`` is visible.</doc>
<status status="PASS" start="2025-12-17T19:38:09.217550" elapsed="1.345952"/>
</kw>
<kw name="Click Element" owner="AppiumLibrary">
<msg time="2025-12-17T19:38:10.564901" level="INFO">Clicking element 'Next'.</msg>
<msg time="2025-12-17T19:38:11.078713" level="INFO">criteria is Next</msg>
<msg time="2025-12-17T19:38:11.078794" level="INFO">/opt/hostedtoolcache/Python/3.12.12/x64/lib/python3.12/site-packages/appium/webdriver/appium_connection.py:65: UserWarning: Embedding username and password in URL could be insecure, use ClientConfig instead
  return {**super().get_remote_connection_headers(parsed_url, keep_alive=keep_alive), **cls.extra_headers}
/opt/hostedtoolcache/Python/3.12.12/x64/lib/python3.12/site-packages/appium/webdriver/appium_connection.py:65: UserWarning: Embedding username and password in URL could be insecure, use ClientConfig instead
  return {**super().get_remote_connection_headers(parsed_url, keep_alive=keep_alive), **cls.extra_headers}</msg>
<arg>${locator}</arg>
<doc>Clicks the element identified by ``locator``.</doc>
<status status="PASS" start="2025-12-17T19:38:10.563743" elapsed="0.515141"/>
</kw>
<arg>${welcome.nextButton}</arg>
<status status="PASS" start="2025-12-17T19:38:09.216943" elapsed="1.862061"/>
</kw>
<status status="PASS" start="2025-12-17T19:38:05.732038" elapsed="5.347047"/>
</kw>
<kw name="Select Interests" owner="interestPage">
<kw name="Wait Visible And Click Element" owner="customKeywords">
[...]
<msg time="2025-12-17T19:38:15.385198" level="INFO">/opt/hostedtoolcache/Python/3.12.12/x64/lib/python3.12/site-packages/appium/webdriver/appium_connection.py:65: UserWarning: Embedding username and password in URL could be insecure, use ClientConfig instead
  return {**super().get_remote_connection_headers(parsed_url, keep_alive=keep_alive), **cls.extra_headers}
/opt/hostedtoolcache/Python/3.12.12/x64/lib/python3.12/site-packages/appium/webdriver/appium_connection.py:65: UserWarning: Embedding username and password in URL could be insecure, use ClientConfig instead
  return {**super().get_remote_connection_headers(parsed_url, keep_alive=keep_alive), **cls.extra_headers}</msg>
<arg>${locator}</arg>
<doc>Waits until the element specified by the ``locator`` is visible.</doc>
<status status="PASS" start="2025-12-17T19:38:14.001379" elapsed="1.383938"/>
</kw>
<kw name="Click Element" owner="AppiumLibrary">
<msg time="2025-12-17T19:38:15.386643" level="INFO">Clicking element '//android.widget.TextView[@resource-id="Typography" and @text="Professional growth"]'.</msg>
<msg time="2025-12-17T19:38:16.645413" level="INFO">xpath criteria: //android.widget.TextView[@resource-id="Typography" and @text="Professional growth"]</msg>
<msg time="2025-12-17T19:38:16.645491" level="INFO">/opt/hostedtoolcache/Python/3.12.12/x64/lib/python3.12/site-packages/appium/webdriver/appium_connection.py:65: UserWarning: Embedding username and password in URL could be insecure, use ClientConfig instead
  return {**super().get_remote_connection_headers(parsed_url, keep_alive=keep_alive), **cls.extra_headers}
/opt/hostedtoolcache/Python/3.12.12/x64/lib/python3.12/site-packages/appium/webdriver/appium_connection.py:65: UserWarning: Embedding username and password in URL could be insecure, use ClientConfig instead
  return {**super().get_remote_connection_headers(parsed_url, keep_alive=keep_alive), **cls.extra_headers}</msg>
<arg>${locator}</arg>
<doc>Clicks the element identified by ``locator``.</doc>
<status status="PASS" start="2025-12-17T19:38:15.385523" elapsed="1.260072"/>
</kw>
<arg>${lookingFor.${PLATFORM_NAME}.lookingForList.format(text='${lookingForName}')}</arg>
<status status="PASS" start="2025-12-17T19:38:14.000515" elapsed="2.645192"/>
</kw>
<kw name="Wait Enabled And Click Element" owner="customKeywords">
<kw name="Wait Until Element Is Enabled" owner="customKeywords">
<while condition="${True}">
<iter>
<kw name="Run Keyword And Return Status" owner="BuiltIn">
<kw name="Element Should Be Enabled" owner="AppiumLibrary">
<msg time="2025-12-17T19:38:16.647476" level="WARN">Keyword 'AppiumLibrary.Element Should Be Enabled' is deprecated. Use `Expect Element` instead
Verifies that the element identified by ``locator`` is enabled.</msg>
<msg time="2025-12-17T19:38:17.516465" level="INFO">Element 'Next' is enabled .</msg>
<msg time="2025-12-17T19:38:17.516590" level="INFO">criteria is Next</msg>
<msg time="2025-12-17T19:38:17.516628" level="INFO">/opt/hostedtoolcache/Python/3.12.12/x64/lib/python3.12/site-packages/appium/webdriver/appium_connection.py:65: UserWarning: Embedding username and password in URL could be insecure, use ClientConfig instead
  return {**super().get_remote_connection_headers(parsed_url, keep_alive=keep_alive), **cls.extra_headers}
/opt/hostedtoolcache/Python/3.12.12/x64/lib/python3.12/site-packages/appium/webdriver/appium_connection.py:65: UserWarning: Embedding username and password in URL could be insecure, use ClientConfig instead
  return {**super().get_remote_connection_headers(parsed_url, keep_alive=keep_alive), **cls.extra_headers}</msg>
<arg>${locator}</arg>
<doc>*DEPRECATED!!* Use `Expect Element` instead
Verifies that the element identified by ``locator`` is enabled.</doc>
<status status="PASS" start="2025-12-17T19:38:16.647453" elapsed="0.869248"/>
</kw>
<msg time="2025-12-17T19:38:17.516820" level="INFO">${status} = True</msg>
<var>${status}</var>
<arg>Element Should Be Enabled</arg>
<arg>${locator}</arg>
<doc>Runs the specified keyword and returns the status as a Boolean value.</doc>
<status status="PASS" start="2025-12-17T19:38:16.647146" elapsed="0.869704"/>
</kw>
<kw name="Exit For Loop If" owner="BuiltIn">
<msg time="2025-12-17T19:38:17.517369" level="INFO">Exiting for loop altogether.</msg>
<arg>${status}</arg>
<doc>Stops executing the enclosing FOR loop if the ``condition`` is true.</doc>
<status status="PASS" start="2025-12-17T19:38:17.517026" elapsed="0.000423"/>
</kw>
<status status="PASS" start="2025-12-17T19:38:16.646951" elapsed="0.870531"/>
</iter>
<status status="PASS" start="2025-12-17T19:38:16.646949" elapsed="0.870559"/>
</while>
<arg>${locator}</arg>
<timeout value="10 seconds"/>
<status status="PASS" start="2025-12-17T19:38:16.646710" elapsed="0.870871"/>
</kw>
<kw name="Click Element" owner="AppiumLibrary">
<msg time="2025-12-17T19:38:17.518636" level="INFO">Clicking element 'Next'.</msg>
<msg time="2025-12-17T19:38:17.939235" level="INFO">criteria is Next</msg>
<msg time="2025-12-17T19:38:17.939310" level="INFO">/opt/hostedtoolcache/Python/3.12.12/x64/lib/python3.12/site-packages/appium/webdriver/appium_connection.py:65: UserWarning: Embedding username and password in URL could be insecure, use ClientConfig instead
  return {**super().get_remote_connection_headers(parsed_url, keep_alive=keep_alive), **cls.extra_headers}
/opt/hostedtoolcache/Python/3.12.12/x64/lib/python3.12/site-packages/appium/webdriver/appium_connection.py:65: UserWarning: Embedding username and password in URL could be insecure, use ClientConfig instead
  return {**super().get_remote_connection_headers(parsed_url, keep_alive=keep_alive), **cls.extra_headers}</msg>
<arg>${locator}</arg>
<doc>Clicks the element identified by ``locator``.</doc>
<status status="PASS" start="2025-12-17T19:38:17.517681" elapsed="0.421705"/>
</kw>
<arg>${lookingFor.nextButton}</arg>
<status status="PASS" start="2025-12-17T19:38:16.645985" elapsed="1.293515"/>
</kw>
<arg>${lookingFor}</arg>
<status status="PASS" start="2025-12-17T19:38:14.000186" elapsed="3.939423"/>
</kw>
<kw name="Skip Sing In" owner="signInPage">
<kw name="Wait Visible And Click Element" owner="customKeywords">
<kw name="Wait Until Element Is Visible" owner="AppiumLibrary">
<msg time="2025-12-17T19:38:19.263486" level="INFO">criteria is SkipSignInLink</msg>
<msg time="2025-12-17T19:38:19.263607" level="INFO">/opt/hostedtoolcache/Python/3.12.12/x64/lib/python3.12/site-packages/appium/webdriver/appium_connection.py:65: UserWarning: Embedding username and password in URL could be insecure, use ClientConfig instead
  return {**super().get_remote_connection_headers(parsed_url, keep_alive=keep_alive), **cls.extra_headers}
/opt/hostedtoolcache/Python/3.12.12/x64/lib/python3.12/site-packages/appium/webdriver/appium_connection.py:65: UserWarning: Embedding username and password in URL could be insecure, use ClientConfig instead
  return {**super().get_remote_connection_headers(parsed_url, keep_alive=keep_alive), **cls.extra_headers}</msg>
<arg>${locator}</arg>
<doc>Waits until the element specified by the ``locator`` is visible.</doc>
<status status="PASS" start="2025-12-17T19:38:17.940684" elapsed="1.322997"/>
</kw>
<kw name="Click Element" owner="AppiumLibrary">
<msg time="2025-12-17T19:38:19.264959" level="INFO">Clicking element 'SkipSignInLink'.</msg>
<msg time="2025-12-17T19:38:19.799124" level="INFO">criteria is SkipSignInLink</msg>
<msg time="2025-12-17T19:38:19.799206" level="INFO">/opt/hostedtoolcache/Python/3.12.12/x64/lib/python3.12/site-packages/appium/webdriver/appium_connection.py:65: UserWarning: Embedding username and password in URL could be insecure, use ClientConfig instead
  return {**super().get_remote_connection_headers(parsed_url, keep_alive=keep_alive), **cls.extra_headers}
/opt/hostedtoolcache/Python/3.12.12/x64/lib/python3.12/site-packages/appium/webdriver/appium_connection.py:65: UserWarning: Embedding username and password in URL could be insecure, use ClientConfig instead
  return {**super().get_remote_connection_headers(parsed_url, keep_alive=keep_alive), **cls.extra_headers}</msg>
<arg>${locator}</arg>
<doc>Clicks the element identified by ``locator``.</doc>
<status status="PASS" start="2025-12-17T19:38:19.263883" elapsed="0.535402"/>
</kw>
<arg>${signIn.skipButton}</arg>
<status status="PASS" start="2025-12-17T19:38:17.940112" elapsed="1.859336"/>
</kw>
<status status="PASS" start="2025-12-17T19:38:17.939818" elapsed="1.859702"/>
</kw>
<kw name="View Home" owner="homePage">
<kw name="Wait Until Element Is Visible" owner="AppiumLibrary">
<msg time="2025-12-17T19:38:22.175724" level="INFO">criteria is HomeScreen
criteria is HomeScreen
criteria is HomeScreen</msg>
<msg time="2025-12-17T19:38:22.175816" level="INFO">/opt/hostedtoolcache/Python/3.12.12/x64/lib/python3.12/site-packages/appium/webdriver/appium_connection.py:65: UserWarning: Embedding username and password in URL could be insecure, use ClientConfig instead
  return {**super().get_remote_connection_headers(parsed_url, keep_alive=keep_alive), **cls.extra_headers}
/opt/hostedtoolcache/Python/3.12.12/x64/lib/python3.12/site-packages/appium/webdriver/appium_connection.py:65: UserWarning: Embedding username and password in URL could be insecure, use ClientConfig instead
  return {**super().get_remote_connection_headers(parsed_url, keep_alive=keep_alive), **cls.extra_headers}
/opt/hostedtoolcache/Python/3.12.12/x64/lib/python3.12/site-packages/appium/webdriver/appium_connection.py:65: UserWarning: Embedding username and password in URL could be insecure, use ClientConfig instead
  return {**super().get_remote_connection_headers(parsed_url, keep_alive=keep_alive), **cls.extra_headers}
/opt/hostedtoolcache/Python/3.12.12/x64/lib/python3.12/site-packages/appium/webdriver/appium_connection.py:65: UserWarning: Embedding username and password in URL could be insecure, use ClientConfig instead
  return {**super().get_remote_connection_headers(parsed_url, keep_alive=keep_alive), **cls.extra_headers}</msg>
<arg>${home.${PLATFORM_NAME}.homeScreen}</arg>
<doc>Waits until the element specified by the ``locator`` is visible.</doc>
<status status="PASS" start="2025-12-17T19:38:19.799998" elapsed="2.375898"/>
</kw>
<status status="PASS" start="2025-12-17T19:38:19.799738" elapsed="2.376236"/>
</kw>
<arg>interest=Technology</arg>
<arg>lookingFor=Professional growth</arg>
<status status="PASS" start="2025-12-17T19:38:05.731714" elapsed="16.444326"/>
</kw>
<kw name="Click in Surprise Me" owner="homePage">
<kw name="Swipe Until Element Is Visible" owner="customKeywords">
<kw name="Get Window Width" owner="AppiumLibrary">
<msg time="2025-12-17T19:38:22.369426" level="INFO">/opt/hostedtoolcache/Python/3.12.12/x64/lib/python3.12/site-packages/appium/webdriver/appium_connection.py:65: UserWarning: Embedding username and password in URL could be insecure, use ClientConfig instead
  return {**super().get_remote_connection_headers(parsed_url, keep_alive=keep_alive), **cls.extra_headers}</msg>
<msg time="2025-12-17T19:38:22.369671" level="INFO">${x} = 1080</msg>
<var>${x}</var>
<doc>Returns the current device window width.</doc>
<status status="PASS" start="2025-12-17T19:38:22.177223" elapsed="0.192490"/>
</kw>
<kw name="Get Window Height" owner="AppiumLibrary">
<msg time="2025-12-17T19:38:22.556651" level="INFO">/opt/hostedtoolcache/Python/3.12.12/x64/lib/python3.12/site-packages/appium/webdriver/appium_connection.py:65: UserWarning: Embedding username and password in URL could be insecure, use ClientConfig instead
  return {**super().get_remote_connection_headers(parsed_url, keep_alive=keep_alive), **cls.extra_headers}</msg>
<msg time="2025-12-17T19:38:22.556824" level="INFO">${y} = 2179</msg>
<var>${y}</var>
<doc>Returns the current device window height.</doc>
<status status="PASS" start="2025-12-17T19:38:22.369909" elapsed="0.186941"/>
</kw>
<kw name="Evaluate" owner="BuiltIn">
<msg time="2025-12-17T19:38:22.557481" level="INFO">${start_x} = 540.0</msg>
<var>${start_x}</var>
<arg>${x} / 2</arg>
<doc>Evaluates the given expression in Python and returns the result.</doc>
<status status="PASS" start="2025-12-17T19:38:22.557067" elapsed="0.000438"/>
</kw>
<kw name="Evaluate" owner="BuiltIn">
<msg time="2025-12-17T19:38:22.557896" level="INFO">${start_y} = 1089.5</msg>
<var>${start_y}</var>
<arg>${y} / 2</arg>
<doc>Evaluates the given expression in Python and returns the result.</doc>
<status status="PASS" start="2025-12-17T19:38:22.557624" elapsed="0.000294"/>
</kw>
<while condition="${True}">
<iter>
<kw name="Run Keyword And Return Status" owner="BuiltIn">
<kw name="Wait Until Element Is Visible" owner="AppiumLibrary">
<msg time="2025-12-17T19:38:23.075189" level="INFO">criteria is BottomTab_SurpriseMe</msg>
<msg time="2025-12-17T19:38:23.075273" level="INFO">/opt/hostedtoolcache/Python/3.12.12/x64/lib/python3.12/site-packages/appium/webdriver/appium_connection.py:65: UserWarning: Embedding username and password in URL could be insecure, use ClientConfig instead
  return {**super().get_remote_connection_headers(parsed_url, keep_alive=keep_alive), **cls.extra_headers}
/opt/hostedtoolcache/Python/3.12.12/x64/lib/python3.12/site-packages/appium/webdriver/appium_connection.py:65: UserWarning: Embedding username and password in URL could be insecure, use ClientConfig instead
  return {**super().get_remote_connection_headers(parsed_url, keep_alive=keep_alive), **cls.extra_headers}</msg>
<arg>${locator}</arg>
<arg>1</arg>
<doc>Waits until the element specified by the ``locator`` is visible.</doc>
<status status="PASS" start="2025-12-17T19:38:22.558460" elapsed="0.516893"/>
</kw>
<msg time="2025-12-17T19:38:23.075535" level="INFO">${status} = True</msg>
<var>${status}</var>
<arg>Wait Until Element Is Visible</arg>
<arg>${locator}</arg>
<arg>1</arg>
<doc>Runs the specified keyword and returns the status as a Boolean value.</doc>
<status status="PASS" start="2025-12-17T19:38:22.558202" elapsed="0.517393"/>
</kw>
<if>
<branch type="IF" condition="${status}">
<kw name="Exit For Loop" owner="BuiltIn">
<msg time="2025-12-17T19:38:23.076271" level="INFO">Exiting for loop altogether.</msg>
<doc>Stops executing the enclosing FOR loop.</doc>
<status status="PASS" start="2025-12-17T19:38:23.075970" elapsed="0.000380"/>
</kw>
<status status="PASS" start="2025-12-17T19:38:23.075727" elapsed="0.000656"/>
</branch>
<status status="PASS" start="2025-12-17T19:38:23.075691" elapsed="0.000720"/>
</if>
<kw name="Swipe" owner="AppiumLibrary">
<arg>start_x=${start_x}</arg>
<arg>start_y=${start_y}</arg>
<arg>offset_x=${start_x}</arg>
<arg>offset_y=0</arg>
<doc>Swipes from one point to another point, for an optional ``duration``.</doc>
<status status="NOT RUN" start="2025-12-17T19:38:23.076504" elapsed="0.000019"/>
</kw>
<status status="PASS" start="2025-12-17T19:38:22.557968" elapsed="0.518611"/>
</iter>
<status status="PASS" start="2025-12-17T19:38:22.557966" elapsed="0.518644"/>
</while>
<arg>${home.${PLATFORM_NAME}.surpriseMeButton}</arg>
<status status="PASS" start="2025-12-17T19:38:22.176650" elapsed="0.900014"/>
</kw>
<kw name="Click Element" owner="AppiumLibrary">
<msg time="2025-12-17T19:38:23.078024" level="INFO">Clicking element 'BottomTab_SurpriseMe'.</msg>
<msg time="2025-12-17T19:38:23.522677" level="INFO">criteria is BottomTab_SurpriseMe</msg>
<msg time="2025-12-17T19:38:23.522756" level="INFO">/opt/hostedtoolcache/Python/3.12.12/x64/lib/python3.12/site-packages/appium/webdriver/appium_connection.py:65: UserWarning: Embedding username and password in URL could be insecure, use ClientConfig instead
  return {**super().get_remote_connection_headers(parsed_url, keep_alive=keep_alive), **cls.extra_headers}
/opt/hostedtoolcache/Python/3.12.12/x64/lib/python3.12/site-packages/appium/webdriver/appium_connection.py:65: UserWarning: Embedding username and password in URL could be insecure, use ClientConfig instead
  return {**super().get_remote_connection_headers(parsed_url, keep_alive=keep_alive), **cls.extra_headers}</msg>
<arg>${home.${PLATFORM_NAME}.surpriseMeButton}</arg>
<doc>Clicks the element identified by ``locator``.</doc>
<status status="PASS" start="2025-12-17T19:38:23.076754" elapsed="0.446085"/>
</kw>
<status status="PASS" start="2025-12-17T19:38:22.176259" elapsed="1.346701"/>
</kw>
<kw name="Run Keywords" owner="BuiltIn" type="TEARDOWN">
<kw name="Update Test Case Status in BrowserStack" owner="BrowserstackLibrary">
<msg time="2025-12-17T19:38:23.524940" level="INFO">Appium Session ID: 1b60f5e0acd3894498e21372ce840e99940532ee</msg>
<msg time="2025-12-17T19:38:23.849029" level="INFO">PASS
{"status": "passed", "reason": "Test Passed"}</msg>
<doc>This keyword must be used as 'TEARDOWN TEST'. </doc>
<status status="PASS" start="2025-12-17T19:38:23.523890" elapsed="0.325218"/>
</kw>
<kw name="Close Application" owner="AppiumLibrary">
<msg time="2025-12-17T19:38:24.514009" level="INFO">/opt/hostedtoolcache/Python/3.12.12/x64/lib/python3.12/site-packages/appium/webdriver/appium_connection.py:65: UserWarning: Embedding username and password in URL could be insecure, use ClientConfig instead
  return {**super().get_remote_connection_headers(parsed_url, keep_alive=keep_alive), **cls.extra_headers}</msg>
<doc>Closes the current application and the webdriver session.</doc>
<status status="PASS" start="2025-12-17T19:38:23.849288" elapsed="0.664851"/>
</kw>
<arg>Update Test Case Status in BrowserStack</arg>
<arg>Close Application</arg>
<doc>Executes all the given keywords in a sequence.</doc>
<status status="PASS" start="2025-12-17T19:38:23.523344" elapsed="0.990870"/>
</kw>
<tag>regressivo</tag>
<status status="PASS" start="2025-12-17T19:37:46.849507" elapsed="37.664781"/>
</test>
<status status="PASS" start="2025-12-17T19:37:46.842542" elapsed="37.672145"/>
</suite>
<status status="PASS" start="2025-12-17T19:35:45.723835" elapsed="158.791354"/>
</suite>
<status status="PASS" start="2025-12-17T19:35:45.691048" elapsed="158.824627"/>
</suite>
<statistics>
<total>
<stat pass="3" fail="0" skip="0">All Tests</stat>
</total>
<tag>
<stat pass="3" fail="0" skip="0">regressivo</stat>
</tag>
<suite>
<stat name="AppiumRobot" id="s1" pass="3" fail="0" skip="0">AppiumRobot</stat>
<stat name="Tests" id="s1-s1" pass="3" fail="0" skip="0">AppiumRobot.Tests</stat>
<stat name="Acessar-App" id="s1-s1-s1" pass="1" fail="0" skip="0">AppiumRobot.Tests.Acessar-App</stat>
<stat name="Pesquisar-Video" id="s1-s1-s2" pass="1" fail="0" skip="0">AppiumRobot.Tests.Pesquisar-Video</stat>
<stat name="Surpreenda-me" id="s1-s1-s3" pass="1" fail="0" skip="0">AppiumRobot.Tests.Surpreenda-me</stat>
</suite>
</statistics>
<errors>
<msg time="2025-12-17T19:36:43.140322" level="WARN">Keyword 'AppiumLibrary.Element Should Be Enabled' is deprecated. Use `Expect Element` instead
Verifies that the element identified by ``locator`` is enabled.</msg>
<msg time="2025-12-17T19:36:46.144120" level="WARN">Keyword 'AppiumLibrary.Element Should Be Enabled' is deprecated. Use `Expect Element` instead
Verifies that the element identified by ``locator`` is enabled.</msg>
<msg time="2025-12-17T19:37:21.479257" level="WARN">Keyword 'AppiumLibrary.Element Should Be Enabled' is deprecated. Use `Expect Element` instead
Verifies that the element identified by ``locator`` is enabled.</msg>
<msg time="2025-12-17T19:37:25.667374" level="WARN">Keyword 'AppiumLibrary.Element Should Be Enabled' is deprecated. Use `Expect Element` instead
Verifies that the element identified by ``locator`` is enabled.</msg>
<msg time="2025-12-17T19:38:12.505905" level="WARN">Keyword 'AppiumLibrary.Element Should Be Enabled' is deprecated. Use `Expect Element` instead
Verifies that the element identified by ``locator`` is enabled.</msg>
<msg time="2025-12-17T19:38:16.647476" level="WARN">Keyword 'AppiumLibrary.Element Should Be Enabled' is deprecated. Use `Expect Element` instead
Verifies that the element identified by ``locator`` is enabled.</msg>
</errors>
</robot>
