<?xml version="1.0" encoding="UTF-8"?>
<robot generator="Robot 7.4 (Python 3.12.12 on linux)" generated="2025-12-17T19:17:57.836082" rpa="false" schemaversion="5">
<suite id="s1" name="AppiumRobot" source="/home/runner/work/AppiumRobot/AppiumRobot">
<suite id="s1-s1" name="Tests" source="/home/runner/work/AppiumRobot/AppiumRobot/tests">
<kw name="Send App To Browserstack" owner="customKeywords" type="SETUP">
<if>
<branch type="IF" condition="'${EMULATOR}' == 'browserstack'">
<kw name="Upload Application to Browserstack" owner="BrowserstackLibrary">
<arg>app_name=ted.apk</arg>
<arg>app_path=/home/runner/work/AppiumRobot/AppiumRobot/resources/utils${/}..${/}app${/}app.apk</arg>
<arg>custom_id=TED_OUVINTE_123</arg>
<doc>Uploads an app to Browserstack, either through the PATH or app URL.</doc>
<status status="PASS" start="2025-12-17T19:17:58.119959" elapsed="1.389680"/>
</kw>
<status status="PASS" start="2025-12-17T19:17:58.119418" elapsed="1.390344"/>
</branch>
<status status="PASS" start="2025-12-17T19:17:58.119390" elapsed="1.390422"/>
</if>
<status status="PASS" start="2025-12-17T19:17:58.119199" elapsed="1.390686"/>
</kw>
<suite id="s1-s1-s1" name="Acessar-App" source="/home/runner/work/AppiumRobot/AppiumRobot/tests/Acessar-App.robot">
<test id="s1-s1-s1-t1" name="Cenário: Acessar TED sem Login" line="5">
<kw name="Open TED App" owner="openApp" type="SETUP">
<if>
<branch type="IF" condition="'${EMULATOR}' == 'local'">
<kw name="Open Application" owner="AppiumLibrary">
<arg>remote_url=http://localhost:4723</arg>
<arg>automationName=UIAutomator2</arg>
<arg>platformName=${PLATFORM_NAME}</arg>
<arg>deviceName=Google Pixel 7 Pro</arg>
<arg>app=/home/runner/work/AppiumRobot/AppiumRobot/resources/utils${/}..${/}app${/}app.apk</arg>
<arg>disableIdLocatorAutocompletion=${True}</arg>
<doc>Opens a new application to the given Appium server.
Capabilities of appium server, Android and iOS,
Please check https://appium.io/docs/en/2.19/guides/caps/
| *Option*            | *Man.* | *Description*     |
| remote_url          | Yes    | Appium server url |
| alias               | No     | alias             |</doc>
<status status="NOT RUN" start="2025-12-17T19:17:59.522776" elapsed="0.000024"/>
</kw>
<status status="NOT RUN" start="2025-12-17T19:17:59.522562" elapsed="0.000284"/>
</branch>
<branch type="ELSE IF" condition="'${EMULATOR}' == 'browserstack'">
<kw name="Open Application In Browserstack" owner="BrowserstackLibrary">
<msg time="2025-12-17T19:18:22.118437" level="INFO">/opt/hostedtoolcache/Python/3.12.12/x64/lib/python3.12/site-packages/appium/webdriver/appium_connection.py:65: UserWarning: Embedding username and password in URL could be insecure, use ClientConfig instead
  return {**super().get_remote_connection_headers(parsed_url, keep_alive=keep_alive), **cls.extra_headers}</msg>
<arg>automationName=UIAutomator2</arg>
<arg>platformName=${PLATFORM_NAME}</arg>
<arg>deviceName=Google Pixel 7 Pro</arg>
<arg>project=TED_ROBOTCOURSES</arg>
<arg>build=TED_%{GH_ACTIONS_RUNNER=LOCAL}</arg>
<arg>name=${TEST_NAME}</arg>
<arg>bstack:options=${BROWSERSTACK_OPTIONS}</arg>
<arg>disableIdLocatorAutocompletion=${True}</arg>
<arg>browserstack.idleTimeout=60</arg>
<arg>interactiveDebugging=${True}</arg>
<doc>This keyword will open the application in Browserstack, sending the desired 
capabilities that have been configured.</doc>
<status status="PASS" start="2025-12-17T19:17:59.523036" elapsed="22.595503"/>
</kw>
<status status="PASS" start="2025-12-17T19:17:59.522870" elapsed="22.595763"/>
</branch>
<status status="PASS" start="2025-12-17T19:17:59.522539" elapsed="22.596140"/>
</if>
<status status="PASS" start="2025-12-17T19:17:59.522352" elapsed="22.596425"/>
</kw>
<kw name="Click in Lets Go" owner="welcomePage">
<kw name="Wait Visible And Click Element" owner="customKeywords">
<kw name="Wait Until Element Is Visible" owner="AppiumLibrary">
<msg time="2025-12-17T19:18:24.619084" level="INFO">criteria is Next
criteria is Next
criteria is Next</msg>
<msg time="2025-12-17T19:18:24.619176" level="INFO">/opt/hostedtoolcache/Python/3.12.12/x64/lib/python3.12/site-packages/appium/webdriver/appium_connection.py:65: UserWarning: Embedding username and password in URL could be insecure, use ClientConfig instead
  return {**super().get_remote_connection_headers(parsed_url, keep_alive=keep_alive), **cls.extra_headers}
/opt/hostedtoolcache/Python/3.12.12/x64/lib/python3.12/site-packages/appium/webdriver/appium_connection.py:65: UserWarning: Embedding username and password in URL could be insecure, use ClientConfig instead
  return {**super().get_remote_connection_headers(parsed_url, keep_alive=keep_alive), **cls.extra_headers}
/opt/hostedtoolcache/Python/3.12.12/x64/lib/python3.12/site-packages/appium/webdriver/appium_connection.py:65: UserWarning: Embedding username and password in URL could be insecure, use ClientConfig instead
  return {**super().get_remote_connection_headers(parsed_url, keep_alive=keep_alive), **cls.extra_headers}
/opt/hostedtoolcache/Python/3.12.12/x64/lib/python3.12/site-packages/appium/webdriver/appium_connection.py:65: UserWarning: Embedding username and password in URL could be insecure, use ClientConfig instead
  return {**super().get_remote_connection_headers(parsed_url, keep_alive=keep_alive), **cls.extra_headers}</msg>
<arg>${locator}</arg>
<doc>Waits until the element specified by the ``locator`` is visible.</doc>
<status status="PASS" start="2025-12-17T19:18:22.119896" elapsed="2.499388"/>
</kw>
<kw name="Click Element" owner="AppiumLibrary">
<msg time="2025-12-17T19:18:24.621335" level="INFO">Clicking element 'Next'.</msg>
<msg time="2025-12-17T19:18:25.442963" level="INFO">criteria is Next</msg>
<msg time="2025-12-17T19:18:25.443037" level="INFO">/opt/hostedtoolcache/Python/3.12.12/x64/lib/python3.12/site-packages/appium/webdriver/appium_connection.py:65: UserWarning: Embedding username and password in URL could be insecure, use ClientConfig instead
  return {**super().get_remote_connection_headers(parsed_url, keep_alive=keep_alive), **cls.extra_headers}
/opt/hostedtoolcache/Python/3.12.12/x64/lib/python3.12/site-packages/appium/webdriver/appium_connection.py:65: UserWarning: Embedding username and password in URL could be insecure, use ClientConfig instead
  return {**super().get_remote_connection_headers(parsed_url, keep_alive=keep_alive), **cls.extra_headers}</msg>
<arg>${locator}</arg>
<doc>Clicks the element identified by ``locator``.</doc>
<status status="PASS" start="2025-12-17T19:18:24.619558" elapsed="0.823545"/>
</kw>
<arg>${welcome.nextButton}</arg>
<status status="PASS" start="2025-12-17T19:18:22.119366" elapsed="3.323842"/>
</kw>
<kw name="Wait Visible And Click Element" owner="customKeywords">
<kw name="Wait Until Element Is Visible" owner="AppiumLibrary">
<msg time="2025-12-17T19:18:26.902490" level="INFO">criteria is Next</msg>
<msg time="2025-12-17T19:18:26.902568" level="INFO">/opt/hostedtoolcache/Python/3.12.12/x64/lib/python3.12/site-packages/appium/webdriver/appium_connection.py:65: UserWarning: Embedding username and password in URL could be insecure, use ClientConfig instead
  return {**super().get_remote_connection_headers(parsed_url, keep_alive=keep_alive), **cls.extra_headers}
/opt/hostedtoolcache/Python/3.12.12/x64/lib/python3.12/site-packages/appium/webdriver/appium_connection.py:65: UserWarning: Embedding username and password in URL could be insecure, use ClientConfig instead
  return {**super().get_remote_connection_headers(parsed_url, keep_alive=keep_alive), **cls.extra_headers}</msg>
<arg>${locator}</arg>
<doc>Waits until the element specified by the ``locator`` is visible.</doc>
<status status="PASS" start="2025-12-17T19:18:25.444398" elapsed="1.458246"/>
</kw>
<kw name="Click Element" owner="AppiumLibrary">
<msg time="2025-12-17T19:18:26.904392" level="INFO">Clicking element 'Next'.</msg>
<msg time="2025-12-17T19:18:27.170034" level="INFO">criteria is Next</msg>
<msg time="2025-12-17T19:18:27.170095" level="INFO">/opt/hostedtoolcache/Python/3.12.12/x64/lib/python3.12/site-packages/appium/webdriver/appium_connection.py:65: UserWarning: Embedding username and password in URL could be insecure, use ClientConfig instead
  return {**super().get_remote_connection_headers(parsed_url, keep_alive=keep_alive), **cls.extra_headers}
/opt/hostedtoolcache/Python/3.12.12/x64/lib/python3.12/site-packages/appium/webdriver/appium_connection.py:65: UserWarning: Embedding username and password in URL could be insecure, use ClientConfig instead
  return {**super().get_remote_connection_headers(parsed_url, keep_alive=keep_alive), **cls.extra_headers}</msg>
<arg>${locator}</arg>
<doc>Clicks the element identified by ``locator``.</doc>
<status status="PASS" start="2025-12-17T19:18:26.902905" elapsed="0.267317"/>
</kw>
<arg>${welcome.nextButton}</arg>
<status status="PASS" start="2025-12-17T19:18:25.443507" elapsed="1.726862"/>
</kw>
<status status="PASS" start="2025-12-17T19:18:22.119046" elapsed="5.051400"/>
</kw>
<kw name="Select Interests" owner="interestPage">
<kw name="Wait Visible And Click Element" owner="customKeywords">
<kw name="Wait Until Element Is Visible" owner="AppiumLibrary">
<msg time="2025-12-17T19:18:27.634623" level="INFO">xpath criteria: //android.widget.TextView[@resource-id="Typography" and @text="Technology"]</msg>
<msg time="2025-12-17T19:18:27.634686" level="INFO">/opt/hostedtoolcache/Python/3.12.12/x64/lib/python3.12/site-packages/appium/webdriver/appium_connection.py:65: UserWarning: Embedding username and password in URL could be insecure, use ClientConfig instead
  return {**super().get_remote_connection_headers(parsed_url, keep_alive=keep_alive), **cls.extra_headers}
/opt/hostedtoolcache/Python/3.12.12/x64/lib/python3.12/site-packages/appium/webdriver/appium_connection.py:65: UserWarning: Embedding username and password in URL could be insecure, use ClientConfig instead
  return {**super().get_remote_connection_headers(parsed_url, keep_alive=keep_alive), **cls.extra_headers}</msg>
<arg>${locator}</arg>
<doc>Waits until the element specified by the ``locator`` is visible.</doc>
<status status="PASS" start="2025-12-17T19:18:27.171884" elapsed="0.462881"/>
</kw>
<kw name="Click Element" owner="AppiumLibrary">
<msg time="2025-12-17T19:18:27.636505" level="INFO">Clicking element '//android.widget.TextView[@resource-id="Typography" and @text="Technology"]'.</msg>
<msg time="2025-12-17T19:18:27.916365" level="INFO">xpath criteria: //android.widget.TextView[@resource-id="Typography" and @text="Technology"]</msg>
<msg time="2025-12-17T19:18:27.916444" level="INFO">/opt/hostedtoolcache/Python/3.12.12/x64/lib/python3.12/site-packages/appium/webdriver/appium_connection.py:65: UserWarning: Embedding username and password in URL could be insecure, use ClientConfig instead
  return {**super().get_remote_connection_headers(parsed_url, keep_alive=keep_alive), **cls.extra_headers}
/opt/hostedtoolcache/Python/3.12.12/x64/lib/python3.12/site-packages/appium/webdriver/appium_connection.py:65: UserWarning: Embedding username and password in URL could be insecure, use ClientConfig instead
  return {**super().get_remote_connection_headers(parsed_url, keep_alive=keep_alive), **cls.extra_headers}</msg>
<arg>${locator}</arg>
<doc>Clicks the element identified by ``locator``.</doc>
<status status="PASS" start="2025-12-17T19:18:27.634986" elapsed="0.281536"/>
</kw>
<arg>${interest.${PLATFORM_NAME}.interestList.format(text='${interestName}')}</arg>
<status status="PASS" start="2025-12-17T19:18:27.171171" elapsed="0.745475"/>
</kw>
<kw name="Wait Enabled And Click Element" owner="customKeywords">
<kw name="Wait Until Element Is Enabled" owner="customKeywords">
<while condition="${True}">
<iter>
<kw name="Run Keyword And Return Status" owner="BuiltIn">
<kw name="Element Should Be Enabled" owner="AppiumLibrary">
<msg time="2025-12-17T19:18:27.918763" level="WARN">Keyword 'AppiumLibrary.Element Should Be Enabled' is deprecated. Use `Expect Element` instead
Verifies that the element identified by ``locator`` is enabled.</msg>
<msg time="2025-12-17T19:18:28.718637" level="INFO">Element 'Next' is enabled .</msg>
<msg time="2025-12-17T19:18:28.718734" level="INFO">criteria is Next</msg>
<msg time="2025-12-17T19:18:28.718764" level="INFO">/opt/hostedtoolcache/Python/3.12.12/x64/lib/python3.12/site-packages/appium/webdriver/appium_connection.py:65: UserWarning: Embedding username and password in URL could be insecure, use ClientConfig instead
  return {**super().get_remote_connection_headers(parsed_url, keep_alive=keep_alive), **cls.extra_headers}
/opt/hostedtoolcache/Python/3.12.12/x64/lib/python3.12/site-packages/appium/webdriver/appium_connection.py:65: UserWarning: Embedding username and password in URL could be insecure, use ClientConfig instead
  return {**super().get_remote_connection_headers(parsed_url, keep_alive=keep_alive), **cls.extra_headers}</msg>
<arg>${locator}</arg>
<doc>*DEPRECATED!!* Use `Expect Element` instead
Verifies that the element identified by ``locator`` is enabled.</doc>
<status status="PASS" start="2025-12-17T19:18:27.918738" elapsed="0.800085"/>
</kw>
<msg time="2025-12-17T19:18:28.718967" level="INFO">${status} = True</msg>
<var>${status}</var>
<arg>Element Should Be Enabled</arg>
<arg>${locator}</arg>
<doc>Runs the specified keyword and returns the status as a Boolean value.</doc>
<status status="PASS" start="2025-12-17T19:18:27.918337" elapsed="0.800659"/>
</kw>
<kw name="Exit For Loop If" owner="BuiltIn">
<msg time="2025-12-17T19:18:28.719679" level="INFO">Exiting for loop altogether.</msg>
<arg>${status}</arg>
<doc>Stops executing the enclosing FOR loop if the ``condition`` is true.</doc>
<status status="PASS" start="2025-12-17T19:18:28.719204" elapsed="0.000591"/>
</kw>
<status status="PASS" start="2025-12-17T19:18:27.918076" elapsed="0.801758"/>
</iter>
<status status="PASS" start="2025-12-17T19:18:27.918073" elapsed="0.801794"/>
</while>
<arg>${locator}</arg>
<timeout value="10 seconds"/>
<status status="PASS" start="2025-12-17T19:18:27.917828" elapsed="0.802095"/>
</kw>
<kw name="Click Element" owner="AppiumLibrary">
<msg time="2025-12-17T19:18:28.721010" level="INFO">Clicking element 'Next'.</msg>
<msg time="2025-12-17T19:18:29.015860" level="INFO">criteria is Next</msg>
<msg time="2025-12-17T19:18:29.015924" level="INFO">/opt/hostedtoolcache/Python/3.12.12/x64/lib/python3.12/site-packages/appium/webdriver/appium_connection.py:65: UserWarning: Embedding username and password in URL could be insecure, use ClientConfig instead
  return {**super().get_remote_connection_headers(parsed_url, keep_alive=keep_alive), **cls.extra_headers}
/opt/hostedtoolcache/Python/3.12.12/x64/lib/python3.12/site-packages/appium/webdriver/appium_connection.py:65: UserWarning: Embedding username and password in URL could be insecure, use ClientConfig instead
  return {**super().get_remote_connection_headers(parsed_url, keep_alive=keep_alive), **cls.extra_headers}</msg>
<arg>${locator}</arg>
<doc>Clicks the element identified by ``locator``.</doc>
<status status="PASS" start="2025-12-17T19:18:28.720029" elapsed="0.295971"/>
</kw>
<arg>${interest.nextButton}</arg>
<status status="PASS" start="2025-12-17T19:18:27.916929" elapsed="1.099179"/>
</kw>
<arg>Technology</arg>
<status status="PASS" start="2025-12-17T19:18:27.170727" elapsed="1.845456"/>
</kw>
<kw name="Select Looking For" owner="lookingForPage">
<kw name="Wait Visible And Click Element" owner="customKeywords">
<kw name="Wait Until Element Is Visible" owner="AppiumLibrary">
<msg time="2025-12-17T19:18:30.225485" level="INFO">xpath criteria: //android.widget.TextView[@resource-id="Typography" and @text="Professional growth"]
xpath criteria: //android.widget.TextView[@resource-id="Typography" and @text="Professional growth"]</msg>
<msg time="2025-12-17T19:18:30.225559" level="INFO">/opt/hostedtoolcache/Python/3.12.12/x64/lib/python3.12/site-packages/appium/webdriver/appium_connection.py:65: UserWarning: Embedding username and password in URL could be insecure, use ClientConfig instead
  return {**super().get_remote_connection_headers(parsed_url, keep_alive=keep_alive), **cls.extra_headers}
/opt/hostedtoolcache/Python/3.12.12/x64/lib/python3.12/site-packages/appium/webdriver/appium_connection.py:65: UserWarning: Embedding username and password in URL could be insecure, use ClientConfig instead
  return {**super().get_remote_connection_headers(parsed_url, keep_alive=keep_alive), **cls.extra_headers}
/opt/hostedtoolcache/Python/3.12.12/x64/lib/python3.12/site-packages/appium/webdriver/appium_connection.py:65: UserWarning: Embedding username and password in URL could be insecure, use ClientConfig instead
  return {**super().get_remote_connection_headers(parsed_url, keep_alive=keep_alive), **cls.extra_headers}</msg>
<arg>${locator}</arg>
<doc>Waits until the element specified by the ``locator`` is visible.</doc>
<status status="PASS" start="2025-12-17T19:18:29.017657" elapsed="1.207969"/>
</kw>
<kw name="Click Element" owner="AppiumLibrary">
<msg time="2025-12-17T19:18:30.227034" level="INFO">Clicking element '//android.widget.TextView[@resource-id="Typography" and @text="Professional growth"]'.</msg>
<msg time="2025-12-17T19:18:30.416624" level="INFO">xpath criteria: //android.widget.TextView[@resource-id="Typography" and @text="Professional growth"]</msg>
<msg time="2025-12-17T19:18:30.416696" level="INFO">/opt/hostedtoolcache/Python/3.12.12/x64/lib/python3.12/site-packages/appium/webdriver/appium_connection.py:65: UserWarning: Embedding username and password in URL could be insecure, use ClientConfig instead
  return {**super().get_remote_connection_headers(parsed_url, keep_alive=keep_alive), **cls.extra_headers}
/opt/hostedtoolcache/Python/3.12.12/x64/lib/python3.12/site-packages/appium/webdriver/appium_connection.py:65: UserWarning: Embedding username and password in URL could be insecure, use ClientConfig instead
  return {**super().get_remote_connection_headers(parsed_url, keep_alive=keep_alive), **cls.extra_headers}</msg>
<arg>${locator}</arg>
<doc>Clicks the element identified by ``locator``.</doc>
<status status="PASS" start="2025-12-17T19:18:30.225909" elapsed="0.190862"/>
</kw>
<arg>${lookingFor.${PLATFORM_NAME}.lookingForList.format(text='${lookingForName}')}</arg>
<status status="PASS" start="2025-12-17T19:18:29.016943" elapsed="1.399942"/>
</kw>
<kw name="Wait Enabled And Click Element" owner="customKeywords">
<kw name="Wait Until Element Is Enabled" owner="customKeywords">
<while condition="${True}">
<iter>
<kw name="Run Keyword And Return Status" owner="BuiltIn">
<kw name="Element Should Be Enabled" owner="AppiumLibrary">
<msg time="2025-12-17T19:18:30.418680" level="WARN">Keyword 'AppiumLibrary.Element Should Be Enabled' is deprecated. Use `Expect Element` instead
Verifies that the element identified by ``locator`` is enabled.</msg>
<msg time="2025-12-17T19:18:31.243766" level="INFO">Element 'Next' is enabled .</msg>
<msg time="2025-12-17T19:18:31.243864" level="INFO">criteria is Next</msg>
<msg time="2025-12-17T19:18:31.243895" level="INFO">/opt/hostedtoolcache/Python/3.12.12/x64/lib/python3.12/site-packages/appium/webdriver/appium_connection.py:65: UserWarning: Embedding username and password in URL could be insecure, use ClientConfig instead
  return {**super().get_remote_connection_headers(parsed_url, keep_alive=keep_alive), **cls.extra_headers}
/opt/hostedtoolcache/Python/3.12.12/x64/lib/python3.12/site-packages/appium/webdriver/appium_connection.py:65: UserWarning: Embedding username and password in URL could be insecure, use ClientConfig instead
  return {**super().get_remote_connection_headers(parsed_url, keep_alive=keep_alive), **cls.extra_headers}</msg>
<arg>${locator}</arg>
<doc>*DEPRECATED!!* Use `Expect Element` instead
Verifies that the element identified by ``locator`` is enabled.</doc>
<status status="PASS" start="2025-12-17T19:18:30.418656" elapsed="0.825299"/>
</kw>
<msg time="2025-12-17T19:18:31.244110" level="INFO">${status} = True</msg>
<var>${status}</var>
<arg>Element Should Be Enabled</arg>
<arg>${locator}</arg>
<doc>Runs the specified keyword and returns the status as a Boolean value.</doc>
<status status="PASS" start="2025-12-17T19:18:30.418340" elapsed="0.825798"/>
</kw>
<kw name="Exit For Loop If" owner="BuiltIn">
<msg time="2025-12-17T19:18:31.244800" level="INFO">Exiting for loop altogether.</msg>
<arg>${status}</arg>
<doc>Stops executing the enclosing FOR loop if the ``condition`` is true.</doc>
<status status="PASS" start="2025-12-17T19:18:31.244372" elapsed="0.000530"/>
</kw>
<status status="PASS" start="2025-12-17T19:18:30.418099" elapsed="0.826841"/>
</iter>
<status status="PASS" start="2025-12-17T19:18:30.418097" elapsed="0.826876"/>
</while>
<arg>${locator}</arg>
<timeout value="10 seconds"/>
<status status="PASS" start="2025-12-17T19:18:30.417863" elapsed="0.827166"/>
</kw>
<kw name="Click Element" owner="AppiumLibrary">
<msg time="2025-12-17T19:18:31.246103" level="INFO">Clicking element 'Next'.</msg>
<msg time="2025-12-17T19:18:31.479106" level="INFO">criteria is Next</msg>
<msg time="2025-12-17T19:18:31.479175" level="INFO">/opt/hostedtoolcache/Python/3.12.12/x64/lib/python3.12/site-packages/appium/webdriver/appium_connection.py:65: UserWarning: Embedding username and password in URL could be insecure, use ClientConfig instead
  return {**super().get_remote_connection_headers(parsed_url, keep_alive=keep_alive), **cls.extra_headers}
/opt/hostedtoolcache/Python/3.12.12/x64/lib/python3.12/site-packages/appium/webdriver/appium_connection.py:65: UserWarning: Embedding username and password in URL could be insecure, use ClientConfig instead
  return {**super().get_remote_connection_headers(parsed_url, keep_alive=keep_alive), **cls.extra_headers}</msg>
<arg>${locator}</arg>
<doc>Clicks the element identified by ``locator``.</doc>
<status status="PASS" start="2025-12-17T19:18:31.245131" elapsed="0.234116"/>
</kw>
<arg>${lookingFor.nextButton}</arg>
<status status="PASS" start="2025-12-17T19:18:30.417142" elapsed="1.062234"/>
</kw>
<arg>Professional growth</arg>
<status status="PASS" start="2025-12-17T19:18:29.016496" elapsed="2.462957"/>
</kw>
<kw name="Skip Sing In" owner="signInPage">
<kw name="Wait Visible And Click Element" owner="customKeywords">
<kw name="Wait Until Element Is Visible" owner="AppiumLibrary">
<msg time="2025-12-17T19:18:32.575426" level="INFO">criteria is SkipSignInLink</msg>
<msg time="2025-12-17T19:18:32.575507" level="INFO">/opt/hostedtoolcache/Python/3.12.12/x64/lib/python3.12/site-packages/appium/webdriver/appium_connection.py:65: UserWarning: Embedding username and password in URL could be insecure, use ClientConfig instead
  return {**super().get_remote_connection_headers(parsed_url, keep_alive=keep_alive), **cls.extra_headers}
/opt/hostedtoolcache/Python/3.12.12/x64/lib/python3.12/site-packages/appium/webdriver/appium_connection.py:65: UserWarning: Embedding username and password in URL could be insecure, use ClientConfig instead
  return {**super().get_remote_connection_headers(parsed_url, keep_alive=keep_alive), **cls.extra_headers}</msg>
<arg>${locator}</arg>
<doc>Waits until the element specified by the ``locator`` is visible.</doc>
<status status="PASS" start="2025-12-17T19:18:31.480689" elapsed="1.094905"/>
</kw>
<kw name="Click Element" owner="AppiumLibrary">
<msg time="2025-12-17T19:18:32.577133" level="INFO">Clicking element 'SkipSignInLink'.</msg>
<msg time="2025-12-17T19:18:32.786196" level="INFO">criteria is SkipSignInLink</msg>
<msg time="2025-12-17T19:18:32.786236" level="INFO">/opt/hostedtoolcache/Python/3.12.12/x64/lib/python3.12/site-packages/appium/webdriver/appium_connection.py:65: UserWarning: Embedding username and password in URL could be insecure, use ClientConfig instead
  return {**super().get_remote_connection_headers(parsed_url, keep_alive=keep_alive), **cls.extra_headers}
/opt/hostedtoolcache/Python/3.12.12/x64/lib/python3.12/site-packages/appium/webdriver/appium_connection.py:65: UserWarning: Embedding username and password in URL could be insecure, use ClientConfig instead
  return {**super().get_remote_connection_headers(parsed_url, keep_alive=keep_alive), **cls.extra_headers}</msg>
<arg>${locator}</arg>
<doc>Clicks the element identified by ``locator``.</doc>
<status status="PASS" start="2025-12-17T19:18:32.575823" elapsed="0.210493"/>
</kw>
<arg>${signIn.skipButton}</arg>
<status status="PASS" start="2025-12-17T19:18:31.480023" elapsed="1.306383"/>
</kw>
<status status="PASS" start="2025-12-17T19:18:31.479678" elapsed="1.306791"/>
</kw>
<kw name="View Home" owner="homePage">
<kw name="Wait Until Element Is Visible" owner="AppiumLibrary">
<msg time="2025-12-17T19:18:35.045425" level="INFO">criteria is HomeScreen
criteria is HomeScreen
criteria is HomeScreen
criteria is HomeScreen</msg>
<msg time="2025-12-17T19:18:35.045505" level="INFO">/opt/hostedtoolcache/Python/3.12.12/x64/lib/python3.12/site-packages/appium/webdriver/appium_connection.py:65: UserWarning: Embedding username and password in URL could be insecure, use ClientConfig instead
  return {**super().get_remote_connection_headers(parsed_url, keep_alive=keep_alive), **cls.extra_headers}
/opt/hostedtoolcache/Python/3.12.12/x64/lib/python3.12/site-packages/appium/webdriver/appium_connection.py:65: UserWarning: Embedding username and password in URL could be insecure, use ClientConfig instead
  return {**super().get_remote_connection_headers(parsed_url, keep_alive=keep_alive), **cls.extra_headers}
/opt/hostedtoolcache/Python/3.12.12/x64/lib/python3.12/site-packages/appium/webdriver/appium_connection.py:65: UserWarning: Embedding username and password in URL could be insecure, use ClientConfig instead
  return {**super().get_remote_connection_headers(parsed_url, keep_alive=keep_alive), **cls.extra_headers}
/opt/hostedtoolcache/Python/3.12.12/x64/lib/python3.12/site-packages/appium/webdriver/appium_connection.py:65: UserWarning: Embedding username and password in URL could be insecure, use ClientConfig instead
  return {**super().get_remote_connection_headers(parsed_url, keep_alive=keep_alive), **cls.extra_headers}
/opt/hostedtoolcache/Python/3.12.12/x64/lib/python3.12/site-packages/appium/webdriver/appium_connection.py:65: UserWarning: Embedding username and password in URL could be insecure, use ClientConfig instead
  return {**super().get_remote_connection_headers(parsed_url, keep_alive=keep_alive), **cls.extra_headers}</msg>
<arg>${home.${PLATFORM_NAME}.homeScreen}</arg>
<doc>Waits until the element specified by the ``locator`` is visible.</doc>
<status status="PASS" start="2025-12-17T19:18:32.786977" elapsed="2.258662"/>
</kw>
<status status="PASS" start="2025-12-17T19:18:32.786680" elapsed="2.259082"/>
</kw>
<kw name="Run Keywords" owner="BuiltIn" type="TEARDOWN">
<kw name="Update Test Case Status in BrowserStack" owner="BrowserstackLibrary">
<msg time="2025-12-17T19:18:35.048156" level="INFO">Appium Session ID: 38c1e1d66630ac8b47b76be287816029d9ec8a9f</msg>
<msg time="2025-12-17T19:18:35.306358" level="INFO">PASS
{"status": "passed", "reason": "Test Passed"}</msg>
<doc>This keyword must be used as 'TEARDOWN TEST'. </doc>
<status status="PASS" start="2025-12-17T19:18:35.046685" elapsed="0.259749"/>
</kw>
<kw name="Close Application" owner="AppiumLibrary">
<msg time="2025-12-17T19:18:36.223406" level="INFO">/opt/hostedtoolcache/Python/3.12.12/x64/lib/python3.12/site-packages/appium/webdriver/appium_connection.py:65: UserWarning: Embedding username and password in URL could be insecure, use ClientConfig instead
  return {**super().get_remote_connection_headers(parsed_url, keep_alive=keep_alive), **cls.extra_headers}</msg>
<doc>Closes the current application and the webdriver session.</doc>
<status status="PASS" start="2025-12-17T19:18:35.306590" elapsed="0.916939"/>
</kw>
<arg>Update Test Case Status in BrowserStack</arg>
<arg>Close Application</arg>
<doc>Executes all the given keywords in a sequence.</doc>
<status status="PASS" start="2025-12-17T19:18:35.046138" elapsed="1.177467"/>
</kw>
<tag>regressivo</tag>
<status status="PASS" start="2025-12-17T19:17:59.521826" elapsed="36.701850"/>
</test>
<status status="PASS" start="2025-12-17T19:17:59.509952" elapsed="36.714180"/>
</suite>
<suite id="s1-s1-s2" name="Pesquisar-Video" source="/home/runner/work/AppiumRobot/AppiumRobot/tests/Pesquisar-Video.robot">
<test id="s1-s1-s2-t1" name="Cenário: Realizar Pesquisa Por um Video" line="6">
<kw name="Open TED App" owner="openApp" type="SETUP">
<if>
<branch type="IF" condition="'${EMULATOR}' == 'local'">
<kw name="Open Application" owner="AppiumLibrary">
<arg>remote_url=http://localhost:4723</arg>
<arg>automationName=UIAutomator2</arg>
<arg>platformName=${PLATFORM_NAME}</arg>
<arg>deviceName=Google Pixel 7 Pro</arg>
<arg>app=/home/runner/work/AppiumRobot/AppiumRobot/resources/utils${/}..${/}app${/}app.apk</arg>
<arg>disableIdLocatorAutocompletion=${True}</arg>
<doc>Opens a new application to the given Appium server.
Capabilities of appium server, Android and iOS,
Please check https://appium.io/docs/en/2.19/guides/caps/
| *Option*            | *Man.* | *Description*     |
| remote_url          | Yes    | Appium server url |
| alias               | No     | alias             |</doc>
<status status="NOT RUN" start="2025-12-17T19:18:36.243884" elapsed="0.000019"/>
</kw>
<status status="NOT RUN" start="2025-12-17T19:18:36.243701" elapsed="0.000246"/>
</branch>
<branch type="ELSE IF" condition="'${EMULATOR}' == 'browserstack'">
<kw name="Open Application In Browserstack" owner="BrowserstackLibrary">
<msg time="2025-12-17T19:18:54.630521" level="INFO">/opt/hostedtoolcache/Python/3.12.12/x64/lib/python3.12/site-packages/appium/webdriver/appium_connection.py:65: UserWarning: Embedding username and password in URL could be insecure, use ClientConfig instead
  return {**super().get_remote_connection_headers(parsed_url, keep_alive=keep_alive), **cls.extra_headers}</msg>
<arg>automationName=UIAutomator2</arg>
<arg>platformName=${PLATFORM_NAME}</arg>
<arg>deviceName=Google Pixel 7 Pro</arg>
<arg>project=TED_ROBOTCOURSES</arg>
<arg>build=TED_%{GH_ACTIONS_RUNNER=LOCAL}</arg>
<arg>name=${TEST_NAME}</arg>
<arg>bstack:options=${BROWSERSTACK_OPTIONS}</arg>
<arg>disableIdLocatorAutocompletion=${True}</arg>
<arg>browserstack.idleTimeout=60</arg>
<arg>interactiveDebugging=${True}</arg>
<doc>This keyword will open the application in Browserstack, sending the desired 
capabilities that have been configured.</doc>
<status status="PASS" start="2025-12-17T19:18:36.244126" elapsed="18.386480"/>
</kw>
<status status="PASS" start="2025-12-17T19:18:36.243970" elapsed="18.386711"/>
</branch>
<status status="PASS" start="2025-12-17T19:18:36.243682" elapsed="18.387044"/>
</if>
<status status="PASS" start="2025-12-17T19:18:36.243530" elapsed="18.387269"/>
</kw>
<kw name="Access TED APP Without Login" owner="customKeywords">
<kw name="Click in Lets Go" owner="welcomePage">
<kw name="Wait Visible And Click Element" owner="customKeywords">
<kw name="Wait Until Element Is Visible" owner="AppiumLibrary">
<msg time="2025-12-17T19:18:56.975654" level="INFO">criteria is Next
criteria is Next</msg>
<msg time="2025-12-17T19:18:56.975728" level="INFO">/opt/hostedtoolcache/Python/3.12.12/x64/lib/python3.12/site-packages/appium/webdriver/appium_connection.py:65: UserWarning: Embedding username and password in URL could be insecure, use ClientConfig instead
  return {**super().get_remote_connection_headers(parsed_url, keep_alive=keep_alive), **cls.extra_headers}
/opt/hostedtoolcache/Python/3.12.12/x64/lib/python3.12/site-packages/appium/webdriver/appium_connection.py:65: UserWarning: Embedding username and password in URL could be insecure, use ClientConfig instead
  return {**super().get_remote_connection_headers(parsed_url, keep_alive=keep_alive), **cls.extra_headers}
/opt/hostedtoolcache/Python/3.12.12/x64/lib/python3.12/site-packages/appium/webdriver/appium_connection.py:65: UserWarning: Embedding username and password in URL could be insecure, use ClientConfig instead
  return {**super().get_remote_connection_headers(parsed_url, keep_alive=keep_alive), **cls.extra_headers}</msg>
<arg>${locator}</arg>
<doc>Waits until the element specified by the ``locator`` is visible.</doc>
<status status="PASS" start="2025-12-17T19:18:54.632214" elapsed="2.343591"/>
</kw>
<kw name="Click Element" owner="AppiumLibrary">
<msg time="2025-12-17T19:18:56.977717" level="INFO">Clicking element 'Next'.</msg>
<msg time="2025-12-17T19:18:57.182945" level="INFO">criteria is Next</msg>
<msg time="2025-12-17T19:18:57.182994" level="INFO">/opt/hostedtoolcache/Python/3.12.12/x64/lib/python3.12/site-packages/appium/webdriver/appium_connection.py:65: UserWarning: Embedding username and password in URL could be insecure, use ClientConfig instead
  return {**super().get_remote_connection_headers(parsed_url, keep_alive=keep_alive), **cls.extra_headers}
/opt/hostedtoolcache/Python/3.12.12/x64/lib/python3.12/site-packages/appium/webdriver/appium_connection.py:65: UserWarning: Embedding username and password in URL could be insecure, use ClientConfig instead
  return {**super().get_remote_connection_headers(parsed_url, keep_alive=keep_alive), **cls.extra_headers}</msg>
<arg>${locator}</arg>
<doc>Clicks the element identified by ``locator``.</doc>
<status status="PASS" start="2025-12-17T19:18:56.976056" elapsed="0.206994"/>
</kw>
<arg>${welcome.nextButton}</arg>
<status status="PASS" start="2025-12-17T19:18:54.631577" elapsed="2.551570"/>
</kw>
<kw name="Wait Visible And Click Element" owner="customKeywords">
<kw name="Wait Until Element Is Visible" owner="AppiumLibrary">
<msg time="2025-12-17T19:18:57.926138" level="INFO">criteria is Next</msg>
<msg time="2025-12-17T19:18:57.926206" level="INFO">/opt/hostedtoolcache/Python/3.12.12/x64/lib/python3.12/site-packages/appium/webdriver/appium_connection.py:65: UserWarning: Embedding username and password in URL could be insecure, use ClientConfig instead
  return {**super().get_remote_connection_headers(parsed_url, keep_alive=keep_alive), **cls.extra_headers}
/opt/hostedtoolcache/Python/3.12.12/x64/lib/python3.12/site-packages/appium/webdriver/appium_connection.py:65: UserWarning: Embedding username and password in URL could be insecure, use ClientConfig instead
  return {**super().get_remote_connection_headers(parsed_url, keep_alive=keep_alive), **cls.extra_headers}</msg>
<arg>${locator}</arg>
<doc>Waits until the element specified by the ``locator`` is visible.</doc>
<status status="PASS" start="2025-12-17T19:18:57.184182" elapsed="0.742142"/>
</kw>
<kw name="Click Element" owner="AppiumLibrary">
<msg time="2025-12-17T19:18:57.927938" level="INFO">Clicking element 'Next'.</msg>
<msg time="2025-12-17T19:18:58.060566" level="INFO">criteria is Next</msg>
<msg time="2025-12-17T19:18:58.060616" level="INFO">/opt/hostedtoolcache/Python/3.12.12/x64/lib/python3.12/site-packages/appium/webdriver/appium_connection.py:65: UserWarning: Embedding username and password in URL could be insecure, use ClientConfig instead
  return {**super().get_remote_connection_headers(parsed_url, keep_alive=keep_alive), **cls.extra_headers}
/opt/hostedtoolcache/Python/3.12.12/x64/lib/python3.12/site-packages/appium/webdriver/appium_connection.py:65: UserWarning: Embedding username and password in URL could be insecure, use ClientConfig instead
  return {**super().get_remote_connection_headers(parsed_url, keep_alive=keep_alive), **cls.extra_headers}</msg>
<arg>${locator}</arg>
<doc>Clicks the element identified by ``locator``.</doc>
<status status="PASS" start="2025-12-17T19:18:57.926556" elapsed="0.134126"/>
</kw>
<arg>${welcome.nextButton}</arg>
<status status="PASS" start="2025-12-17T19:18:57.183417" elapsed="0.877347"/>
</kw>
<status status="PASS" start="2025-12-17T19:18:54.631360" elapsed="3.429480"/>
</kw>
<kw name="Select Interests" owner="interestPage">
<kw name="Wait Visible And Click Element" owner="customKeywords">
<kw name="Wait Until Element Is Visible" owner="AppiumLibrary">
<msg time="2025-12-17T19:18:59.147570" level="INFO">xpath criteria: //android.widget.TextView[@resource-id="Typography" and @text="Technology"]</msg>
<msg time="2025-12-17T19:18:59.147660" level="INFO">/opt/hostedtoolcache/Python/3.12.12/x64/lib/python3.12/site-packages/appium/webdriver/appium_connection.py:65: UserWarning: Embedding username and password in URL could be insecure, use ClientConfig instead
  return {**super().get_remote_connection_headers(parsed_url, keep_alive=keep_alive), **cls.extra_headers}
/opt/hostedtoolcache/Python/3.12.12/x64/lib/python3.12/site-packages/appium/webdriver/appium_connection.py:65: UserWarning: Embedding username and password in URL could be insecure, use ClientConfig instead
  return {**super().get_remote_connection_headers(parsed_url, keep_alive=keep_alive), **cls.extra_headers}</msg>
<arg>${locator}</arg>
<doc>Waits until the element specified by the ``locator`` is visible.</doc>
<status status="PASS" start="2025-12-17T19:18:58.062240" elapsed="1.085502"/>
</kw>
<kw name="Click Element" owner="AppiumLibrary">
<msg time="2025-12-17T19:18:59.149467" level="INFO">Clicking element '//android.widget.TextView[@resource-id="Typography" and @text="Technology"]'.</msg>
<msg time="2025-12-17T19:18:59.444968" level="INFO">xpath criteria: //android.widget.TextView[@resource-id="Typography" and @text="Technology"]</msg>
<msg time="2025-12-17T19:18:59.445039" level="INFO">/opt/hostedtoolcache/Python/3.12.12/x64/lib/python3.12/site-packages/appium/webdriver/appium_connection.py:65: UserWarning: Embedding username and password in URL could be insecure, use ClientConfig instead
  return {**super().get_remote_connection_headers(parsed_url, keep_alive=keep_alive), **cls.extra_headers}
/opt/hostedtoolcache/Python/3.12.12/x64/lib/python3.12/site-packages/appium/webdriver/appium_connection.py:65: UserWarning: Embedding username and password in URL could be insecure, use ClientConfig instead
  return {**super().get_remote_connection_headers(parsed_url, keep_alive=keep_alive), **cls.extra_headers}</msg>
<arg>${locator}</arg>
<doc>Clicks the element identified by ``locator``.</doc>
<status status="PASS" start="2025-12-17T19:18:59.147988" elapsed="0.297123"/>
</kw>
<arg>${interest.${PLATFORM_NAME}.interestList.format(text='${interestName}')}</arg>
<status status="PASS" start="2025-12-17T19:18:58.061531" elapsed="1.383682"/>
</kw>
<kw name="Wait Enabled And Click Element" owner="customKeywords">
<kw name="Wait Until Element Is Enabled" owner="customKeywords">
<while condition="${True}">
<iter>
<kw name="Run Keyword And Return Status" owner="BuiltIn">
<kw name="Element Should Be Enabled" owner="AppiumLibrary">
<msg time="2025-12-17T19:18:59.446886" level="WARN">Keyword 'AppiumLibrary.Element Should Be Enabled' is deprecated. Use `Expect Element` instead
Verifies that the element identified by ``locator`` is enabled.</msg>
<msg time="2025-12-17T19:19:00.277710" level="INFO">Element 'Next' is enabled .</msg>
<msg time="2025-12-17T19:19:00.277805" level="INFO">criteria is Next</msg>
<msg time="2025-12-17T19:19:00.277835" level="INFO">/opt/hostedtoolcache/Python/3.12.12/x64/lib/python3.12/site-packages/appium/webdriver/appium_connection.py:65: UserWarning: Embedding username and password in URL could be insecure, use ClientConfig instead
  return {**super().get_remote_connection_headers(parsed_url, keep_alive=keep_alive), **cls.extra_headers}
/opt/hostedtoolcache/Python/3.12.12/x64/lib/python3.12/site-packages/appium/webdriver/appium_connection.py:65: UserWarning: Embedding username and password in URL could be insecure, use ClientConfig instead
  return {**super().get_remote_connection_headers(parsed_url, keep_alive=keep_alive), **cls.extra_headers}</msg>
<arg>${locator}</arg>
<doc>*DEPRECATED!!* Use `Expect Element` instead
Verifies that the element identified by ``locator`` is enabled.</doc>
<status status="PASS" start="2025-12-17T19:18:59.446864" elapsed="0.831031"/>
</kw>
<msg time="2025-12-17T19:19:00.278015" level="INFO">${status} = True</msg>
<var>${status}</var>
<arg>Element Should Be Enabled</arg>
<arg>${locator}</arg>
<doc>Runs the specified keyword and returns the status as a Boolean value.</doc>
<status status="PASS" start="2025-12-17T19:18:59.446556" elapsed="0.831489"/>
</kw>
<kw name="Exit For Loop If" owner="BuiltIn">
<msg time="2025-12-17T19:19:00.278619" level="INFO">Exiting for loop altogether.</msg>
<arg>${status}</arg>
<doc>Stops executing the enclosing FOR loop if the ``condition`` is true.</doc>
<status status="PASS" start="2025-12-17T19:19:00.278266" elapsed="0.000434"/>
</kw>
<status status="PASS" start="2025-12-17T19:18:59.446353" elapsed="0.832381"/>
</iter>
<status status="PASS" start="2025-12-17T19:18:59.446351" elapsed="0.832410"/>
</while>
<arg>${locator}</arg>
<timeout value="10 seconds"/>
<status status="PASS" start="2025-12-17T19:18:59.446100" elapsed="0.832714"/>
</kw>
<kw name="Click Element" owner="AppiumLibrary">
<msg time="2025-12-17T19:19:00.279879" level="INFO">Clicking element 'Next'.</msg>
<msg time="2025-12-17T19:19:00.804889" level="INFO">criteria is Next</msg>
<msg time="2025-12-17T19:19:00.804961" level="INFO">/opt/hostedtoolcache/Python/3.12.12/x64/lib/python3.12/site-packages/appium/webdriver/appium_connection.py:65: UserWarning: Embedding username and password in URL could be insecure, use ClientConfig instead
  return {**super().get_remote_connection_headers(parsed_url, keep_alive=keep_alive), **cls.extra_headers}
/opt/hostedtoolcache/Python/3.12.12/x64/lib/python3.12/site-packages/appium/webdriver/appium_connection.py:65: UserWarning: Embedding username and password in URL could be insecure, use ClientConfig instead
  return {**super().get_remote_connection_headers(parsed_url, keep_alive=keep_alive), **cls.extra_headers}</msg>
<arg>${locator}</arg>
<doc>Clicks the element identified by ``locator``.</doc>
<status status="PASS" start="2025-12-17T19:19:00.278914" elapsed="0.526123"/>
</kw>
<arg>${interest.nextButton}</arg>
<status status="PASS" start="2025-12-17T19:18:59.445467" elapsed="1.359678"/>
</kw>
<arg>${interest}</arg>
<status status="PASS" start="2025-12-17T19:18:58.061066" elapsed="2.744157"/>
</kw>
<kw name="Select Looking For" owner="lookingForPage">
<kw name="Wait Visible And Click Element" owner="customKeywords">
<kw name="Wait Until Element Is Visible" owner="AppiumLibrary">
<msg time="2025-12-17T19:19:02.246917" level="INFO">xpath criteria: //android.widget.TextView[@resource-id="Typography" and @text="Professional growth"]
xpath criteria: //android.widget.TextView[@resource-id="Typography" and @text="Professional growth"]</msg>
<msg time="2025-12-17T19:19:02.246988" level="INFO">/opt/hostedtoolcache/Python/3.12.12/x64/lib/python3.12/site-packages/appium/webdriver/appium_connection.py:65: UserWarning: Embedding username and password in URL could be insecure, use ClientConfig instead
  return {**super().get_remote_connection_headers(parsed_url, keep_alive=keep_alive), **cls.extra_headers}
/opt/hostedtoolcache/Python/3.12.12/x64/lib/python3.12/site-packages/appium/webdriver/appium_connection.py:65: UserWarning: Embedding username and password in URL could be insecure, use ClientConfig instead
  return {**super().get_remote_connection_headers(parsed_url, keep_alive=keep_alive), **cls.extra_headers}
/opt/hostedtoolcache/Python/3.12.12/x64/lib/python3.12/site-packages/appium/webdriver/appium_connection.py:65: UserWarning: Embedding username and password in URL could be insecure, use ClientConfig instead
  return {**super().get_remote_connection_headers(parsed_url, keep_alive=keep_alive), **cls.extra_headers}</msg>
<arg>${locator}</arg>
<doc>Waits until the element specified by the ``locator`` is visible.</doc>
<status status="PASS" start="2025-12-17T19:19:00.806535" elapsed="1.440570"/>
</kw>
<kw name="Click Element" owner="AppiumLibrary">
<msg time="2025-12-17T19:19:02.248413" level="INFO">Clicking element '//android.widget.TextView[@resource-id="Typography" and @text="Professional growth"]'.</msg>
<msg time="2025-12-17T19:19:02.501725" level="INFO">xpath criteria: //android.widget.TextView[@resource-id="Typography" and @text="Professional growth"]</msg>
<msg time="2025-12-17T19:19:02.501779" level="INFO">/opt/hostedtoolcache/Python/3.12.12/x64/lib/python3.12/site-packages/appium/webdriver/appium_connection.py:65: UserWarning: Embedding username and password in URL could be insecure, use ClientConfig instead
  return {**super().get_remote_connection_headers(parsed_url, keep_alive=keep_alive), **cls.extra_headers}
/opt/hostedtoolcache/Python/3.12.12/x64/lib/python3.12/site-packages/appium/webdriver/appium_connection.py:65: UserWarning: Embedding username and password in URL could be insecure, use ClientConfig instead
  return {**super().get_remote_connection_headers(parsed_url, keep_alive=keep_alive), **cls.extra_headers}</msg>
<arg>${locator}</arg>
<doc>Clicks the element identified by ``locator``.</doc>
<status status="PASS" start="2025-12-17T19:19:02.247342" elapsed="0.254510"/>
</kw>
<arg>${lookingFor.${PLATFORM_NAME}.lookingForList.format(text='${lookingForName}')}</arg>
<status status="PASS" start="2025-12-17T19:19:00.805858" elapsed="1.696090"/>
</kw>
<kw name="Wait Enabled And Click Element" owner="customKeywords">
<kw name="Wait Until Element Is Enabled" owner="customKeywords">
<while condition="${True}">
<iter>
<kw name="Run Keyword And Return Status" owner="BuiltIn">
<kw name="Element Should Be Enabled" owner="AppiumLibrary">
<msg time="2025-12-17T19:19:02.503777" level="WARN">Keyword 'AppiumLibrary.Element Should Be Enabled' is deprecated. Use `Expect Element` instead
Verifies that the element identified by ``locator`` is enabled.</msg>
<msg time="2025-12-17T19:19:03.710553" level="INFO">Element 'Next' is enabled .</msg>
<msg time="2025-12-17T19:19:03.710647" level="INFO">criteria is Next</msg>
<msg time="2025-12-17T19:19:03.710677" level="INFO">/opt/hostedtoolcache/Python/3.12.12/x64/lib/python3.12/site-packages/appium/webdriver/appium_connection.py:65: UserWarning: Embedding username and password in URL could be insecure, use ClientConfig instead
  return {**super().get_remote_connection_headers(parsed_url, keep_alive=keep_alive), **cls.extra_headers}
/opt/hostedtoolcache/Python/3.12.12/x64/lib/python3.12/site-packages/appium/webdriver/appium_connection.py:65: UserWarning: Embedding username and password in URL could be insecure, use ClientConfig instead
  return {**super().get_remote_connection_headers(parsed_url, keep_alive=keep_alive), **cls.extra_headers}</msg>
<arg>${locator}</arg>
<doc>*DEPRECATED!!* Use `Expect Element` instead
Verifies that the element identified by ``locator`` is enabled.</doc>
<status status="PASS" start="2025-12-17T19:19:02.503755" elapsed="1.206982"/>
</kw>
<msg time="2025-12-17T19:19:03.710869" level="INFO">${status} = True</msg>
<var>${status}</var>
<arg>Element Should Be Enabled</arg>
<arg>${locator}</arg>
<doc>Runs the specified keyword and returns the status as a Boolean value.</doc>
<status status="PASS" start="2025-12-17T19:19:02.503457" elapsed="1.207440"/>
</kw>
<kw name="Exit For Loop If" owner="BuiltIn">
<msg time="2025-12-17T19:19:03.711562" level="INFO">Exiting for loop altogether.</msg>
<arg>${status}</arg>
<doc>Stops executing the enclosing FOR loop if the ``condition`` is true.</doc>
<status status="PASS" start="2025-12-17T19:19:03.711104" elapsed="0.000549"/>
</kw>
<status status="PASS" start="2025-12-17T19:19:02.503230" elapsed="1.208467"/>
</iter>
<status status="PASS" start="2025-12-17T19:19:02.503228" elapsed="1.208506"/>
</while>
<arg>${locator}</arg>
<timeout value="10 seconds"/>
<status status="PASS" start="2025-12-17T19:19:02.502817" elapsed="1.208976"/>
</kw>
<kw name="Click Element" owner="AppiumLibrary">
<msg time="2025-12-17T19:19:03.712884" level="INFO">Clicking element 'Next'.</msg>
<msg time="2025-12-17T19:19:05.005329" level="INFO">criteria is Next</msg>
<msg time="2025-12-17T19:19:05.005421" level="INFO">/opt/hostedtoolcache/Python/3.12.12/x64/lib/python3.12/site-packages/appium/webdriver/appium_connection.py:65: UserWarning: Embedding username and password in URL could be insecure, use ClientConfig instead
  return {**super().get_remote_connection_headers(parsed_url, keep_alive=keep_alive), **cls.extra_headers}
/opt/hostedtoolcache/Python/3.12.12/x64/lib/python3.12/site-packages/appium/webdriver/appium_connection.py:65: UserWarning: Embedding username and password in URL could be insecure, use ClientConfig instead
  return {**super().get_remote_connection_headers(parsed_url, keep_alive=keep_alive), **cls.extra_headers}</msg>
<arg>${locator}</arg>
<doc>Clicks the element identified by ``locator``.</doc>
<status status="PASS" start="2025-12-17T19:19:03.711896" elapsed="1.293606"/>
</kw>
<arg>${lookingFor.nextButton}</arg>
<status status="PASS" start="2025-12-17T19:19:02.502178" elapsed="2.503450"/>
</kw>
<arg>${lookingFor}</arg>
<status status="PASS" start="2025-12-17T19:19:00.805486" elapsed="4.200223"/>
</kw>
<kw name="Skip Sing In" owner="signInPage">
<kw name="Wait Visible And Click Element" owner="customKeywords">
<kw name="Wait Until Element Is Visible" owner="AppiumLibrary">
<msg time="2025-12-17T19:19:06.038614" level="INFO">criteria is SkipSignInLink</msg>
<msg time="2025-12-17T19:19:06.038696" level="INFO">/opt/hostedtoolcache/Python/3.12.12/x64/lib/python3.12/site-packages/appium/webdriver/appium_connection.py:65: UserWarning: Embedding username and password in URL could be insecure, use ClientConfig instead
  return {**super().get_remote_connection_headers(parsed_url, keep_alive=keep_alive), **cls.extra_headers}
/opt/hostedtoolcache/Python/3.12.12/x64/lib/python3.12/site-packages/appium/webdriver/appium_connection.py:65: UserWarning: Embedding username and password in URL could be insecure, use ClientConfig instead
  return {**super().get_remote_connection_headers(parsed_url, keep_alive=keep_alive), **cls.extra_headers}</msg>
<arg>${locator}</arg>
<doc>Waits until the element specified by the ``locator`` is visible.</doc>
<status status="PASS" start="2025-12-17T19:19:05.006996" elapsed="1.031779"/>
</kw>
<kw name="Click Element" owner="AppiumLibrary">
<msg time="2025-12-17T19:19:06.040081" level="INFO">Clicking element 'SkipSignInLink'.</msg>
<msg time="2025-12-17T19:19:06.227184" level="INFO">criteria is SkipSignInLink</msg>
<msg time="2025-12-17T19:19:06.227236" level="INFO">/opt/hostedtoolcache/Python/3.12.12/x64/lib/python3.12/site-packages/appium/webdriver/appium_connection.py:65: UserWarning: Embedding username and password in URL could be insecure, use ClientConfig instead
  return {**super().get_remote_connection_headers(parsed_url, keep_alive=keep_alive), **cls.extra_headers}
/opt/hostedtoolcache/Python/3.12.12/x64/lib/python3.12/site-packages/appium/webdriver/appium_connection.py:65: UserWarning: Embedding username and password in URL could be insecure, use ClientConfig instead
  return {**super().get_remote_connection_headers(parsed_url, keep_alive=keep_alive), **cls.extra_headers}</msg>
<arg>${locator}</arg>
<doc>Clicks the element identified by ``locator``.</doc>
<status status="PASS" start="2025-12-17T19:19:06.038982" elapsed="0.188377"/>
</kw>
<arg>${signIn.skipButton}</arg>
<status status="PASS" start="2025-12-17T19:19:05.006363" elapsed="1.221098"/>
</kw>
<status status="PASS" start="2025-12-17T19:19:05.005968" elapsed="1.221569"/>
</kw>
<kw name="View Home" owner="homePage">
<kw name="Wait Until Element Is Visible" owner="AppiumLibrary">
<msg time="2025-12-17T19:19:08.409153" level="INFO">criteria is HomeScreen
criteria is HomeScreen
criteria is HomeScreen
criteria is HomeScreen</msg>
<msg time="2025-12-17T19:19:08.409232" level="INFO">/opt/hostedtoolcache/Python/3.12.12/x64/lib/python3.12/site-packages/appium/webdriver/appium_connection.py:65: UserWarning: Embedding username and password in URL could be insecure, use ClientConfig instead
  return {**super().get_remote_connection_headers(parsed_url, keep_alive=keep_alive), **cls.extra_headers}
/opt/hostedtoolcache/Python/3.12.12/x64/lib/python3.12/site-packages/appium/webdriver/appium_connection.py:65: UserWarning: Embedding username and password in URL could be insecure, use ClientConfig instead
  return {**super().get_remote_connection_headers(parsed_url, keep_alive=keep_alive), **cls.extra_headers}
/opt/hostedtoolcache/Python/3.12.12/x64/lib/python3.12/site-packages/appium/webdriver/appium_connection.py:65: UserWarning: Embedding username and password in URL could be insecure, use ClientConfig instead
  return {**super().get_remote_connection_headers(parsed_url, keep_alive=keep_alive), **cls.extra_headers}
/opt/hostedtoolcache/Python/3.12.12/x64/lib/python3.12/site-packages/appium/webdriver/appium_connection.py:65: UserWarning: Embedding username and password in URL could be insecure, use ClientConfig instead
  return {**super().get_remote_connection_headers(parsed_url, keep_alive=keep_alive), **cls.extra_headers}
/opt/hostedtoolcache/Python/3.12.12/x64/lib/python3.12/site-packages/appium/webdriver/appium_connection.py:65: UserWarning: Embedding username and password in URL could be insecure, use ClientConfig instead
  return {**super().get_remote_connection_headers(parsed_url, keep_alive=keep_alive), **cls.extra_headers}</msg>
<arg>${home.${PLATFORM_NAME}.homeScreen}</arg>
<doc>Waits until the element specified by the ``locator`` is visible.</doc>
<status status="PASS" start="2025-12-17T19:19:06.228006" elapsed="2.181393"/>
</kw>
<status status="PASS" start="2025-12-17T19:19:06.227730" elapsed="2.181765"/>
</kw>
<arg>interest=Technology</arg>
<arg>lookingFor=Professional growth</arg>
<status status="PASS" start="2025-12-17T19:18:54.631024" elapsed="13.778536"/>
</kw>
<kw name="Click In Browse Tab Icon" owner="homePage">
<kw name="Wait Visible And Click Element" owner="customKeywords">
<kw name="Wait Until Element Is Visible" owner="AppiumLibrary">
<msg time="2025-12-17T19:19:08.576364" level="INFO">criteria is BottomTab_Discover</msg>
<msg time="2025-12-17T19:19:08.576413" level="INFO">/opt/hostedtoolcache/Python/3.12.12/x64/lib/python3.12/site-packages/appium/webdriver/appium_connection.py:65: UserWarning: Embedding username and password in URL could be insecure, use ClientConfig instead
  return {**super().get_remote_connection_headers(parsed_url, keep_alive=keep_alive), **cls.extra_headers}
/opt/hostedtoolcache/Python/3.12.12/x64/lib/python3.12/site-packages/appium/webdriver/appium_connection.py:65: UserWarning: Embedding username and password in URL could be insecure, use ClientConfig instead
  return {**super().get_remote_connection_headers(parsed_url, keep_alive=keep_alive), **cls.extra_headers}</msg>
<arg>${locator}</arg>
<doc>Waits until the element specified by the ``locator`` is visible.</doc>
<status status="PASS" start="2025-12-17T19:19:08.410598" elapsed="0.165877"/>
</kw>
<kw name="Click Element" owner="AppiumLibrary">
<msg time="2025-12-17T19:19:08.577644" level="INFO">Clicking element 'BottomTab_Discover'.</msg>
<msg time="2025-12-17T19:19:08.761673" level="INFO">criteria is BottomTab_Discover</msg>
<msg time="2025-12-17T19:19:08.761736" level="INFO">/opt/hostedtoolcache/Python/3.12.12/x64/lib/python3.12/site-packages/appium/webdriver/appium_connection.py:65: UserWarning: Embedding username and password in URL could be insecure, use ClientConfig instead
  return {**super().get_remote_connection_headers(parsed_url, keep_alive=keep_alive), **cls.extra_headers}
/opt/hostedtoolcache/Python/3.12.12/x64/lib/python3.12/site-packages/appium/webdriver/appium_connection.py:65: UserWarning: Embedding username and password in URL could be insecure, use ClientConfig instead
  return {**super().get_remote_connection_headers(parsed_url, keep_alive=keep_alive), **cls.extra_headers}</msg>
<arg>${locator}</arg>
<doc>Clicks the element identified by ``locator``.</doc>
<status status="PASS" start="2025-12-17T19:19:08.576626" elapsed="0.185189"/>
</kw>
<arg>${home.${PLATFORM_NAME}.discoverButton}</arg>
<status status="PASS" start="2025-12-17T19:19:08.410031" elapsed="0.351872"/>
</kw>
<status status="PASS" start="2025-12-17T19:19:08.409755" elapsed="0.352209"/>
</kw>
<kw name="Search Video" owner="searchPage">
<kw name="Wait Visible And Input Text" owner="customKeywords">
<kw name="Wait Until Element Is Visible" owner="AppiumLibrary">
<msg time="2025-12-17T19:19:10.609893" level="INFO">xpath criteria: //android.widget.EditText[@text="Search"]
xpath criteria: //android.widget.EditText[@text="Search"]</msg>
<msg time="2025-12-17T19:19:10.609957" level="INFO">/opt/hostedtoolcache/Python/3.12.12/x64/lib/python3.12/site-packages/appium/webdriver/appium_connection.py:65: UserWarning: Embedding username and password in URL could be insecure, use ClientConfig instead
  return {**super().get_remote_connection_headers(parsed_url, keep_alive=keep_alive), **cls.extra_headers}
/opt/hostedtoolcache/Python/3.12.12/x64/lib/python3.12/site-packages/appium/webdriver/appium_connection.py:65: UserWarning: Embedding username and password in URL could be insecure, use ClientConfig instead
  return {**super().get_remote_connection_headers(parsed_url, keep_alive=keep_alive), **cls.extra_headers}
/opt/hostedtoolcache/Python/3.12.12/x64/lib/python3.12/site-packages/appium/webdriver/appium_connection.py:65: UserWarning: Embedding username and password in URL could be insecure, use ClientConfig instead
  return {**super().get_remote_connection_headers(parsed_url, keep_alive=keep_alive), **cls.extra_headers}</msg>
<arg>${locator}</arg>
<doc>Waits until the element specified by the ``locator`` is visible.</doc>
<status status="PASS" start="2025-12-17T19:19:08.763050" elapsed="1.846973"/>
</kw>
<kw name="Click Element" owner="AppiumLibrary">
<msg time="2025-12-17T19:19:10.611311" level="INFO">Clicking element '//android.widget.EditText[@text="Search"]'.</msg>
<msg time="2025-12-17T19:19:11.991458" level="INFO">xpath criteria: //android.widget.EditText[@text="Search"]</msg>
<msg time="2025-12-17T19:19:11.991541" level="INFO">/opt/hostedtoolcache/Python/3.12.12/x64/lib/python3.12/site-packages/appium/webdriver/appium_connection.py:65: UserWarning: Embedding username and password in URL could be insecure, use ClientConfig instead
  return {**super().get_remote_connection_headers(parsed_url, keep_alive=keep_alive), **cls.extra_headers}
/opt/hostedtoolcache/Python/3.12.12/x64/lib/python3.12/site-packages/appium/webdriver/appium_connection.py:65: UserWarning: Embedding username and password in URL could be insecure, use ClientConfig instead
  return {**super().get_remote_connection_headers(parsed_url, keep_alive=keep_alive), **cls.extra_headers}</msg>
<arg>${locator}</arg>
<doc>Clicks the element identified by ``locator``.</doc>
<status status="PASS" start="2025-12-17T19:19:10.610228" elapsed="1.381387"/>
</kw>
<kw name="Is Keyboard Shown" owner="AppiumLibrary">
<msg time="2025-12-17T19:19:12.283088" level="INFO">/opt/hostedtoolcache/Python/3.12.12/x64/lib/python3.12/site-packages/appium/webdriver/appium_connection.py:65: UserWarning: Embedding username and password in URL could be insecure, use ClientConfig instead
  return {**super().get_remote_connection_headers(parsed_url, keep_alive=keep_alive), **cls.extra_headers}</msg>
<doc>Returns true or false if the device keyboard is displayed.</doc>
<status status="PASS" start="2025-12-17T19:19:11.991862" elapsed="0.291320"/>
</kw>
<kw name="Input Text" owner="AppiumLibrary">
<msg time="2025-12-17T19:19:12.284595" level="INFO">Typing text 'Technology' into text field '//android.widget.EditText[@text="Search"]'</msg>
<msg time="2025-12-17T19:19:13.142949" level="INFO">xpath criteria: //android.widget.EditText[@text="Search"]</msg>
<msg time="2025-12-17T19:19:13.143025" level="INFO">/opt/hostedtoolcache/Python/3.12.12/x64/lib/python3.12/site-packages/appium/webdriver/appium_connection.py:65: UserWarning: Embedding username and password in URL could be insecure, use ClientConfig instead
  return {**super().get_remote_connection_headers(parsed_url, keep_alive=keep_alive), **cls.extra_headers}
/opt/hostedtoolcache/Python/3.12.12/x64/lib/python3.12/site-packages/appium/webdriver/appium_connection.py:65: UserWarning: Embedding username and password in URL could be insecure, use ClientConfig instead
  return {**super().get_remote_connection_headers(parsed_url, keep_alive=keep_alive), **cls.extra_headers}</msg>
<arg>${locator}</arg>
<arg>${text}</arg>
<doc>Types the given ``text`` into the text field identified by ``locator``.</doc>
<status status="PASS" start="2025-12-17T19:19:12.283425" elapsed="0.859672"/>
</kw>
<arg>${search.${PLATFORM_NAME}.searchInput}</arg>
<arg>${searchText}</arg>
<status status="PASS" start="2025-12-17T19:19:08.762482" elapsed="4.380722"/>
</kw>
<arg>Technology</arg>
<status status="PASS" start="2025-12-17T19:19:08.762147" elapsed="4.381166"/>
</kw>
<kw name="Select Search Video" owner="searchPage">
<kw name="Wait Until Element Is Visible" owner="AppiumLibrary">
<msg time="2025-12-17T19:19:16.842401" level="INFO">xpath criteria: (//android.widget.Button[@resource-id="Touchable"])[3]//android.widget.TextView[@resource-id="Typography"]
xpath criteria: (//android.widget.Button[@resource-id="Touchable"])[3]//android.widget.TextView[@resource-id="Typography"]
xpath criteria: (//android.widget.Button[@resource-id="Touchable"])[3]//android.widget.TextView[@resource-id="Typography"]
xpath criteria: (//android.widget.Button[@resource-id="Touchable"])[3]//android.widget.TextView[@resource-id="Typography"]
xpath criteria: (//android.widget.Button[@resource-id="Touchable"])[3]//android.widget.TextView[@resource-id="Typography"]
xpath criteria: (//android.widget.Button[@resource-id="Touchable"])[3]//android.widget.TextView[@resource-id="Typography"]
xpath criteria: (//android.widget.Button[@resource-id="Touchable"])[3]//android.widget.TextView[@resource-id="Typography"]
xpath criteria: (//android.widget.Button[@resource-id="Touchable"])[3]//android.widget.TextView[@resource-id="Typography"]</msg>
<msg time="2025-12-17T19:19:16.842549" level="INFO">/opt/hostedtoolcache/Python/3.12.12/x64/lib/python3.12/site-packages/appium/webdriver/appium_connection.py:65: UserWarning: Embedding username and password in URL could be insecure, use ClientConfig instead
  return {**super().get_remote_connection_headers(parsed_url, keep_alive=keep_alive), **cls.extra_headers}
/opt/hostedtoolcache/Python/3.12.12/x64/lib/python3.12/site-packages/appium/webdriver/appium_connection.py:65: UserWarning: Embedding username and password in URL could be insecure, use ClientConfig instead
  return {**super().get_remote_connection_headers(parsed_url, keep_alive=keep_alive), **cls.extra_headers}
/opt/hostedtoolcache/Python/3.12.12/x64/lib/python3.12/site-packages/appium/webdriver/appium_connection.py:65: UserWarning: Embedding username and password in URL could be insecure, use ClientConfig instead
  return {**super().get_remote_connection_headers(parsed_url, keep_alive=keep_alive), **cls.extra_headers}
/opt/hostedtoolcache/Python/3.12.12/x64/lib/python3.12/site-packages/appium/webdriver/appium_connection.py:65: UserWarning: Embedding username and password in URL could be insecure, use ClientConfig instead
  return {**super().get_remote_connection_headers(parsed_url, keep_alive=keep_alive), **cls.extra_headers}
/opt/hostedtoolcache/Python/3.12.12/x64/lib/python3.12/site-packages/appium/webdriver/appium_connection.py:65: UserWarning: Embedding username and password in URL could be insecure, use ClientConfig instead
  return {**super().get_remote_connection_headers(parsed_url, keep_alive=keep_alive), **cls.extra_headers}
/opt/hostedtoolcache/Python/3.12.12/x64/lib/python3.12/site-packages/appium/webdriver/appium_connection.py:65: UserWarning: Embedding username and password in URL could be insecure, use ClientConfig instead
  return {**super().get_remote_connection_headers(parsed_url, keep_alive=keep_alive), **cls.extra_headers}
/opt/hostedtoolcache/Python/3.12.12/x64/lib/python3.12/site-packages/appium/webdriver/appium_connection.py:65: UserWarning: Embedding username and password in URL could be insecure, use ClientConfig instead
  return {**super().get_remote_connection_headers(parsed_url, keep_alive=keep_alive), **cls.extra_headers}
/opt/hostedtoolcache/Python/3.12.12/x64/lib/python3.12/site-packages/appium/webdriver/appium_connection.py:65: UserWarning: Embedding username and password in URL could be insecure, use ClientConfig instead
  return {**super().get_remote_connection_headers(parsed_url, keep_alive=keep_alive), **cls.extra_headers}
/opt/hostedtoolcache/Python/3.12.12/x64/lib/python3.12/site-packages/appium/webdriver/appium_connection.py:65: UserWarning: Embedding username and password in URL could be insecure, use ClientConfig instead
  return {**super().get_remote_connection_headers(parsed_url, keep_alive=keep_alive), **cls.extra_headers}</msg>
<arg>${search.${PLATFORM_NAME}.resultList}</arg>
<doc>Waits until the element specified by the ``locator`` is visible.</doc>
<status status="PASS" start="2025-12-17T19:19:13.144011" elapsed="3.698630"/>
</kw>
<kw name="Get Text" owner="AppiumLibrary">
<msg time="2025-12-17T19:19:17.041290" level="INFO">Element 'xpath=(//android.widget.Button[@resource-id="Touchable"])[3]//android.widget.TextView[@resource-id="Typography"]' text is 'Kevin Kelly: How technology evolves' </msg>
<msg time="2025-12-17T19:19:17.041353" level="INFO">xpath criteria: (//android.widget.Button[@resource-id="Touchable"])[3]//android.widget.TextView[@resource-id="Typography"]</msg>
<msg time="2025-12-17T19:19:17.041382" level="INFO">/opt/hostedtoolcache/Python/3.12.12/x64/lib/python3.12/site-packages/appium/webdriver/appium_connection.py:65: UserWarning: Embedding username and password in URL could be insecure, use ClientConfig instead
  return {**super().get_remote_connection_headers(parsed_url, keep_alive=keep_alive), **cls.extra_headers}
/opt/hostedtoolcache/Python/3.12.12/x64/lib/python3.12/site-packages/appium/webdriver/appium_connection.py:65: UserWarning: Embedding username and password in URL could be insecure, use ClientConfig instead
  return {**super().get_remote_connection_headers(parsed_url, keep_alive=keep_alive), **cls.extra_headers}</msg>
<msg time="2025-12-17T19:19:17.041483" level="INFO">${result} = Kevin Kelly: How technology evolves</msg>
<var>${result}</var>
<arg>${search.${PLATFORM_NAME}.resultList}</arg>
<doc>Returns the text of the element with the ``locator``.</doc>
<status status="PASS" start="2025-12-17T19:19:16.842894" elapsed="0.198624"/>
</kw>
<kw name="Split String" owner="String">
<msg time="2025-12-17T19:19:17.042090" level="INFO">${speaker} = Kevin Kelly</msg>
<msg time="2025-12-17T19:19:17.042141" level="INFO">${title} = How technology evolves</msg>
<var>${speaker}</var>
<var>${title}</var>
<arg>${result}</arg>
<arg>separator=:${SPACE}</arg>
<doc>Splits the ``string`` using ``separator`` as a delimiter string.</doc>
<status status="PASS" start="2025-12-17T19:19:17.041725" elapsed="0.000442"/>
</kw>
<kw name="Set Test Variable" owner="BuiltIn">
<msg time="2025-12-17T19:19:17.042665" level="INFO">${speaker} = Kevin Kelly</msg>
<arg>${speaker}</arg>
<doc>Makes a variable available everywhere within the scope of the current test.</doc>
<status status="PASS" start="2025-12-17T19:19:17.042354" elapsed="0.000346"/>
</kw>
<kw name="Set Test Variable" owner="BuiltIn">
<msg time="2025-12-17T19:19:17.043031" level="INFO">${title} = How technology evolves</msg>
<arg>${title}</arg>
<doc>Makes a variable available everywhere within the scope of the current test.</doc>
<status status="PASS" start="2025-12-17T19:19:17.042804" elapsed="0.000259"/>
</kw>
<kw name="Click Element" owner="AppiumLibrary">
<msg time="2025-12-17T19:19:17.044435" level="INFO">Clicking element 'xpath=(//android.widget.Button[@resource-id="Touchable"])[3]//android.widget.TextView[@resource-id="Typography"]'.</msg>
<msg time="2025-12-17T19:19:17.336915" level="INFO">xpath criteria: (//android.widget.Button[@resource-id="Touchable"])[3]//android.widget.TextView[@resource-id="Typography"]</msg>
<msg time="2025-12-17T19:19:17.336972" level="INFO">/opt/hostedtoolcache/Python/3.12.12/x64/lib/python3.12/site-packages/appium/webdriver/appium_connection.py:65: UserWarning: Embedding username and password in URL could be insecure, use ClientConfig instead
  return {**super().get_remote_connection_headers(parsed_url, keep_alive=keep_alive), **cls.extra_headers}
/opt/hostedtoolcache/Python/3.12.12/x64/lib/python3.12/site-packages/appium/webdriver/appium_connection.py:65: UserWarning: Embedding username and password in URL could be insecure, use ClientConfig instead
  return {**super().get_remote_connection_headers(parsed_url, keep_alive=keep_alive), **cls.extra_headers}</msg>
<arg>${search.${PLATFORM_NAME}.resultList}</arg>
<doc>Clicks the element identified by ``locator``.</doc>
<status status="PASS" start="2025-12-17T19:19:17.043155" elapsed="0.293885"/>
</kw>
<kw name="Click Element" owner="AppiumLibrary">
<msg time="2025-12-17T19:19:17.338825" level="INFO">Clicking element 'xpath=(//android.widget.Button[@resource-id="Touchable"])[3]//android.widget.TextView[@resource-id="Typography"]'.</msg>
<msg time="2025-12-17T19:19:18.196624" level="INFO">xpath criteria: (//android.widget.Button[@resource-id="Touchable"])[3]//android.widget.TextView[@resource-id="Typography"]</msg>
<msg time="2025-12-17T19:19:18.196700" level="INFO">/opt/hostedtoolcache/Python/3.12.12/x64/lib/python3.12/site-packages/appium/webdriver/appium_connection.py:65: UserWarning: Embedding username and password in URL could be insecure, use ClientConfig instead
  return {**super().get_remote_connection_headers(parsed_url, keep_alive=keep_alive), **cls.extra_headers}
/opt/hostedtoolcache/Python/3.12.12/x64/lib/python3.12/site-packages/appium/webdriver/appium_connection.py:65: UserWarning: Embedding username and password in URL could be insecure, use ClientConfig instead
  return {**super().get_remote_connection_headers(parsed_url, keep_alive=keep_alive), **cls.extra_headers}</msg>
<arg>${search.${PLATFORM_NAME}.resultList}</arg>
<doc>Clicks the element identified by ``locator``.</doc>
<status status="PASS" start="2025-12-17T19:19:17.337204" elapsed="0.859562"/>
</kw>
<status status="PASS" start="2025-12-17T19:19:13.143624" elapsed="5.053301"/>
</kw>
<kw name="View Result Search" owner="resultSearchPage">
<kw name="Wait Until Element Is Visible" owner="AppiumLibrary">
<msg time="2025-12-17T19:19:19.488725" level="INFO">xpath criteria: (//android.widget.ImageView[@resource-id="CacheableImage"])[1]</msg>
<msg time="2025-12-17T19:19:19.488804" level="INFO">/opt/hostedtoolcache/Python/3.12.12/x64/lib/python3.12/site-packages/appium/webdriver/appium_connection.py:65: UserWarning: Embedding username and password in URL could be insecure, use ClientConfig instead
  return {**super().get_remote_connection_headers(parsed_url, keep_alive=keep_alive), **cls.extra_headers}
/opt/hostedtoolcache/Python/3.12.12/x64/lib/python3.12/site-packages/appium/webdriver/appium_connection.py:65: UserWarning: Embedding username and password in URL could be insecure, use ClientConfig instead
  return {**super().get_remote_connection_headers(parsed_url, keep_alive=keep_alive), **cls.extra_headers}</msg>
<arg>${resultSearch.${PLATFORM_NAME}.cacheableImage}</arg>
<doc>Waits until the element specified by the ``locator`` is visible.</doc>
<status status="PASS" start="2025-12-17T19:19:18.197602" elapsed="1.291290"/>
</kw>
<kw name="Element Should Contain Text" owner="AppiumLibrary">
<msg time="2025-12-17T19:19:19.490889" level="INFO">Verifying element '//android.widget.TextView[@resource-id="VideoTitle"]' contains text 'How technology evolves'.</msg>
<msg time="2025-12-17T19:19:19.771655" level="INFO">xpath criteria: //android.widget.TextView[@resource-id="VideoTitle"]</msg>
<msg time="2025-12-17T19:19:19.771706" level="INFO">/opt/hostedtoolcache/Python/3.12.12/x64/lib/python3.12/site-packages/appium/webdriver/appium_connection.py:65: UserWarning: Embedding username and password in URL could be insecure, use ClientConfig instead
  return {**super().get_remote_connection_headers(parsed_url, keep_alive=keep_alive), **cls.extra_headers}
/opt/hostedtoolcache/Python/3.12.12/x64/lib/python3.12/site-packages/appium/webdriver/appium_connection.py:65: UserWarning: Embedding username and password in URL could be insecure, use ClientConfig instead
  return {**super().get_remote_connection_headers(parsed_url, keep_alive=keep_alive), **cls.extra_headers}</msg>
<arg>${resultSearch.${PLATFORM_NAME}.videoTitle}</arg>
<arg>${title}</arg>
<doc>Verifies the element identified by ``locator`` contains the text ``expected``.</doc>
<status status="PASS" start="2025-12-17T19:19:19.489165" elapsed="0.282602"/>
</kw>
<kw name="Element Should Contain Text" owner="AppiumLibrary">
<msg time="2025-12-17T19:19:19.773651" level="INFO">Verifying element '//android.widget.TextView[@resource-id="VideoSpeakers"]' contains text 'Kevin Kelly'.</msg>
<msg time="2025-12-17T19:19:19.975643" level="INFO">xpath criteria: //android.widget.TextView[@resource-id="VideoSpeakers"]</msg>
<msg time="2025-12-17T19:19:19.975698" level="INFO">/opt/hostedtoolcache/Python/3.12.12/x64/lib/python3.12/site-packages/appium/webdriver/appium_connection.py:65: UserWarning: Embedding username and password in URL could be insecure, use ClientConfig instead
  return {**super().get_remote_connection_headers(parsed_url, keep_alive=keep_alive), **cls.extra_headers}
/opt/hostedtoolcache/Python/3.12.12/x64/lib/python3.12/site-packages/appium/webdriver/appium_connection.py:65: UserWarning: Embedding username and password in URL could be insecure, use ClientConfig instead
  return {**super().get_remote_connection_headers(parsed_url, keep_alive=keep_alive), **cls.extra_headers}</msg>
<arg>${resultSearch.${PLATFORM_NAME}.videoSpeaker}</arg>
<arg>${speaker}</arg>
<doc>Verifies the element identified by ``locator`` contains the text ``expected``.</doc>
<status status="PASS" start="2025-12-17T19:19:19.771997" elapsed="0.203774"/>
</kw>
<status status="PASS" start="2025-12-17T19:19:18.197195" elapsed="1.778700"/>
</kw>
<kw name="Run Keywords" owner="BuiltIn" type="TEARDOWN">
<kw name="Update Test Case Status in BrowserStack" owner="BrowserstackLibrary">
<msg time="2025-12-17T19:19:19.977725" level="INFO">Appium Session ID: 59896a7453c689da5fa2128b423b598ba97abb36</msg>
<msg time="2025-12-17T19:19:20.224186" level="INFO">PASS
{"status": "passed", "reason": "Test Passed"}</msg>
<doc>This keyword must be used as 'TEARDOWN TEST'. </doc>
<status status="PASS" start="2025-12-17T19:19:19.976707" elapsed="0.247533"/>
</kw>
<kw name="Close Application" owner="AppiumLibrary">
<msg time="2025-12-17T19:19:21.097187" level="INFO">/opt/hostedtoolcache/Python/3.12.12/x64/lib/python3.12/site-packages/appium/webdriver/appium_connection.py:65: UserWarning: Embedding username and password in URL could be insecure, use ClientConfig instead
  return {**super().get_remote_connection_headers(parsed_url, keep_alive=keep_alive), **cls.extra_headers}</msg>
<doc>Closes the current application and the webdriver session.</doc>
<status status="PASS" start="2025-12-17T19:19:20.224396" elapsed="0.872926"/>
</kw>
<arg>Update Test Case Status in BrowserStack</arg>
<arg>Close Application</arg>
<doc>Executes all the given keywords in a sequence.</doc>
<status status="PASS" start="2025-12-17T19:19:19.976203" elapsed="1.121220"/>
</kw>
<tag>regressivo</tag>
<status status="PASS" start="2025-12-17T19:18:36.243094" elapsed="44.854408"/>
</test>
<status status="PASS" start="2025-12-17T19:18:36.224616" elapsed="44.873341"/>
</suite>
<suite id="s1-s1-s3" name="Surpreenda-me" source="/home/runner/work/AppiumRobot/AppiumRobot/tests/Surpreenda-me.robot">
<test id="s1-s1-s3-t1" name="Cenário: Acessar Surpreenda-me" line="6">
<kw name="Open TED App" owner="openApp" type="SETUP">
<if>
<branch type="IF" condition="'${EMULATOR}' == 'local'">
<kw name="Open Application" owner="AppiumLibrary">
<arg>remote_url=http://localhost:4723</arg>
<arg>automationName=UIAutomator2</arg>
<arg>platformName=${PLATFORM_NAME}</arg>
<arg>deviceName=Google Pixel 7 Pro</arg>
<arg>app=/home/runner/work/AppiumRobot/AppiumRobot/resources/utils${/}..${/}app${/}app.apk</arg>
<arg>disableIdLocatorAutocompletion=${True}</arg>
<doc>Opens a new application to the given Appium server.
Capabilities of appium server, Android and iOS,
Please check https://appium.io/docs/en/2.19/guides/caps/
| *Option*            | *Man.* | *Description*     |
| remote_url          | Yes    | Appium server url |
| alias               | No     | alias             |</doc>
<status status="NOT RUN" start="2025-12-17T19:19:21.106469" elapsed="0.000021"/>
</kw>
<status status="NOT RUN" start="2025-12-17T19:19:21.106245" elapsed="0.000292"/>
</branch>
<branch type="ELSE IF" condition="'${EMULATOR}' == 'browserstack'">
<kw name="Open Application In Browserstack" owner="BrowserstackLibrary">
<msg time="2025-12-17T19:19:38.906062" level="INFO">/opt/hostedtoolcache/Python/3.12.12/x64/lib/python3.12/site-packages/appium/webdriver/appium_connection.py:65: UserWarning: Embedding username and password in URL could be insecure, use ClientConfig instead
  return {**super().get_remote_connection_headers(parsed_url, keep_alive=keep_alive), **cls.extra_headers}</msg>
<arg>automationName=UIAutomator2</arg>
<arg>platformName=${PLATFORM_NAME}</arg>
<arg>deviceName=Google Pixel 7 Pro</arg>
<arg>project=TED_ROBOTCOURSES</arg>
<arg>build=TED_%{GH_ACTIONS_RUNNER=LOCAL}</arg>
<arg>name=${TEST_NAME}</arg>
<arg>bstack:options=${BROWSERSTACK_OPTIONS}</arg>
<arg>disableIdLocatorAutocompletion=${True}</arg>
<arg>browserstack.idleTimeout=60</arg>
<arg>interactiveDebugging=${True}</arg>
<doc>This keyword will open the application in Browserstack, sending the desired 
capabilities that have been configured.</doc>
<status status="PASS" start="2025-12-17T19:19:21.106724" elapsed="17.799419"/>
</kw>
<status status="PASS" start="2025-12-17T19:19:21.106564" elapsed="17.799667"/>
</branch>
<status status="PASS" start="2025-12-17T19:19:21.106224" elapsed="17.800068"/>
</if>
<status status="PASS" start="2025-12-17T19:19:21.106062" elapsed="17.800299"/>
</kw>
<kw name="Access TED APP Without Login" owner="customKeywords">
<kw name="Click in Lets Go" owner="welcomePage">
<kw name="Wait Visible And Click Element" owner="customKeywords">
<kw name="Wait Until Element Is Visible" owner="AppiumLibrary">
<msg time="2025-12-17T19:19:41.170594" level="INFO">criteria is Next
criteria is Next</msg>
<msg time="2025-12-17T19:19:41.170678" level="INFO">/opt/hostedtoolcache/Python/3.12.12/x64/lib/python3.12/site-packages/appium/webdriver/appium_connection.py:65: UserWarning: Embedding username and password in URL could be insecure, use ClientConfig instead
  return {**super().get_remote_connection_headers(parsed_url, keep_alive=keep_alive), **cls.extra_headers}
/opt/hostedtoolcache/Python/3.12.12/x64/lib/python3.12/site-packages/appium/webdriver/appium_connection.py:65: UserWarning: Embedding username and password in URL could be insecure, use ClientConfig instead
  return {**super().get_remote_connection_headers(parsed_url, keep_alive=keep_alive), **cls.extra_headers}
/opt/hostedtoolcache/Python/3.12.12/x64/lib/python3.12/site-packages/appium/webdriver/appium_connection.py:65: UserWarning: Embedding username and password in URL could be insecure, use ClientConfig instead
  return {**super().get_remote_connection_headers(parsed_url, keep_alive=keep_alive), **cls.extra_headers}</msg>
<arg>${locator}</arg>
<doc>Waits until the element specified by the ``locator`` is visible.</doc>
<status status="PASS" start="2025-12-17T19:19:38.907696" elapsed="2.263061"/>
</kw>
<kw name="Click Element" owner="AppiumLibrary">
<msg time="2025-12-17T19:19:41.172691" level="INFO">Clicking element 'Next'.</msg>
[...]
</kw>
<kw name="Select Looking For" owner="lookingForPage">
<kw name="Wait Visible And Click Element" owner="customKeywords">
<kw name="Wait Until Element Is Visible" owner="AppiumLibrary">
<msg time="2025-12-17T19:19:46.041765" level="INFO">xpath criteria: //android.widget.TextView[@resource-id="Typography" and @text="Professional growth"]</msg>
<msg time="2025-12-17T19:19:46.041846" level="INFO">/opt/hostedtoolcache/Python/3.12.12/x64/lib/python3.12/site-packages/appium/webdriver/appium_connection.py:65: UserWarning: Embedding username and password in URL could be insecure, use ClientConfig instead
  return {**super().get_remote_connection_headers(parsed_url, keep_alive=keep_alive), **cls.extra_headers}
/opt/hostedtoolcache/Python/3.12.12/x64/lib/python3.12/site-packages/appium/webdriver/appium_connection.py:65: UserWarning: Embedding username and password in URL could be insecure, use ClientConfig instead
  return {**super().get_remote_connection_headers(parsed_url, keep_alive=keep_alive), **cls.extra_headers}</msg>
<arg>${locator}</arg>
<doc>Waits until the element specified by the ``locator`` is visible.</doc>
<status status="PASS" start="2025-12-17T19:19:44.988203" elapsed="1.053726"/>
</kw>
<kw name="Click Element" owner="AppiumLibrary">
<msg time="2025-12-17T19:19:46.043823" level="INFO">Clicking element '//android.widget.TextView[@resource-id="Typography" and @text="Professional growth"]'.</msg>
<msg time="2025-12-17T19:19:46.293563" level="INFO">xpath criteria: //android.widget.TextView[@resource-id="Typography" and @text="Professional growth"]</msg>
<msg time="2025-12-17T19:19:46.293630" level="INFO">/opt/hostedtoolcache/Python/3.12.12/x64/lib/python3.12/site-packages/appium/webdriver/appium_connection.py:65: UserWarning: Embedding username and password in URL could be insecure, use ClientConfig instead
  return {**super().get_remote_connection_headers(parsed_url, keep_alive=keep_alive), **cls.extra_headers}
/opt/hostedtoolcache/Python/3.12.12/x64/lib/python3.12/site-packages/appium/webdriver/appium_connection.py:65: UserWarning: Embedding username and password in URL could be insecure, use ClientConfig instead
  return {**super().get_remote_connection_headers(parsed_url, keep_alive=keep_alive), **cls.extra_headers}</msg>
<arg>${locator}</arg>
<doc>Clicks the element identified by ``locator``.</doc>
<status status="PASS" start="2025-12-17T19:19:46.042192" elapsed="0.251516"/>
</kw>
<arg>${lookingFor.${PLATFORM_NAME}.lookingForList.format(text='${lookingForName}')}</arg>
<status status="PASS" start="2025-12-17T19:19:44.987470" elapsed="1.306329"/>
</kw>
<kw name="Wait Enabled And Click Element" owner="customKeywords">
<kw name="Wait Until Element Is Enabled" owner="customKeywords">
<while condition="${True}">
<iter>
<kw name="Run Keyword And Return Status" owner="BuiltIn">
<kw name="Element Should Be Enabled" owner="AppiumLibrary">
<msg time="2025-12-17T19:19:46.295729" level="WARN">Keyword 'AppiumLibrary.Element Should Be Enabled' is deprecated. Use `Expect Element` instead
Verifies that the element identified by ``locator`` is enabled.</msg>
<msg time="2025-12-17T19:19:47.014550" level="INFO">Element 'Next' is enabled .</msg>
<msg time="2025-12-17T19:19:47.014645" level="INFO">criteria is Next</msg>
<msg time="2025-12-17T19:19:47.014676" level="INFO">/opt/hostedtoolcache/Python/3.12.12/x64/lib/python3.12/site-packages/appium/webdriver/appium_connection.py:65: UserWarning: Embedding username and password in URL could be insecure, use ClientConfig instead
  return {**super().get_remote_connection_headers(parsed_url, keep_alive=keep_alive), **cls.extra_headers}
/opt/hostedtoolcache/Python/3.12.12/x64/lib/python3.12/site-packages/appium/webdriver/appium_connection.py:65: UserWarning: Embedding username and password in URL could be insecure, use ClientConfig instead
  return {**super().get_remote_connection_headers(parsed_url, keep_alive=keep_alive), **cls.extra_headers}</msg>
<arg>${locator}</arg>
<doc>*DEPRECATED!!* Use `Expect Element` instead
Verifies that the element identified by ``locator`` is enabled.</doc>
<status status="PASS" start="2025-12-17T19:19:46.295707" elapsed="0.719032"/>
</kw>
<msg time="2025-12-17T19:19:47.014871" level="INFO">${status} = True</msg>
<var>${status}</var>
<arg>Element Should Be Enabled</arg>
<arg>${locator}</arg>
<doc>Runs the specified keyword and returns the status as a Boolean value.</doc>
<status status="PASS" start="2025-12-17T19:19:46.295406" elapsed="0.719495"/>
</kw>
<kw name="Exit For Loop If" owner="BuiltIn">
<msg time="2025-12-17T19:19:47.015576" level="INFO">Exiting for loop altogether.</msg>
<arg>${status}</arg>
<doc>Stops executing the enclosing FOR loop if the ``condition`` is true.</doc>
<status status="PASS" start="2025-12-17T19:19:47.015111" elapsed="0.000561"/>
</kw>
<status status="PASS" start="2025-12-17T19:19:46.295185" elapsed="0.720533"/>
</iter>
<status status="PASS" start="2025-12-17T19:19:46.295183" elapsed="0.720570"/>
</while>
<arg>${locator}</arg>
<timeout value="10 seconds"/>
<status status="PASS" start="2025-12-17T19:19:46.294961" elapsed="0.720864"/>
</kw>
<kw name="Click Element" owner="AppiumLibrary">
<msg time="2025-12-17T19:19:47.016892" level="INFO">Clicking element 'Next'.</msg>
<msg time="2025-12-17T19:19:47.199082" level="INFO">criteria is Next</msg>
<msg time="2025-12-17T19:19:47.199133" level="INFO">/opt/hostedtoolcache/Python/3.12.12/x64/lib/python3.12/site-packages/appium/webdriver/appium_connection.py:65: UserWarning: Embedding username and password in URL could be insecure, use ClientConfig instead
  return {**super().get_remote_connection_headers(parsed_url, keep_alive=keep_alive), **cls.extra_headers}
/opt/hostedtoolcache/Python/3.12.12/x64/lib/python3.12/site-packages/appium/webdriver/appium_connection.py:65: UserWarning: Embedding username and password in URL could be insecure, use ClientConfig instead
  return {**super().get_remote_connection_headers(parsed_url, keep_alive=keep_alive), **cls.extra_headers}</msg>
<arg>${locator}</arg>
<doc>Clicks the element identified by ``locator``.</doc>
<status status="PASS" start="2025-12-17T19:19:47.015929" elapsed="0.183316"/>
</kw>
<arg>${lookingFor.nextButton}</arg>
<status status="PASS" start="2025-12-17T19:19:46.294050" elapsed="0.905314"/>
</kw>
<arg>${lookingFor}</arg>
<status status="PASS" start="2025-12-17T19:19:44.986994" elapsed="2.212446"/>
</kw>
<kw name="Skip Sing In" owner="signInPage">
<kw name="Wait Visible And Click Element" owner="customKeywords">
<kw name="Wait Until Element Is Visible" owner="AppiumLibrary">
<msg time="2025-12-17T19:19:48.294068" level="INFO">criteria is SkipSignInLink</msg>
<msg time="2025-12-17T19:19:48.294149" level="INFO">/opt/hostedtoolcache/Python/3.12.12/x64/lib/python3.12/site-packages/appium/webdriver/appium_connection.py:65: UserWarning: Embedding username and password in URL could be insecure, use ClientConfig instead
  return {**super().get_remote_connection_headers(parsed_url, keep_alive=keep_alive), **cls.extra_headers}
/opt/hostedtoolcache/Python/3.12.12/x64/lib/python3.12/site-packages/appium/webdriver/appium_connection.py:65: UserWarning: Embedding username and password in URL could be insecure, use ClientConfig instead
  return {**super().get_remote_connection_headers(parsed_url, keep_alive=keep_alive), **cls.extra_headers}</msg>
<arg>${locator}</arg>
<doc>Waits until the element specified by the ``locator`` is visible.</doc>
<status status="PASS" start="2025-12-17T19:19:47.200759" elapsed="1.093471"/>
</kw>
<kw name="Click Element" owner="AppiumLibrary">
<msg time="2025-12-17T19:19:48.295880" level="INFO">Clicking element 'SkipSignInLink'.</msg>
<msg time="2025-12-17T19:19:48.489666" level="INFO">criteria is SkipSignInLink</msg>
<msg time="2025-12-17T19:19:48.489720" level="INFO">/opt/hostedtoolcache/Python/3.12.12/x64/lib/python3.12/site-packages/appium/webdriver/appium_connection.py:65: UserWarning: Embedding username and password in URL could be insecure, use ClientConfig instead
  return {**super().get_remote_connection_headers(parsed_url, keep_alive=keep_alive), **cls.extra_headers}
/opt/hostedtoolcache/Python/3.12.12/x64/lib/python3.12/site-packages/appium/webdriver/appium_connection.py:65: UserWarning: Embedding username and password in URL could be insecure, use ClientConfig instead
  return {**super().get_remote_connection_headers(parsed_url, keep_alive=keep_alive), **cls.extra_headers}</msg>
<arg>${locator}</arg>
<doc>Clicks the element identified by ``locator``.</doc>
<status status="PASS" start="2025-12-17T19:19:48.294518" elapsed="0.195280"/>
</kw>
<arg>${signIn.skipButton}</arg>
<status status="PASS" start="2025-12-17T19:19:47.200018" elapsed="1.289890"/>
</kw>
<status status="PASS" start="2025-12-17T19:19:47.199647" elapsed="1.290324"/>
</kw>
<kw name="View Home" owner="homePage">
<kw name="Wait Until Element Is Visible" owner="AppiumLibrary">
<msg time="2025-12-17T19:19:50.617727" level="INFO">criteria is HomeScreen
criteria is HomeScreen</msg>
<msg time="2025-12-17T19:19:50.617801" level="INFO">/opt/hostedtoolcache/Python/3.12.12/x64/lib/python3.12/site-packages/appium/webdriver/appium_connection.py:65: UserWarning: Embedding username and password in URL could be insecure, use ClientConfig instead
  return {**super().get_remote_connection_headers(parsed_url, keep_alive=keep_alive), **cls.extra_headers}
/opt/hostedtoolcache/Python/3.12.12/x64/lib/python3.12/site-packages/appium/webdriver/appium_connection.py:65: UserWarning: Embedding username and password in URL could be insecure, use ClientConfig instead
  return {**super().get_remote_connection_headers(parsed_url, keep_alive=keep_alive), **cls.extra_headers}
/opt/hostedtoolcache/Python/3.12.12/x64/lib/python3.12/site-packages/appium/webdriver/appium_connection.py:65: UserWarning: Embedding username and password in URL could be insecure, use ClientConfig instead
  return {**super().get_remote_connection_headers(parsed_url, keep_alive=keep_alive), **cls.extra_headers}</msg>
<arg>${home.${PLATFORM_NAME}.homeScreen}</arg>
<doc>Waits until the element specified by the ``locator`` is visible.</doc>
<status status="PASS" start="2025-12-17T19:19:48.490516" elapsed="2.127362"/>
</kw>
<status status="PASS" start="2025-12-17T19:19:48.490173" elapsed="2.127805"/>
</kw>
<arg>interest=Technology</arg>
<arg>lookingFor=Professional growth</arg>
<status status="PASS" start="2025-12-17T19:19:38.906627" elapsed="11.711413"/>
</kw>
<kw name="Click in Surprise Me" owner="homePage">
<kw name="Swipe Until Element Is Visible" owner="customKeywords">
<kw name="Get Window Width" owner="AppiumLibrary">
<msg time="2025-12-17T19:19:50.685144" level="INFO">/opt/hostedtoolcache/Python/3.12.12/x64/lib/python3.12/site-packages/appium/webdriver/appium_connection.py:65: UserWarning: Embedding username and password in URL could be insecure, use ClientConfig instead
  return {**super().get_remote_connection_headers(parsed_url, keep_alive=keep_alive), **cls.extra_headers}</msg>
<msg time="2025-12-17T19:19:50.685311" level="INFO">${x} = 1080</msg>
<var>${x}</var>
<doc>Returns the current device window width.</doc>
<status status="PASS" start="2025-12-17T19:19:50.619536" elapsed="0.065821"/>
</kw>
<kw name="Get Window Height" owner="AppiumLibrary">
<msg time="2025-12-17T19:19:50.746643" level="INFO">/opt/hostedtoolcache/Python/3.12.12/x64/lib/python3.12/site-packages/appium/webdriver/appium_connection.py:65: UserWarning: Embedding username and password in URL could be insecure, use ClientConfig instead
  return {**super().get_remote_connection_headers(parsed_url, keep_alive=keep_alive), **cls.extra_headers}</msg>
<msg time="2025-12-17T19:19:50.746788" level="INFO">${y} = 2179</msg>
<var>${y}</var>
<doc>Returns the current device window height.</doc>
<status status="PASS" start="2025-12-17T19:19:50.685564" elapsed="0.061270"/>
</kw>
<kw name="Evaluate" owner="BuiltIn">
<msg time="2025-12-17T19:19:50.747562" level="INFO">${start_x} = 540.0</msg>
<var>${start_x}</var>
<arg>${x} / 2</arg>
<doc>Evaluates the given expression in Python and returns the result.</doc>
<status status="PASS" start="2025-12-17T19:19:50.747051" elapsed="0.000541"/>
</kw>
<kw name="Evaluate" owner="BuiltIn">
<msg time="2025-12-17T19:19:50.747979" level="INFO">${start_y} = 1089.5</msg>
<var>${start_y}</var>
<arg>${y} / 2</arg>
<doc>Evaluates the given expression in Python and returns the result.</doc>
<status status="PASS" start="2025-12-17T19:19:50.747701" elapsed="0.000301"/>
</kw>
<while condition="${True}">
<iter>
<kw name="Run Keyword And Return Status" owner="BuiltIn">
<kw name="Wait Until Element Is Visible" owner="AppiumLibrary">
<msg time="2025-12-17T19:19:50.954925" level="INFO">criteria is BottomTab_SurpriseMe</msg>
<msg time="2025-12-17T19:19:50.954988" level="INFO">/opt/hostedtoolcache/Python/3.12.12/x64/lib/python3.12/site-packages/appium/webdriver/appium_connection.py:65: UserWarning: Embedding username and password in URL could be insecure, use ClientConfig instead
  return {**super().get_remote_connection_headers(parsed_url, keep_alive=keep_alive), **cls.extra_headers}
/opt/hostedtoolcache/Python/3.12.12/x64/lib/python3.12/site-packages/appium/webdriver/appium_connection.py:65: UserWarning: Embedding username and password in URL could be insecure, use ClientConfig instead
  return {**super().get_remote_connection_headers(parsed_url, keep_alive=keep_alive), **cls.extra_headers}</msg>
<arg>${locator}</arg>
<arg>1</arg>
<doc>Waits until the element specified by the ``locator`` is visible.</doc>
<status status="PASS" start="2025-12-17T19:19:50.748560" elapsed="0.206498"/>
</kw>
<msg time="2025-12-17T19:19:50.955192" level="INFO">${status} = True</msg>
<var>${status}</var>
<arg>Wait Until Element Is Visible</arg>
<arg>${locator}</arg>
<arg>1</arg>
<doc>Runs the specified keyword and returns the status as a Boolean value.</doc>
<status status="PASS" start="2025-12-17T19:19:50.748296" elapsed="0.206935"/>
</kw>
<if>
<branch type="IF" condition="${status}">
<kw name="Exit For Loop" owner="BuiltIn">
<msg time="2025-12-17T19:19:50.955747" level="INFO">Exiting for loop altogether.</msg>
<doc>Stops executing the enclosing FOR loop.</doc>
<status status="PASS" start="2025-12-17T19:19:50.955573" elapsed="0.000229"/>
</kw>
<status status="PASS" start="2025-12-17T19:19:50.955399" elapsed="0.000475"/>
</branch>
<status status="PASS" start="2025-12-17T19:19:50.955372" elapsed="0.000532"/>
</if>
<kw name="Swipe" owner="AppiumLibrary">
<arg>start_x=${start_x}</arg>
<arg>start_y=${start_y}</arg>
<arg>offset_x=${start_x}</arg>
<arg>offset_y=0</arg>
<doc>Swipes from one point to another point, for an optional ``duration``.</doc>
<status status="NOT RUN" start="2025-12-17T19:19:50.955994" elapsed="0.000018"/>
</kw>
<status status="PASS" start="2025-12-17T19:19:50.748048" elapsed="0.207995"/>
</iter>
<status status="PASS" start="2025-12-17T19:19:50.748046" elapsed="0.208019"/>
</while>
<arg>${home.${PLATFORM_NAME}.surpriseMeButton}</arg>
<status status="PASS" start="2025-12-17T19:19:50.618797" elapsed="0.337310"/>
</kw>
<kw name="Click Element" owner="AppiumLibrary">
<msg time="2025-12-17T19:19:50.957434" level="INFO">Clicking element 'BottomTab_SurpriseMe'.</msg>
<msg time="2025-12-17T19:19:51.185209" level="INFO">criteria is BottomTab_SurpriseMe</msg>
<msg time="2025-12-17T19:19:51.185300" level="INFO">/opt/hostedtoolcache/Python/3.12.12/x64/lib/python3.12/site-packages/appium/webdriver/appium_connection.py:65: UserWarning: Embedding username and password in URL could be insecure, use ClientConfig instead
  return {**super().get_remote_connection_headers(parsed_url, keep_alive=keep_alive), **cls.extra_headers}
/opt/hostedtoolcache/Python/3.12.12/x64/lib/python3.12/site-packages/appium/webdriver/appium_connection.py:65: UserWarning: Embedding username and password in URL could be insecure, use ClientConfig instead
  return {**super().get_remote_connection_headers(parsed_url, keep_alive=keep_alive), **cls.extra_headers}</msg>
<arg>${home.${PLATFORM_NAME}.surpriseMeButton}</arg>
<doc>Clicks the element identified by ``locator``.</doc>
<status status="PASS" start="2025-12-17T19:19:50.956192" elapsed="0.229178"/>
</kw>
<status status="PASS" start="2025-12-17T19:19:50.618317" elapsed="0.567159"/>
</kw>
<kw name="Run Keywords" owner="BuiltIn" type="TEARDOWN">
<kw name="Update Test Case Status in BrowserStack" owner="BrowserstackLibrary">
<msg time="2025-12-17T19:19:51.187400" level="INFO">Appium Session ID: bc660ab94b67a506e7414a4cc62d94b50af0d293</msg>
<msg time="2025-12-17T19:19:51.724115" level="INFO">PASS
{"status": "passed", "reason": "Test Passed"}</msg>
<doc>This keyword must be used as 'TEARDOWN TEST'. </doc>
<status status="PASS" start="2025-12-17T19:19:51.186315" elapsed="0.537874"/>
</kw>
<kw name="Close Application" owner="AppiumLibrary">
<msg time="2025-12-17T19:19:52.709763" level="INFO">/opt/hostedtoolcache/Python/3.12.12/x64/lib/python3.12/site-packages/appium/webdriver/appium_connection.py:65: UserWarning: Embedding username and password in URL could be insecure, use ClientConfig instead
  return {**super().get_remote_connection_headers(parsed_url, keep_alive=keep_alive), **cls.extra_headers}</msg>
<doc>Closes the current application and the webdriver session.</doc>
<status status="PASS" start="2025-12-17T19:19:51.724387" elapsed="0.985486"/>
</kw>
<arg>Update Test Case Status in BrowserStack</arg>
<arg>Close Application</arg>
<doc>Executes all the given keywords in a sequence.</doc>
<status status="PASS" start="2025-12-17T19:19:51.185813" elapsed="1.524147"/>
</kw>
<tag>regressivo</tag>
<status status="PASS" start="2025-12-17T19:19:21.105569" elapsed="31.604457"/>
</test>
<status status="PASS" start="2025-12-17T19:19:21.098554" elapsed="31.611876"/>
</suite>
<status status="PASS" start="2025-12-17T19:17:57.868073" elapsed="114.842956"/>
</suite>
<status status="PASS" start="2025-12-17T19:17:57.837014" elapsed="114.874568"/>
</suite>
<statistics>
<total>
<stat pass="3" fail="0" skip="0">All Tests</stat>
</total>
<tag>
<stat pass="3" fail="0" skip="0">regressivo</stat>
</tag>
<suite>
<stat name="AppiumRobot" id="s1" pass="3" fail="0" skip="0">AppiumRobot</stat>
<stat name="Tests" id="s1-s1" pass="3" fail="0" skip="0">AppiumRobot.Tests</stat>
<stat name="Acessar-App" id="s1-s1-s1" pass="1" fail="0" skip="0">AppiumRobot.Tests.Acessar-App</stat>
<stat name="Pesquisar-Video" id="s1-s1-s2" pass="1" fail="0" skip="0">AppiumRobot.Tests.Pesquisar-Video</stat>
<stat name="Surpreenda-me" id="s1-s1-s3" pass="1" fail="0" skip="0">AppiumRobot.Tests.Surpreenda-me</stat>
</suite>
</statistics>
<errors>
<msg time="2025-12-17T19:18:27.918763" level="WARN">Keyword 'AppiumLibrary.Element Should Be Enabled' is deprecated. Use `Expect Element` instead
Verifies that the element identified by ``locator`` is enabled.</msg>
<msg time="2025-12-17T19:18:30.418680" level="WARN">Keyword 'AppiumLibrary.Element Should Be Enabled' is deprecated. Use `Expect Element` instead
Verifies that the element identified by ``locator`` is enabled.</msg>
<msg time="2025-12-17T19:18:59.446886" level="WARN">Keyword 'AppiumLibrary.Element Should Be Enabled' is deprecated. Use `Expect Element` instead
Verifies that the element identified by ``locator`` is enabled.</msg>
<msg time="2025-12-17T19:19:02.503777" level="WARN">Keyword 'AppiumLibrary.Element Should Be Enabled' is deprecated. Use `Expect Element` instead
Verifies that the element identified by ``locator`` is enabled.</msg>
<msg time="2025-12-17T19:19:44.018736" level="WARN">Keyword 'AppiumLibrary.Element Should Be Enabled' is deprecated. Use `Expect Element` instead
Verifies that the element identified by ``locator`` is enabled.</msg>
<msg time="2025-12-17T19:19:46.295729" level="WARN">Keyword 'AppiumLibrary.Element Should Be Enabled' is deprecated. Use `Expect Element` instead
Verifies that the element identified by ``locator`` is enabled.</msg>
</errors>
</robot>
